 vertexID clusterID
0 0 0
1 1 0
2 2 0
3 3 0
4 4 0
5 5 0
6 6 0
7 7 0
8 8 0
9 9 0
10 10 0
11 11 0
12 12 0
13 13 0
14 14 0
15 15 0
16 16 0
17 17 0
18 18 0
19 19 0
20 20 0
21 21 0
22 22 0
23 23 0
24 24 0
25 25 0
26 26 0
27 27 0
28 28 0
29 29 0
30 30 0
31 31 0
32 32 0
33 33 0
34 34 0
35 35 0
36 36 0
37 37 0
38 38 0
39 39 0
40 40 0
41 41 0
42 42 0
43 43 0
44 44 0
45 45 0
46 46 0
47 47 0
48 48 0
49 49 0
50 50 0
51 51 0
52 52 0
53 53 0
54 54 0
55 55 0
56 56 0
57 57 0
58 58 0
59 59 0
60 60 0
61 61 0
62 62 0
63 63 0
64 64 0
65 65 0
66 66 0
67 67 0
68 68 0
69 69 0
70 70 0
71 71 0
72 72 0
73 73 0
74 74 0
75 75 0
76 76 0
77 77 0
78 78 0
79 79 0
80 80 0
81 81 0
82 82 0
83 83 0
84 84 0
85 85 0
86 86 0
87 87 0
88 88 0
89 89 0
90 90 0
91 91 0
92 92 0
93 93 0
94 94 0
95 95 0
96 96 0
97 97 0
98 98 0
99 99 0
100 100 0
101 101 0
102 102 0
103 103 0
104 104 0
105 105 0
106 106 0
107 107 0
108 108 0
109 109 0
110 110 0
111 111 0
112 112 0
113 113 0
114 114 0
115 115 0
116 116 0
117 117 0
118 118 0
119 119 0
120 120 0
121 121 0
122 122 0
123 123 0
124 124 0
125 125 0
126 126 0
127 127 0
128 128 0
129 129 0
130 130 0
131 131 0
132 132 0
133 133 0
134 134 0
135 135 0
136 136 0
137 137 0
138 138 0
139 139 0
140 140 0
141 141 0
142 142 0
143 143 0
144 144 0
145 145 0
146 146 0
147 147 0
148 148 0
149 149 0
150 150 0
151 151 0
152 152 0
153 153 0
154 154 0
155 155 0
156 156 0
157 157 0
158 158 0
159 159 0
160 160 0
161 161 0
162 162 0
163 163 0
164 164 0
165 165 0
166 166 0
167 167 0
168 168 0
169 169 0
170 170 0
171 171 0
172 172 0
173 173 0
174 174 0
175 175 0
176 176 0
177 177 0
178 178 0
179 179 0
180 180 0
181 181 0
182 182 0
183 183 0
184 184 0
185 185 0
186 186 0
187 187 0
188 188 0
189 189 0
190 190 0
191 191 0
192 192 0
193 193 0
194 194 0
195 195 0
196 196 0
197 197 0
198 198 0
199 199 0
200 200 0
201 201 0
202 202 0
203 203 0
204 204 0
205 205 0
206 206 0
207 207 0
208 208 0
209 209 0
210 210 0
211 211 0
212 212 0
213 213 0
214 214 0
215 215 0
216 216 0
217 217 0
218 218 0
219 219 0
220 220 0
221 221 0
222 222 0
223 223 0
224 224 0
225 225 0
226 226 0
227 227 0
228 228 0
229 229 0
230 230 0
231 231 0
232 232 0
233 233 0
234 234 0
235 235 0
236 236 0
237 237 0
238 238 0
239 239 0
240 240 0
241 241 0
242 242 0
243 243 0
244 244 0
245 245 0
246 246 0
247 247 0
248 248 0
249 249 0
250 250 0
251 251 0
252 252 0
253 253 0
254 254 0
255 255 0
256 256 0
257 257 0
258 258 0
259 259 0
260 260 0
261 261 0
262 262 0
263 263 0
264 264 0
265 265 0
266 266 0
267 267 0
268 268 0
269 269 0
270 270 0
271 271 0
272 272 0
273 273 0
274 274 0
275 275 0
276 276 0
277 277 0
278 278 0
279 279 0
280 280 0
281 281 0
282 282 0
283 283 0
284 284 0
285 285 0
286 286 0
287 287 0
288 288 0
289 289 0
290 290 0
291 291 0
292 292 0
293 293 0
294 294 0
295 295 0
296 296 0
297 297 0
298 298 0
299 299 0
300 300 0
301 301 0
302 302 0
303 303 0
304 304 0
305 305 0
306 306 0
307 307 0
308 308 0
309 309 0
310 310 0
311 311 0
312 312 0
313 313 0
314 314 0
315 315 0
316 316 0
317 317 0
318 318 0
319 319 0
320 320 0
321 321 0
322 322 0
323 323 0
324 324 0
325 325 0
326 326 0
327 327 0
328 328 0
329 329 0
330 330 0
331 331 0
332 332 0
333 333 0
334 334 0
335 335 0
336 336 0
337 337 0
338 338 0
339 339 0
340 340 0
341 341 0
342 342 0
343 343 0
344 344 0
345 345 0
346 346 0
347 347 0
348 348 0
349 349 0
350 350 0
351 351 0
352 352 0
353 353 0
354 354 0
355 355 0
356 356 0
357 357 0
358 358 0
359 359 0
360 360 0
361 361 0
362 362 0
363 363 0
364 364 0
365 365 0
366 366 0
367 367 0
368 368 0
369 369 0
370 370 0
371 371 0
372 372 0
373 373 0
374 374 0
375 375 0
376 376 0
377 377 0
378 378 0
379 379 0
380 380 0
381 381 0
382 382 0
383 383 0
384 384 0
385 385 0
386 386 0
387 387 0
388 388 0
389 389 0
390 390 0
391 391 0
392 392 0
393 393 0
394 394 0
395 395 0
396 396 0
397 397 0
398 398 0
399 399 0
400 400 0
401 401 0
402 402 0
403 403 0
404 404 0
405 405 0
406 406 0
407 407 0
408 408 0
409 409 0
410 410 0
411 411 0
412 412 0
413 413 0
414 414 0
415 415 0
416 416 0
417 417 0
418 418 0
419 419 0
420 420 0
421 421 0
422 422 0
423 423 0
424 424 0
425 425 0
426 426 0
427 427 0
428 428 0
429 429 0
430 430 0
431 431 0
432 432 0
433 433 0
434 434 0
435 435 0
436 436 0
437 437 0
438 438 0
439 439 0
440 440 0
441 441 0
442 442 0
443 443 0
444 444 0
445 445 0
446 446 0
447 447 0
448 448 0
449 449 0
450 450 0
451 451 0
452 452 0
453 453 0
454 454 0
455 455 0
456 456 0
457 457 0
458 458 0
459 459 0
460 460 0
461 461 0
462 462 0
463 463 0
464 464 0
465 465 0
466 466 0
467 467 0
468 468 0
469 469 0
470 470 0
471 471 0
472 472 0
473 473 0
474 474 0
475 475 0
476 476 0
477 477 0
478 478 0
479 479 0
480 480 0
481 481 0
482 482 0
483 483 0
484 484 0
485 485 0
486 486 0
487 487 0
488 488 0
489 489 0
490 490 0
491 491 0
492 492 0
493 493 0
494 494 0
495 495 0
496 496 0
497 497 0
498 498 0
499 499 0
500 500 0
501 501 0
502 502 0
503 503 0
504 504 0
505 505 0
506 506 0
507 507 0
508 508 0
509 509 0
510 510 0
511 511 0
512 512 0
513 513 0
514 514 0
515 515 0
516 516 0
517 517 0
518 518 0
519 519 0
520 520 0
521 521 0
522 522 0
523 523 0
524 524 0
525 525 0
526 526 0
527 527 0
528 528 0
529 529 0
530 530 0
531 531 0
532 532 0
533 533 0
534 534 0
535 535 0
536 536 0
537 537 0
538 538 0
539 539 0
540 540 0
541 541 0
542 542 0
543 543 0
544 544 0
545 545 0
546 546 0
547 547 0
548 548 0
549 549 0
550 550 0
551 551 0
552 552 0
553 553 0
554 554 0
555 555 0
556 556 0
557 557 0
558 558 0
559 559 0
560 560 0
561 561 0
562 562 0
563 563 0
564 564 0
565 565 0
566 566 0
567 567 0
568 568 0
569 569 0
570 570 0
571 571 0
572 572 0
573 573 0
574 574 0
575 575 0
576 576 0
577 577 0
578 578 0
579 579 0
580 580 0
581 581 0
582 582 0
583 583 0
584 584 0
585 585 0
586 586 0
587 587 0
588 588 0
589 589 0
590 590 0
591 591 0
592 592 0
593 593 0
594 594 0
595 595 0
596 596 0
597 597 0
598 598 0
599 599 0
600 600 0
601 601 0
602 602 0
603 603 0
604 604 0
605 605 0
606 606 0
607 607 0
608 608 0
609 609 0
610 610 0
611 611 0
612 612 0
613 613 0
614 614 0
615 615 0
616 616 0
617 617 0
618 618 0
619 619 0
620 620 0
621 621 0
622 622 0
623 623 0
624 624 0
625 625 0
626 626 0
627 627 0
628 628 0
629 629 0
630 630 0
631 631 0
632 632 0
633 633 0
634 634 0
635 635 0
636 636 0
637 637 0
638 638 0
639 639 0
640 640 0
641 641 0
642 642 0
643 643 0
644 644 0
645 645 0
646 646 0
647 647 0
648 648 0
649 649 0
650 650 0
651 651 0
652 652 0
653 653 0
654 654 0
655 655 0
656 656 0
657 657 0
658 658 0
659 659 0
660 660 0
661 661 0
662 662 0
663 663 0
664 664 0
665 665 0
666 666 0
667 667 0
668 668 0
669 669 0
670 670 0
671 671 0
672 672 0
673 673 0
674 674 0
675 675 0
676 676 0
677 677 0
678 678 0
679 679 0
680 680 0
681 681 0
682 682 0
683 683 0
684 684 0
685 685 0
686 686 0
687 687 0
688 688 0
689 689 0
690 690 0
691 691 0
692 692 0
693 693 0
694 694 0
695 695 0
696 696 0
697 697 0
698 698 0
699 699 0
700 700 0
701 701 0
702 702 0
703 703 0
704 704 0
705 705 0
706 706 0
707 707 0
708 708 0
709 709 0
710 710 0
711 711 0
712 712 0
713 713 0
714 714 0
715 715 0
716 716 0
717 717 0
718 718 0
719 719 0
720 720 0
721 721 0
722 722 0
723 723 0
724 724 0
725 725 0
726 726 0
727 727 0
728 728 0
729 729 0
730 730 0
731 731 0
732 732 0
733 733 0
734 734 0
735 735 0
736 736 0
737 737 0
738 738 0
739 739 0
740 740 0
741 741 0
742 742 0
743 743 0
744 744 0
745 745 0
746 746 0
747 747 0
748 748 0
749 749 0
750 750 0
751 751 0
752 752 0
753 753 0
754 754 0
755 755 0
756 756 0
757 757 0
758 758 0
759 759 0
760 760 0
761 761 0
762 762 0
763 763 0
764 764 0
765 765 0
766 766 0
767 767 0
768 768 0
769 769 0
770 770 0
771 771 0
772 772 0
773 773 0
774 774 0
775 775 0
776 776 0
777 777 0
778 778 0
779 779 0
780 780 0
781 781 0
782 782 0
783 783 0
784 784 0
785 785 0
786 786 0
787 787 0
788 788 0
789 789 0
790 790 0
791 791 0
792 792 0
793 793 0
794 794 0
795 795 0
796 796 0
797 797 0
798 798 0
799 799 0
800 800 0
801 801 0
802 802 0
803 803 0
804 804 0
805 805 0
806 806 0
807 807 0
808 808 0
809 809 0
810 810 0
811 811 0
812 812 0
813 813 0
814 814 0
815 815 0
816 816 0
817 817 0
818 818 0
819 819 0
820 820 0
821 821 0
822 822 0
823 823 0
824 824 0
825 825 0
826 826 0
827 827 0
828 828 0
829 829 0
830 830 0
831 831 0
832 832 0
833 833 0
834 834 0
835 835 0
836 836 0
837 837 0
838 838 0
839 839 0
840 840 0
841 841 0
842 842 0
843 843 0
844 844 0
845 845 0
846 846 0
847 847 0
848 848 0
849 849 0
850 850 0
851 851 0
852 852 0
853 853 0
854 854 0
855 855 0
856 856 0
857 857 0
858 858 0
859 859 0
860 860 0
861 861 0
862 862 0
863 863 0
864 864 0
865 865 0
866 866 0
867 867 0
868 868 0
869 869 0
870 870 0
871 871 0
872 872 0
873 873 0
874 874 0
875 875 0
876 876 0
877 877 0
878 878 0
879 879 0
880 880 0
881 881 0
882 882 0
883 883 0
884 884 0
885 885 0
886 886 0
887 887 0
888 888 0
889 889 0
890 890 0
891 891 0
892 892 0
893 893 0
894 894 0
895 895 0
896 896 0
897 897 0
898 898 0
899 899 0
900 900 0
901 901 0
902 902 0
903 903 0
904 904 0
905 905 0
906 906 0
907 907 0
908 908 0
909 909 0
910 910 0
911 911 0
912 912 0
913 913 0
914 914 0
915 915 0
916 916 0
917 917 0
918 918 0
919 919 0
920 920 0
921 921 0
922 922 0
923 923 0
924 924 0
925 925 0
926 926 0
927 927 0
928 928 0
929 929 0
930 930 0
931 931 0
932 932 0
933 933 0
934 934 0
935 935 0
936 936 0
937 937 0
938 938 0
939 939 0
940 940 0
941 941 0
942 942 0
943 943 0
944 944 0
945 945 0
946 946 0
947 947 0
948 948 0
949 949 0
950 950 0
951 951 0
952 952 0
953 953 0
954 954 0
955 955 0
956 956 0
957 957 0
958 958 0
959 959 0
960 960 0
961 961 0
962 962 0
963 963 0
964 964 0
965 965 0
966 966 0
967 967 0
968 968 0
969 969 0
970 970 0
971 971 0
972 972 0
973 973 0
974 974 0
975 975 0
976 976 0
977 977 0
978 978 0
979 979 0
980 980 0
981 981 0
982 982 0
983 983 0
984 984 0
985 985 0
986 986 0
987 987 0
988 988 0
989 989 0
990 990 0
991 991 0
992 992 0
993 993 0
994 994 0
995 995 0
996 996 0
997 997 0
998 998 0
999 999 0
1000 1000 0
1001 1001 0
1002 1002 0
1003 1003 0
1004 1004 0
1005 1005 0
1006 1006 0
1007 1007 0
1008 1008 0
1009 1009 0
1010 1010 0
1011 1011 0
1012 1012 0
1013 1013 0
1014 1014 0
1015 1015 0
1016 1016 0
1017 1017 0
1018 1018 0
1019 1019 0
1020 1020 0
1021 1021 0
1022 1022 0
1023 1023 0
1024 1024 0
1025 1025 0
1026 1026 0
1027 1027 0
1028 1028 0
1029 1029 0
1030 1030 0
1031 1031 0
1032 1032 0
1033 1033 0
1034 1034 0
1035 1035 0
1036 1036 0
1037 1037 0
1038 1038 0
1039 1039 0
1040 1040 0
1041 1041 0
1042 1042 0
1043 1043 0
1044 1044 0
1045 1045 0
1046 1046 0
1047 1047 0
1048 1048 0
1049 1049 0
1050 1050 0
1051 1051 0
1052 1052 0
1053 1053 0
1054 1054 0
1055 1055 0
1056 1056 0
1057 1057 0
1058 1058 0
1059 1059 0
1060 1060 0
1061 1061 0
1062 1062 0
1063 1063 0
1064 1064 0
1065 1065 0
1066 1066 0
1067 1067 0
1068 1068 0
1069 1069 0
1070 1070 0
1071 1071 0
1072 1072 0
1073 1073 0
1074 1074 0
1075 1075 0
1076 1076 0
1077 1077 0
1078 1078 0
1079 1079 0
1080 1080 0
1081 1081 0
1082 1082 0
1083 1083 0
1084 1084 0
1085 1085 0
1086 1086 0
1087 1087 0
1088 1088 0
1089 1089 0
1090 1090 0
1091 1091 0
1092 1092 0
1093 1093 0
1094 1094 0
1095 1095 0
1096 1096 0
1097 1097 0
1098 1098 0
1099 1099 0
1100 1100 0
1101 1101 0
1102 1102 0
1103 1103 0
1104 1104 0
1105 1105 0
1106 1106 0
1107 1107 0
1108 1108 0
1109 1109 0
1110 1110 0
1111 1111 0
1112 1112 0
1113 1113 0
1114 1114 0
1115 1115 0
1116 1116 0
1117 1117 0
1118 1118 0
1119 1119 0
1120 1120 0
1121 1121 0
1122 1122 0
1123 1123 0
1124 1124 0
1125 1125 0
1126 1126 0
1127 1127 0
1128 1128 0
1129 1129 0
1130 1130 0
1131 1131 0
1132 1132 0
1133 1133 0
1134 1134 0
1135 1135 0
1136 1136 0
1137 1137 0
1138 1138 0
1139 1139 0
1140 1140 0
1141 1141 0
1142 1142 0
1143 1143 0
1144 1144 0
1145 1145 0
1146 1146 0
1147 1147 0
1148 1148 0
1149 1149 0
1150 1150 0
1151 1151 0
1152 1152 0
1153 1153 0
1154 1154 0
1155 1155 0
1156 1156 0
1157 1157 0
1158 1158 0
1159 1159 0
1160 1160 0
1161 1161 0
1162 1162 0
1163 1163 0
1164 1164 0
1165 1165 0
1166 1166 0
1167 1167 0
1168 1168 0
1169 1169 0
1170 1170 0
1171 1171 0
1172 1172 0
1173 1173 0
1174 1174 0
1175 1175 0
1176 1176 0
1177 1177 0
1178 1178 0
1179 1179 0
1180 1180 0
1181 1181 0
1182 1182 0
1183 1183 0
1184 1184 0
1185 1185 0
1186 1186 0
1187 1187 0
1188 1188 0
1189 1189 0
1190 1190 0
1191 1191 0
1192 1192 0
1193 1193 0
1194 1194 0
1195 1195 0
1196 1196 0
1197 1197 0
1198 1198 0
1199 1199 0
1200 1200 0
1201 1201 0
1202 1202 0
1203 1203 0
1204 1204 0
1205 1205 0
1206 1206 0
1207 1207 0
1208 1208 0
1209 1209 0
1210 1210 0
1211 1211 0
1212 1212 0
1213 1213 0
1214 1214 0
1215 1215 0
1216 1216 0
1217 1217 0
1218 1218 0
1219 1219 0
1220 1220 0
1221 1221 0
1222 1222 0
1223 1223 0
1224 1224 0
1225 1225 0
1226 1226 0
1227 1227 0
1228 1228 0
1229 1229 0
1230 1230 0
1231 1231 0
1232 1232 0
1233 1233 0
1234 1234 0
1235 1235 0
1236 1236 0
1237 1237 0
1238 1238 0
1239 1239 0
1240 1240 0
1241 1241 0
1242 1242 0
1243 1243 0
1244 1244 0
1245 1245 0
1246 1246 0
1247 1247 0
1248 1248 0
1249 1249 0
1250 1250 0
1251 1251 0
1252 1252 0
1253 1253 0
1254 1254 0
1255 1255 0
1256 1256 0
1257 1257 0
1258 1258 0
1259 1259 0
1260 1260 0
1261 1261 0
1262 1262 0
1263 1263 0
1264 1264 0
1265 1265 0
1266 1266 0
1267 1267 0
1268 1268 0
1269 1269 0
1270 1270 0
1271 1271 0
1272 1272 0
1273 1273 0
1274 1274 0
1275 1275 0
1276 1276 0
1277 1277 0
1278 1278 0
1279 1279 0
1280 1280 0
1281 1281 0
1282 1282 0
1283 1283 0
1284 1284 0
1285 1285 0
1286 1286 0
1287 1287 0
1288 1288 0
1289 1289 0
1290 1290 0
1291 1291 0
1292 1292 0
1293 1293 0
1294 1294 0
1295 1295 0
1296 1296 0
1297 1297 0
1298 1298 0
1299 1299 0
1300 1300 0
1301 1301 0
1302 1302 0
1303 1303 0
1304 1304 0
1305 1305 0
1306 1306 0
1307 1307 0
1308 1308 0
1309 1309 0
1310 1310 0
1311 1311 0
1312 1312 0
1313 1313 0
1314 1314 0
1315 1315 0
1316 1316 0
1317 1317 0
1318 1318 0
1319 1319 0
1320 1320 0
1321 1321 0
1322 1322 0
1323 1323 0
1324 1324 0
1325 1325 0
1326 1326 0
1327 1327 0
1328 1328 0
1329 1329 0
1330 1330 0
1331 1331 0
1332 1332 0
1333 1333 0
1334 1334 0
1335 1335 0
1336 1336 0
1337 1337 0
1338 1338 0
1339 1339 0
1340 1340 0
1341 1341 0
1342 1342 0
1343 1343 0
1344 1344 0
1345 1345 0
1346 1346 0
1347 1347 0
1348 1348 0
1349 1349 0
1350 1350 0
1351 1351 0
1352 1352 0
1353 1353 0
1354 1354 0
1355 1355 0
1356 1356 0
1357 1357 0
1358 1358 0
1359 1359 0
1360 1360 0
1361 1361 0
1362 1362 0
1363 1363 0
1364 1364 0
1365 1365 0
1366 1366 0
1367 1367 0
1368 1368 0
1369 1369 0
1370 1370 0
1371 1371 0
1372 1372 0
1373 1373 0
1374 1374 0
1375 1375 0
1376 1376 0
1377 1377 0
1378 1378 0
1379 1379 0
1380 1380 0
1381 1381 0
1382 1382 0
1383 1383 0
1384 1384 0
1385 1385 0
1386 1386 0
1387 1387 0
1388 1388 0
1389 1389 0
1390 1390 0
1391 1391 0
1392 1392 0
1393 1393 0
1394 1394 0
1395 1395 0
1396 1396 0
1397 1397 0
1398 1398 0
1399 1399 0
1400 1400 0
1401 1401 0
1402 1402 0
1403 1403 0
1404 1404 0
1405 1405 0
1406 1406 0
1407 1407 0
1408 1408 0
1409 1409 0
1410 1410 0
1411 1411 0
1412 1412 0
1413 1413 0
1414 1414 0
1415 1415 0
1416 1416 0
1417 1417 0
1418 1418 0
1419 1419 0
1420 1420 0
1421 1421 0
1422 1422 0
1423 1423 0
1424 1424 0
1425 1425 0
1426 1426 0
1427 1427 0
1428 1428 0
1429 1429 0
1430 1430 0
1431 1431 0
1432 1432 0
1433 1433 0
1434 1434 0
1435 1435 0
1436 1436 0
1437 1437 0
1438 1438 0
1439 1439 0
1440 1440 0
1441 1441 0
1442 1442 0
1443 1443 0
1444 1444 0
1445 1445 0
1446 1446 0
1447 1447 0
1448 1448 0
1449 1449 0
1450 1450 0
1451 1451 0
1452 1452 0
1453 1453 0
1454 1454 0
1455 1455 0
1456 1456 0
1457 1457 0
1458 1458 0
1459 1459 0
1460 1460 0
1461 1461 0
1462 1462 0
1463 1463 0
1464 1464 0
1465 1465 0
1466 1466 0
1467 1467 0
1468 1468 0
1469 1469 0
1470 1470 0
1471 1471 0
1472 1472 0
1473 1473 0
1474 1474 0
1475 1475 0
1476 1476 0
1477 1477 0
1478 1478 0
1479 1479 0
1480 1480 0
1481 1481 0
1482 1482 0
1483 1483 0
1484 1484 0
1485 1485 0
1486 1486 0
1487 1487 0
1488 1488 0
1489 1489 0
1490 1490 0
1491 1491 0
1492 1492 0
1493 1493 0
1494 1494 0
1495 1495 0
1496 1496 0
1497 1497 0
1498 1498 0
1499 1499 0
1500 1500 0
1501 1501 0
1502 1502 0
1503 1503 0
1504 1504 0
1505 1505 0
1506 1506 0
1507 1507 0
1508 1508 0
1509 1509 0
1510 1510 0
1511 1511 0
1512 1512 0
1513 1513 0
1514 1514 0
1515 1515 0
1516 1516 0
1517 1517 0
1518 1518 0
1519 1519 0
1520 1520 0
1521 1521 0
1522 1522 0
1523 1523 0
1524 1524 0
1525 1525 0
1526 1526 0
1527 1527 0
1528 1528 0
1529 1529 0
1530 1530 0
1531 1531 0
1532 1532 0
1533 1533 0
1534 1534 0
1535 1535 0
1536 1536 0
1537 1537 0
1538 1538 0
1539 1539 0
1540 1540 0
1541 1541 0
1542 1542 0
1543 1543 0
1544 1544 0
1545 1545 0
1546 1546 0
1547 1547 0
1548 1548 0
1549 1549 0
1550 1550 0
1551 1551 0
1552 1552 0
1553 1553 0
1554 1554 0
1555 1555 0
1556 1556 0
1557 1557 0
1558 1558 0
1559 1559 0
1560 1560 0
1561 1561 0
1562 1562 0
1563 1563 0
1564 1564 0
1565 1565 0
1566 1566 0
1567 1567 0
1568 1568 0
1569 1569 0
1570 1570 0
1571 1571 0
1572 1572 0
1573 1573 0
1574 1574 0
1575 1575 0
1576 1576 0
1577 1577 0
1578 1578 0
1579 1579 0
1580 1580 0
1581 1581 0
1582 1582 0
1583 1583 0
1584 1584 0
1585 1585 0
1586 1586 0
1587 1587 0
1588 1588 0
1589 1589 0
1590 1590 0
1591 1591 0
1592 1592 0
1593 1593 0
1594 1594 0
1595 1595 0
1596 1596 0
1597 1597 0
1598 1598 0
1599 1599 0
1600 1600 0
1601 1601 0
1602 1602 0
1603 1603 0
1604 1604 0
1605 1605 0
1606 1606 0
1607 1607 0
1608 1608 0
1609 1609 0
1610 1610 0
1611 1611 0
1612 1612 0
1613 1613 0
1614 1614 0
1615 1615 0
1616 1616 0
1617 1617 0
1618 1618 0
1619 1619 0
1620 1620 0
1621 1621 0
1622 1622 0
1623 1623 0
1624 1624 0
1625 1625 0
1626 1626 0
1627 1627 0
1628 1628 0
1629 1629 0
1630 1630 0
1631 1631 0
1632 1632 0
1633 1633 0
1634 1634 0
1635 1635 0
1636 1636 0
1637 1637 0
1638 1638 0
1639 1639 0
1640 1640 0
1641 1641 0
1642 1642 0
1643 1643 0
1644 1644 0
1645 1645 0
1646 1646 0
1647 1647 0
1648 1648 0
1649 1649 0
1650 1650 0
1651 1651 0
1652 1652 0
1653 1653 0
1654 1654 0
1655 1655 0
1656 1656 0
1657 1657 0
1658 1658 0
1659 1659 0
1660 1660 0
1661 1661 0
1662 1662 0
1663 1663 0
1664 1664 0
1665 1665 0
1666 1666 0
1667 1667 0
1668 1668 0
1669 1669 0
1670 1670 0
1671 1671 0
1672 1672 0
1673 1673 0
1674 1674 0
1675 1675 0
1676 1676 0
1677 1677 0
1678 1678 0
1679 1679 0
1680 1680 0
1681 1681 0
1682 1682 0
1683 1683 0
1684 1684 0
1685 1685 0
1686 1686 0
1687 1687 0
1688 1688 0
1689 1689 0
1690 1690 0
1691 1691 0
1692 1692 0
1693 1693 0
1694 1694 0
1695 1695 0
1696 1696 0
1697 1697 0
1698 1698 0
1699 1699 0
1700 1700 0
1701 1701 0
1702 1702 0
1703 1703 0
1704 1704 0
1705 1705 0
1706 1706 0
1707 1707 0
1708 1708 0
1709 1709 0
1710 1710 0
1711 1711 0
1712 1712 0
1713 1713 0
1714 1714 0
1715 1715 0
1716 1716 0
1717 1717 0
1718 1718 0
1719 1719 0
1720 1720 0
1721 1721 0
1722 1722 0
1723 1723 0
1724 1724 0
1725 1725 0
1726 1726 0
1727 1727 0
1728 1728 0
1729 1729 0
1730 1730 0
1731 1731 0
1732 1732 0
1733 1733 0
1734 1734 0
1735 1735 0
1736 1736 0
1737 1737 0
1738 1738 0
1739 1739 0
1740 1740 0
1741 1741 0
1742 1742 0
1743 1743 0
1744 1744 0
1745 1745 0
1746 1746 0
1747 1747 0
1748 1748 0
1749 1749 0
1750 1750 0
1751 1751 0
1752 1752 0
1753 1753 0
1754 1754 0
1755 1755 0
1756 1756 0
1757 1757 0
1758 1758 0
1759 1759 0
1760 1760 0
1761 1761 0
1762 1762 0
1763 1763 0
1764 1764 0
1765 1765 0
1766 1766 0
1767 1767 0
1768 1768 0
1769 1769 0
1770 1770 0
1771 1771 0
1772 1772 0
1773 1773 0
1774 1774 0
1775 1775 0
1776 1776 0
1777 1777 0
1778 1778 0
1779 1779 0
1780 1780 0
1781 1781 0
1782 1782 0
1783 1783 0
1784 1784 0
1785 1785 0
1786 1786 0
1787 1787 0
1788 1788 0
1789 1789 0
1790 1790 0
1791 1791 0
1792 1792 0
1793 1793 0
1794 1794 0
1795 1795 0
1796 1796 0
1797 1797 0
1798 1798 0
1799 1799 0
1800 1800 0
1801 1801 0
1802 1802 0
1803 1803 0
1804 1804 0
1805 1805 0
1806 1806 0
1807 1807 0
1808 1808 0
1809 1809 0
1810 1810 0
1811 1811 0
1812 1812 0
1813 1813 0
1814 1814 0
1815 1815 0
1816 1816 0
1817 1817 0
1818 1818 0
1819 1819 0
1820 1820 0
1821 1821 0
1822 1822 0
1823 1823 0
1824 1824 0
1825 1825 0
1826 1826 0
1827 1827 0
1828 1828 0
1829 1829 0
1830 1830 0
1831 1831 0
1832 1832 0
1833 1833 0
1834 1834 0
1835 1835 0
1836 1836 0
1837 1837 0
1838 1838 0
1839 1839 0
1840 1840 0
1841 1841 0
1842 1842 0
1843 1843 0
1844 1844 0
1845 1845 0
1846 1846 0
1847 1847 0
1848 1848 0
1849 1849 0
1850 1850 0
1851 1851 0
1852 1852 0
1853 1853 0
1854 1854 0
1855 1855 0
1856 1856 0
1857 1857 0
1858 1858 0
1859 1859 0
1860 1860 0
1861 1861 0
1862 1862 0
1863 1863 0
1864 1864 0
1865 1865 0
1866 1866 0
1867 1867 0
1868 1868 0
1869 1869 0
1870 1870 0
1871 1871 0
1872 1872 0
1873 1873 0
1874 1874 0
1875 1875 0
1876 1876 0
1877 1877 0
1878 1878 0
1879 1879 0
1880 1880 0
1881 1881 0
1882 1882 0
1883 1883 0
1884 1884 0
1885 1885 0
1886 1886 0
1887 1887 0
1888 1888 0
1889 1889 0
1890 1890 0
1891 1891 0
1892 1892 0
1893 1893 0
1894 1894 0
1895 1895 0
1896 1896 0
1897 1897 0
1898 1898 0
1899 1899 0
1900 1900 0
1901 1901 0
1902 1902 0
1903 1903 0
1904 1904 0
1905 1905 0
1906 1906 0
1907 1907 0
1908 1908 0
1909 1909 0
1910 1910 0
1911 1911 0
1912 1912 0
1913 1913 0
1914 1914 0
1915 1915 0
1916 1916 0
1917 1917 0
1918 1918 0
1919 1919 0
1920 1920 0
1921 1921 0
1922 1922 0
1923 1923 0
1924 1924 0
1925 1925 0
1926 1926 0
1927 1927 0
1928 1928 0
1929 1929 0
1930 1930 0
1931 1931 0
1932 1932 0
1933 1933 0
1934 1934 0
1935 1935 0
1936 1936 0
1937 1937 0
1938 1938 0
1939 1939 0
1940 1940 0
1941 1941 0
1942 1942 0
1943 1943 0
1944 1944 0
1945 1945 0
1946 1946 0
1947 1947 0
1948 1948 0
1949 1949 0
1950 1950 0
1951 1951 0
1952 1952 0
1953 1953 0
1954 1954 0
1955 1955 0
1956 1956 0
1957 1957 0
1958 1958 0
1959 1959 0
1960 1960 0
1961 1961 0
1962 1962 0
1963 1963 0
1964 1964 0
1965 1965 0
1966 1966 0
1967 1967 0
1968 1968 0
1969 1969 0
1970 1970 0
1971 1971 0
1972 1972 0
1973 1973 0
1974 1974 0
1975 1975 0
1976 1976 0
1977 1977 0
1978 1978 0
1979 1979 0
1980 1980 0
1981 1981 0
1982 1982 0
1983 1983 0
1984 1984 0
1985 1985 0
1986 1986 0
1987 1987 0
1988 1988 0
1989 1989 0
1990 1990 0
1991 1991 0
1992 1992 0
1993 1993 0
1994 1994 0
1995 1995 0
1996 1996 0
1997 1997 0
1998 1998 0
1999 1999 0
2000 2000 1
2001 2001 1
2002 2002 1
2003 2003 1
2004 2004 1
2005 2005 1
2006 2006 1
2007 2007 1
2008 2008 1
2009 2009 1
2010 2010 1
2011 2011 1
2012 2012 1
2013 2013 1
2014 2014 1
2015 2015 1
2016 2016 1
2017 2017 1
2018 2018 1
2019 2019 1
2020 2020 1
2021 2021 1
2022 2022 1
2023 2023 1
2024 2024 1
2025 2025 1
2026 2026 1
2027 2027 1
2028 2028 1
2029 2029 1
2030 2030 1
2031 2031 1
2032 2032 1
2033 2033 1
2034 2034 1
2035 2035 1
2036 2036 1
2037 2037 1
2038 2038 1
2039 2039 1
2040 2040 1
2041 2041 1
2042 2042 1
2043 2043 1
2044 2044 1
2045 2045 1
2046 2046 1
2047 2047 1
2048 2048 1
2049 2049 1
2050 2050 1
2051 2051 1
2052 2052 1
2053 2053 1
2054 2054 1
2055 2055 1
2056 2056 1
2057 2057 1
2058 2058 1
2059 2059 1
2060 2060 1
2061 2061 1
2062 2062 1
2063 2063 1
2064 2064 1
2065 2065 1
2066 2066 1
2067 2067 1
2068 2068 1
2069 2069 1
2070 2070 1
2071 2071 1
2072 2072 1
2073 2073 1
2074 2074 1
2075 2075 1
2076 2076 1
2077 2077 1
2078 2078 1
2079 2079 1
2080 2080 1
2081 2081 1
2082 2082 1
2083 2083 1
2084 2084 1
2085 2085 1
2086 2086 1
2087 2087 1
2088 2088 1
2089 2089 1
2090 2090 1
2091 2091 1
2092 2092 1
2093 2093 1
2094 2094 1
2095 2095 1
2096 2096 1
2097 2097 1
2098 2098 1
2099 2099 1
2100 2100 1
2101 2101 1
2102 2102 1
2103 2103 1
2104 2104 1
2105 2105 1
2106 2106 1
2107 2107 1
2108 2108 1
2109 2109 1
2110 2110 1
2111 2111 1
2112 2112 1
2113 2113 1
2114 2114 1
2115 2115 1
2116 2116 1
2117 2117 1
2118 2118 1
2119 2119 1
2120 2120 1
2121 2121 1
2122 2122 1
2123 2123 1
2124 2124 1
2125 2125 1
2126 2126 1
2127 2127 1
2128 2128 1
2129 2129 1
2130 2130 1
2131 2131 1
2132 2132 1
2133 2133 1
2134 2134 1
2135 2135 1
2136 2136 1
2137 2137 1
2138 2138 1
2139 2139 1
2140 2140 1
2141 2141 1
2142 2142 1
2143 2143 1
2144 2144 1
2145 2145 1
2146 2146 1
2147 2147 1
2148 2148 1
2149 2149 1
2150 2150 1
2151 2151 1
2152 2152 1
2153 2153 1
2154 2154 1
2155 2155 1
2156 2156 1
2157 2157 1
2158 2158 1
2159 2159 1
2160 2160 1
2161 2161 1
2162 2162 1
2163 2163 1
2164 2164 1
2165 2165 1
2166 2166 1
2167 2167 1
2168 2168 1
2169 2169 1
2170 2170 1
2171 2171 1
2172 2172 1
2173 2173 1
2174 2174 1
2175 2175 1
2176 2176 1
2177 2177 1
2178 2178 1
2179 2179 1
2180 2180 1
2181 2181 1
2182 2182 1
2183 2183 1
2184 2184 1
2185 2185 1
2186 2186 1
2187 2187 1
2188 2188 1
2189 2189 1
2190 2190 1
2191 2191 1
2192 2192 1
2193 2193 1
2194 2194 1
2195 2195 1
2196 2196 1
2197 2197 1
2198 2198 1
2199 2199 1
2200 2200 1
2201 2201 1
2202 2202 1
2203 2203 1
2204 2204 1
2205 2205 1
2206 2206 1
2207 2207 1
2208 2208 1
2209 2209 1
2210 2210 1
2211 2211 1
2212 2212 1
2213 2213 1
2214 2214 1
2215 2215 1
2216 2216 1
2217 2217 1
2218 2218 1
2219 2219 1
2220 2220 1
2221 2221 1
2222 2222 1
2223 2223 1
2224 2224 1
2225 2225 1
2226 2226 1
2227 2227 1
2228 2228 1
2229 2229 1
2230 2230 1
2231 2231 1
2232 2232 1
2233 2233 1
2234 2234 1
2235 2235 1
2236 2236 1
2237 2237 1
2238 2238 1
2239 2239 1
2240 2240 1
2241 2241 1
2242 2242 1
2243 2243 1
2244 2244 1
2245 2245 1
2246 2246 1
2247 2247 1
2248 2248 1
2249 2249 1
2250 2250 1
2251 2251 1
2252 2252 1
2253 2253 1
2254 2254 1
2255 2255 1
2256 2256 1
2257 2257 1
2258 2258 1
2259 2259 1
2260 2260 1
2261 2261 1
2262 2262 1
2263 2263 1
2264 2264 1
2265 2265 1
2266 2266 1
2267 2267 1
2268 2268 1
2269 2269 1
2270 2270 1
2271 2271 1
2272 2272 1
2273 2273 1
2274 2274 1
2275 2275 1
2276 2276 1
2277 2277 1
2278 2278 1
2279 2279 1
2280 2280 1
2281 2281 1
2282 2282 1
2283 2283 1
2284 2284 1
2285 2285 1
2286 2286 1
2287 2287 1
2288 2288 1
2289 2289 1
2290 2290 1
2291 2291 1
2292 2292 1
2293 2293 1
2294 2294 1
2295 2295 1
2296 2296 1
2297 2297 1
2298 2298 1
2299 2299 1
2300 2300 1
2301 2301 1
2302 2302 1
2303 2303 1
2304 2304 1
2305 2305 1
2306 2306 1
2307 2307 1
2308 2308 1
2309 2309 1
2310 2310 1
2311 2311 1
2312 2312 1
2313 2313 1
2314 2314 1
2315 2315 1
2316 2316 1
2317 2317 1
2318 2318 1
2319 2319 1
2320 2320 1
2321 2321 1
2322 2322 1
2323 2323 1
2324 2324 1
2325 2325 1
2326 2326 1
2327 2327 1
2328 2328 1
2329 2329 1
2330 2330 1
2331 2331 1
2332 2332 1
2333 2333 1
2334 2334 1
2335 2335 1
2336 2336 1
2337 2337 1
2338 2338 1
2339 2339 1
2340 2340 1
2341 2341 1
2342 2342 1
2343 2343 1
2344 2344 1
2345 2345 1
2346 2346 1
2347 2347 1
2348 2348 1
2349 2349 1
2350 2350 1
2351 2351 1
2352 2352 1
2353 2353 1
2354 2354 1
2355 2355 1
2356 2356 1
2357 2357 1
2358 2358 1
2359 2359 1
2360 2360 1
2361 2361 1
2362 2362 1
2363 2363 1
2364 2364 1
2365 2365 1
2366 2366 1
2367 2367 1
2368 2368 1
2369 2369 1
2370 2370 1
2371 2371 1
2372 2372 1
2373 2373 1
2374 2374 1
2375 2375 1
2376 2376 1
2377 2377 1
2378 2378 1
2379 2379 1
2380 2380 1
2381 2381 1
2382 2382 1
2383 2383 1
2384 2384 1
2385 2385 1
2386 2386 1
2387 2387 1
2388 2388 1
2389 2389 1
2390 2390 1
2391 2391 1
2392 2392 1
2393 2393 1
2394 2394 1
2395 2395 1
2396 2396 1
2397 2397 1
2398 2398 1
2399 2399 1
2400 2400 1
2401 2401 1
2402 2402 1
2403 2403 1
2404 2404 1
2405 2405 1
2406 2406 1
2407 2407 1
2408 2408 1
2409 2409 1
2410 2410 1
2411 2411 1
2412 2412 1
2413 2413 1
2414 2414 1
2415 2415 1
2416 2416 1
2417 2417 1
2418 2418 1
2419 2419 1
2420 2420 1
2421 2421 1
2422 2422 1
2423 2423 1
2424 2424 1
2425 2425 1
2426 2426 1
2427 2427 1
2428 2428 1
2429 2429 1
2430 2430 1
2431 2431 1
2432 2432 1
2433 2433 1
2434 2434 1
2435 2435 1
2436 2436 1
2437 2437 1
2438 2438 1
2439 2439 1
2440 2440 1
2441 2441 1
2442 2442 1
2443 2443 1
2444 2444 1
2445 2445 1
2446 2446 1
2447 2447 1
2448 2448 1
2449 2449 1
2450 2450 1
2451 2451 1
2452 2452 1
2453 2453 1
2454 2454 1
2455 2455 1
2456 2456 1
2457 2457 1
2458 2458 1
2459 2459 1
2460 2460 1
2461 2461 1
2462 2462 1
2463 2463 1
2464 2464 1
2465 2465 1
2466 2466 1
2467 2467 1
2468 2468 1
2469 2469 1
2470 2470 1
2471 2471 1
2472 2472 1
2473 2473 1
2474 2474 1
2475 2475 1
2476 2476 1
2477 2477 1
2478 2478 1
2479 2479 1
2480 2480 1
2481 2481 1
2482 2482 1
2483 2483 1
2484 2484 1
2485 2485 1
2486 2486 1
2487 2487 1
2488 2488 1
2489 2489 1
2490 2490 1
2491 2491 1
2492 2492 1
2493 2493 1
2494 2494 1
2495 2495 1
2496 2496 1
2497 2497 1
2498 2498 1
2499 2499 1
2500 2500 1
2501 2501 1
2502 2502 1
2503 2503 1
2504 2504 1
2505 2505 1
2506 2506 1
2507 2507 1
2508 2508 1
2509 2509 1
2510 2510 1
2511 2511 1
2512 2512 1
2513 2513 1
2514 2514 1
2515 2515 1
2516 2516 1
2517 2517 1
2518 2518 1
2519 2519 1
2520 2520 1
2521 2521 1
2522 2522 1
2523 2523 1
2524 2524 1
2525 2525 1
2526 2526 1
2527 2527 1
2528 2528 1
2529 2529 1
2530 2530 1
2531 2531 1
2532 2532 1
2533 2533 1
2534 2534 1
2535 2535 1
2536 2536 1
2537 2537 1
2538 2538 1
2539 2539 1
2540 2540 1
2541 2541 1
2542 2542 1
2543 2543 1
2544 2544 1
2545 2545 1
2546 2546 1
2547 2547 1
2548 2548 1
2549 2549 1
2550 2550 1
2551 2551 1
2552 2552 1
2553 2553 1
2554 2554 1
2555 2555 1
2556 2556 1
2557 2557 1
2558 2558 1
2559 2559 1
2560 2560 1
2561 2561 1
2562 2562 1
2563 2563 1
2564 2564 1
2565 2565 1
2566 2566 1
2567 2567 1
2568 2568 1
2569 2569 1
2570 2570 1
2571 2571 1
2572 2572 1
2573 2573 1
2574 2574 1
2575 2575 1
2576 2576 1
2577 2577 1
2578 2578 1
2579 2579 1
2580 2580 1
2581 2581 1
2582 2582 1
2583 2583 1
2584 2584 1
2585 2585 1
2586 2586 1
2587 2587 1
2588 2588 1
2589 2589 1
2590 2590 1
2591 2591 1
2592 2592 1
2593 2593 1
2594 2594 1
2595 2595 1
2596 2596 1
2597 2597 1
2598 2598 1
2599 2599 1
2600 2600 1
2601 2601 1
2602 2602 1
2603 2603 1
2604 2604 1
2605 2605 1
2606 2606 1
2607 2607 1
2608 2608 1
2609 2609 1
2610 2610 1
2611 2611 1
2612 2612 1
2613 2613 1
2614 2614 1
2615 2615 1
2616 2616 1
2617 2617 1
2618 2618 1
2619 2619 1
2620 2620 1
2621 2621 1
2622 2622 1
2623 2623 1
2624 2624 1
2625 2625 1
2626 2626 1
2627 2627 1
2628 2628 1
2629 2629 1
2630 2630 1
2631 2631 1
2632 2632 1
2633 2633 1
2634 2634 1
2635 2635 1
2636 2636 1
2637 2637 1
2638 2638 1
2639 2639 1
2640 2640 1
2641 2641 1
2642 2642 1
2643 2643 1
2644 2644 1
2645 2645 1
2646 2646 1
2647 2647 1
2648 2648 1
2649 2649 1
2650 2650 1
2651 2651 1
2652 2652 1
2653 2653 1
2654 2654 1
2655 2655 1
2656 2656 1
2657 2657 1
2658 2658 1
2659 2659 1
2660 2660 1
2661 2661 1
2662 2662 1
2663 2663 1
2664 2664 1
2665 2665 1
2666 2666 1
2667 2667 1
2668 2668 1
2669 2669 1
2670 2670 1
2671 2671 1
2672 2672 1
2673 2673 1
2674 2674 1
2675 2675 1
2676 2676 1
2677 2677 1
2678 2678 1
2679 2679 1
2680 2680 1
2681 2681 1
2682 2682 1
2683 2683 1
2684 2684 1
2685 2685 1
2686 2686 1
2687 2687 1
2688 2688 1
2689 2689 1
2690 2690 1
2691 2691 1
2692 2692 1
2693 2693 1
2694 2694 1
2695 2695 1
2696 2696 1
2697 2697 1
2698 2698 1
2699 2699 1
2700 2700 1
2701 2701 1
2702 2702 1
2703 2703 1
2704 2704 1
2705 2705 1
2706 2706 1
2707 2707 1
2708 2708 1
2709 2709 1
2710 2710 1
2711 2711 1
2712 2712 1
2713 2713 1
2714 2714 1
2715 2715 1
2716 2716 1
2717 2717 1
2718 2718 1
2719 2719 1
2720 2720 1
2721 2721 1
2722 2722 1
2723 2723 1
2724 2724 1
2725 2725 1
2726 2726 1
2727 2727 1
2728 2728 1
2729 2729 1
2730 2730 1
2731 2731 1
2732 2732 1
2733 2733 1
2734 2734 1
2735 2735 1
2736 2736 1
2737 2737 1
2738 2738 1
2739 2739 1
2740 2740 1
2741 2741 1
2742 2742 1
2743 2743 1
2744 2744 1
2745 2745 1
2746 2746 1
2747 2747 1
2748 2748 1
2749 2749 1
2750 2750 1
2751 2751 1
2752 2752 1
2753 2753 1
2754 2754 1
2755 2755 1
2756 2756 1
2757 2757 1
2758 2758 1
2759 2759 1
2760 2760 1
2761 2761 1
2762 2762 1
2763 2763 1
2764 2764 1
2765 2765 1
2766 2766 1
2767 2767 1
2768 2768 1
2769 2769 1
2770 2770 1
2771 2771 1
2772 2772 1
2773 2773 1
2774 2774 1
2775 2775 1
2776 2776 1
2777 2777 1
2778 2778 1
2779 2779 1
2780 2780 1
2781 2781 1
2782 2782 1
2783 2783 1
2784 2784 1
2785 2785 1
2786 2786 1
2787 2787 1
2788 2788 1
2789 2789 1
2790 2790 1
2791 2791 1
2792 2792 1
2793 2793 1
2794 2794 1
2795 2795 1
2796 2796 1
2797 2797 1
2798 2798 1
2799 2799 1
2800 2800 1
2801 2801 1
2802 2802 1
2803 2803 1
2804 2804 1
2805 2805 1
2806 2806 1
2807 2807 1
2808 2808 1
2809 2809 1
2810 2810 1
2811 2811 1
2812 2812 1
2813 2813 1
2814 2814 1
2815 2815 1
2816 2816 1
2817 2817 1
2818 2818 1
2819 2819 1
2820 2820 1
2821 2821 1
2822 2822 1
2823 2823 1
2824 2824 1
2825 2825 1
2826 2826 1
2827 2827 1
2828 2828 1
2829 2829 1
2830 2830 1
2831 2831 1
2832 2832 1
2833 2833 1
2834 2834 1
2835 2835 1
2836 2836 1
2837 2837 1
2838 2838 1
2839 2839 1
2840 2840 1
2841 2841 1
2842 2842 1
2843 2843 1
2844 2844 1
2845 2845 1
2846 2846 1
2847 2847 1
2848 2848 1
2849 2849 1
2850 2850 1
2851 2851 1
2852 2852 1
2853 2853 1
2854 2854 1
2855 2855 1
2856 2856 1
2857 2857 1
2858 2858 1
2859 2859 1
2860 2860 1
2861 2861 1
2862 2862 1
2863 2863 1
2864 2864 1
2865 2865 1
2866 2866 1
2867 2867 1
2868 2868 1
2869 2869 1
2870 2870 1
2871 2871 1
2872 2872 1
2873 2873 1
2874 2874 1
2875 2875 1
2876 2876 1
2877 2877 1
2878 2878 1
2879 2879 1
2880 2880 1
2881 2881 1
2882 2882 1
2883 2883 1
2884 2884 1
2885 2885 1
2886 2886 1
2887 2887 1
2888 2888 1
2889 2889 1
2890 2890 1
2891 2891 1
2892 2892 1
2893 2893 1
2894 2894 1
2895 2895 1
2896 2896 1
2897 2897 1
2898 2898 1
2899 2899 1
2900 2900 1
2901 2901 1
2902 2902 1
2903 2903 1
2904 2904 1
2905 2905 1
2906 2906 1
2907 2907 1
2908 2908 1
2909 2909 1
2910 2910 1
2911 2911 1
2912 2912 1
2913 2913 1
2914 2914 1
2915 2915 1
2916 2916 1
2917 2917 1
2918 2918 1
2919 2919 1
2920 2920 1
2921 2921 1
2922 2922 1
2923 2923 1
2924 2924 1
2925 2925 1
2926 2926 1
2927 2927 1
2928 2928 1
2929 2929 1
2930 2930 1
2931 2931 1
2932 2932 1
2933 2933 1
2934 2934 1
2935 2935 1
2936 2936 1
2937 2937 1
2938 2938 1
2939 2939 1
2940 2940 1
2941 2941 1
2942 2942 1
2943 2943 1
2944 2944 1
2945 2945 1
2946 2946 1
2947 2947 1
2948 2948 1
2949 2949 1
2950 2950 1
2951 2951 1
2952 2952 1
2953 2953 1
2954 2954 1
2955 2955 1
2956 2956 1
2957 2957 1
2958 2958 1
2959 2959 1
2960 2960 1
2961 2961 1
2962 2962 1
2963 2963 1
2964 2964 1
2965 2965 1
2966 2966 1
2967 2967 1
2968 2968 1
2969 2969 1
2970 2970 1
2971 2971 1
2972 2972 1
2973 2973 1
2974 2974 1
2975 2975 1
2976 2976 1
2977 2977 1
2978 2978 1
2979 2979 1
2980 2980 1
2981 2981 1
2982 2982 1
2983 2983 1
2984 2984 1
2985 2985 1
2986 2986 1
2987 2987 1
2988 2988 1
2989 2989 1
2990 2990 1
2991 2991 1
2992 2992 1
2993 2993 1
2994 2994 1
2995 2995 1
2996 2996 1
2997 2997 1
2998 2998 1
2999 2999 1
3000 3000 1
3001 3001 1
3002 3002 1
3003 3003 1
3004 3004 1
3005 3005 1
3006 3006 1
3007 3007 1
3008 3008 1
3009 3009 1
3010 3010 1
3011 3011 1
3012 3012 1
3013 3013 1
3014 3014 1
3015 3015 1
3016 3016 1
3017 3017 1
3018 3018 1
3019 3019 1
3020 3020 1
3021 3021 1
3022 3022 1
3023 3023 1
3024 3024 1
3025 3025 1
3026 3026 1
3027 3027 1
3028 3028 1
3029 3029 1
3030 3030 1
3031 3031 1
3032 3032 1
3033 3033 1
3034 3034 1
3035 3035 1
3036 3036 1
3037 3037 1
3038 3038 1
3039 3039 1
3040 3040 1
3041 3041 1
3042 3042 1
3043 3043 1
3044 3044 1
3045 3045 1
3046 3046 1
3047 3047 1
3048 3048 1
3049 3049 1
3050 3050 1
3051 3051 1
3052 3052 1
3053 3053 1
3054 3054 1
3055 3055 1
3056 3056 1
3057 3057 1
3058 3058 1
3059 3059 1
3060 3060 1
3061 3061 1
3062 3062 1
3063 3063 1
3064 3064 1
3065 3065 1
3066 3066 1
3067 3067 1
3068 3068 1
3069 3069 1
3070 3070 1
3071 3071 1
3072 3072 1
3073 3073 1
3074 3074 1
3075 3075 1
3076 3076 1
3077 3077 1
3078 3078 1
3079 3079 1
3080 3080 1
3081 3081 1
3082 3082 1
3083 3083 1
3084 3084 1
3085 3085 1
3086 3086 1
3087 3087 1
3088 3088 1
3089 3089 1
3090 3090 1
3091 3091 1
3092 3092 1
3093 3093 1
3094 3094 1
3095 3095 1
3096 3096 1
3097 3097 1
3098 3098 1
3099 3099 1
3100 3100 1
3101 3101 1
3102 3102 1
3103 3103 1
3104 3104 1
3105 3105 1
3106 3106 1
3107 3107 1
3108 3108 1
3109 3109 1
3110 3110 1
3111 3111 1
3112 3112 1
3113 3113 1
3114 3114 1
3115 3115 1
3116 3116 1
3117 3117 1
3118 3118 1
3119 3119 1
3120 3120 1
3121 3121 1
3122 3122 1
3123 3123 1
3124 3124 1
3125 3125 1
3126 3126 1
3127 3127 1
3128 3128 1
3129 3129 1
3130 3130 1
3131 3131 1
3132 3132 1
3133 3133 1
3134 3134 1
3135 3135 1
3136 3136 1
3137 3137 1
3138 3138 1
3139 3139 1
3140 3140 1
3141 3141 1
3142 3142 1
3143 3143 1
3144 3144 1
3145 3145 1
3146 3146 1
3147 3147 1
3148 3148 1
3149 3149 1
3150 3150 1
3151 3151 1
3152 3152 1
3153 3153 1
3154 3154 1
3155 3155 1
3156 3156 1
3157 3157 1
3158 3158 1
3159 3159 1
3160 3160 1
3161 3161 1
3162 3162 1
3163 3163 1
3164 3164 1
3165 3165 1
3166 3166 1
3167 3167 1
3168 3168 1
3169 3169 1
3170 3170 1
3171 3171 1
3172 3172 1
3173 3173 1
3174 3174 1
3175 3175 1
3176 3176 1
3177 3177 1
3178 3178 1
3179 3179 1
3180 3180 1
3181 3181 1
3182 3182 1
3183 3183 1
3184 3184 1
3185 3185 1
3186 3186 1
3187 3187 1
3188 3188 1
3189 3189 1
3190 3190 1
3191 3191 1
3192 3192 1
3193 3193 1
3194 3194 1
3195 3195 1
3196 3196 1
3197 3197 1
3198 3198 1
3199 3199 1
3200 3200 1
3201 3201 1
3202 3202 1
3203 3203 1
3204 3204 1
3205 3205 1
3206 3206 1
3207 3207 1
3208 3208 1
3209 3209 1
3210 3210 1
3211 3211 1
3212 3212 1
3213 3213 1
3214 3214 1
3215 3215 1
3216 3216 1
3217 3217 1
3218 3218 1
3219 3219 1
3220 3220 1
3221 3221 1
3222 3222 1
3223 3223 1
3224 3224 1
3225 3225 1
3226 3226 1
3227 3227 1
3228 3228 1
3229 3229 1
3230 3230 1
3231 3231 1
3232 3232 1
3233 3233 1
3234 3234 1
3235 3235 1
3236 3236 1
3237 3237 1
3238 3238 1
3239 3239 1
3240 3240 1
3241 3241 1
3242 3242 1
3243 3243 1
3244 3244 1
3245 3245 1
3246 3246 1
3247 3247 1
3248 3248 1
3249 3249 1
3250 3250 1
3251 3251 1
3252 3252 1
3253 3253 1
3254 3254 1
3255 3255 1
3256 3256 1
3257 3257 1
3258 3258 1
3259 3259 1
3260 3260 1
3261 3261 1
3262 3262 1
3263 3263 1
3264 3264 1
3265 3265 1
3266 3266 1
3267 3267 1
3268 3268 1
3269 3269 1
3270 3270 1
3271 3271 1
3272 3272 1
3273 3273 1
3274 3274 1
3275 3275 1
3276 3276 1
3277 3277 1
3278 3278 1
3279 3279 1
3280 3280 1
3281 3281 1
3282 3282 1
3283 3283 1
3284 3284 1
3285 3285 1
3286 3286 1
3287 3287 1
3288 3288 1
3289 3289 1
3290 3290 1
3291 3291 1
3292 3292 1
3293 3293 1
3294 3294 1
3295 3295 1
3296 3296 1
3297 3297 1
3298 3298 1
3299 3299 1
3300 3300 1
3301 3301 1
3302 3302 1
3303 3303 1
3304 3304 1
3305 3305 1
3306 3306 1
3307 3307 1
3308 3308 1
3309 3309 1
3310 3310 1
3311 3311 1
3312 3312 1
3313 3313 1
3314 3314 1
3315 3315 1
3316 3316 1
3317 3317 1
3318 3318 1
3319 3319 1
3320 3320 1
3321 3321 1
3322 3322 1
3323 3323 1
3324 3324 1
3325 3325 1
3326 3326 1
3327 3327 1
3328 3328 1
3329 3329 1
3330 3330 1
3331 3331 1
3332 3332 1
3333 3333 1
3334 3334 1
3335 3335 1
3336 3336 1
3337 3337 1
3338 3338 1
3339 3339 1
3340 3340 1
3341 3341 1
3342 3342 1
3343 3343 1
3344 3344 1
3345 3345 1
3346 3346 1
3347 3347 1
3348 3348 1
3349 3349 1
3350 3350 1
3351 3351 1
3352 3352 1
3353 3353 1
3354 3354 1
3355 3355 1
3356 3356 1
3357 3357 1
3358 3358 1
3359 3359 1
3360 3360 1
3361 3361 1
3362 3362 1
3363 3363 1
3364 3364 1
3365 3365 1
3366 3366 1
3367 3367 1
3368 3368 1
3369 3369 1
3370 3370 1
3371 3371 1
3372 3372 1
3373 3373 1
3374 3374 1
3375 3375 1
3376 3376 1
3377 3377 1
3378 3378 1
3379 3379 1
3380 3380 1
3381 3381 1
3382 3382 1
3383 3383 1
3384 3384 1
3385 3385 1
3386 3386 1
3387 3387 1
3388 3388 1
3389 3389 1
3390 3390 1
3391 3391 1
3392 3392 1
3393 3393 1
3394 3394 1
3395 3395 1
3396 3396 1
3397 3397 1
3398 3398 1
3399 3399 1
3400 3400 1
3401 3401 1
3402 3402 1
3403 3403 1
3404 3404 1
3405 3405 1
3406 3406 1
3407 3407 1
3408 3408 1
3409 3409 1
3410 3410 1
3411 3411 1
3412 3412 1
3413 3413 1
3414 3414 1
3415 3415 1
3416 3416 1
3417 3417 1
3418 3418 1
3419 3419 1
3420 3420 1
3421 3421 1
3422 3422 1
3423 3423 1
3424 3424 1
3425 3425 1
3426 3426 1
3427 3427 1
3428 3428 1
3429 3429 1
3430 3430 1
3431 3431 1
3432 3432 1
3433 3433 1
3434 3434 1
3435 3435 1
3436 3436 1
3437 3437 1
3438 3438 1
3439 3439 1
3440 3440 1
3441 3441 1
3442 3442 1
3443 3443 1
3444 3444 1
3445 3445 1
3446 3446 1
3447 3447 1
3448 3448 1
3449 3449 1
3450 3450 1
3451 3451 1
3452 3452 1
3453 3453 1
3454 3454 1
3455 3455 1
3456 3456 1
3457 3457 1
3458 3458 1
3459 3459 1
3460 3460 1
3461 3461 1
3462 3462 1
3463 3463 1
3464 3464 1
3465 3465 1
3466 3466 1
3467 3467 1
3468 3468 1
3469 3469 1
3470 3470 1
3471 3471 1
3472 3472 1
3473 3473 1
3474 3474 1
3475 3475 1
3476 3476 1
3477 3477 1
3478 3478 1
3479 3479 1
3480 3480 1
3481 3481 1
3482 3482 1
3483 3483 1
3484 3484 1
3485 3485 1
3486 3486 1
3487 3487 1
3488 3488 1
3489 3489 1
3490 3490 1
3491 3491 1
3492 3492 1
3493 3493 1
3494 3494 1
3495 3495 1
3496 3496 1
3497 3497 1
3498 3498 1
3499 3499 1
3500 3500 1
3501 3501 1
3502 3502 1
3503 3503 1
3504 3504 1
3505 3505 1
3506 3506 1
3507 3507 1
3508 3508 1
3509 3509 1
3510 3510 1
3511 3511 1
3512 3512 1
3513 3513 1
3514 3514 1
3515 3515 1
3516 3516 1
3517 3517 1
3518 3518 1
3519 3519 1
3520 3520 1
3521 3521 1
3522 3522 1
3523 3523 1
3524 3524 1
3525 3525 1
3526 3526 1
3527 3527 1
3528 3528 1
3529 3529 1
3530 3530 1
3531 3531 1
3532 3532 1
3533 3533 1
3534 3534 1
3535 3535 1
3536 3536 1
3537 3537 1
3538 3538 1
3539 3539 1
3540 3540 1
3541 3541 1
3542 3542 1
3543 3543 1
3544 3544 1
3545 3545 1
3546 3546 1
3547 3547 1
3548 3548 1
3549 3549 1
3550 3550 1
3551 3551 1
3552 3552 1
3553 3553 1
3554 3554 1
3555 3555 1
3556 3556 1
3557 3557 1
3558 3558 1
3559 3559 1
3560 3560 1
3561 3561 1
3562 3562 1
3563 3563 1
3564 3564 1
3565 3565 1
3566 3566 1
3567 3567 1
3568 3568 1
3569 3569 1
3570 3570 1
3571 3571 1
3572 3572 1
3573 3573 1
3574 3574 1
3575 3575 1
3576 3576 1
3577 3577 1
3578 3578 1
3579 3579 1
3580 3580 1
3581 3581 1
3582 3582 1
3583 3583 1
3584 3584 1
3585 3585 1
3586 3586 1
3587 3587 1
3588 3588 1
3589 3589 1
3590 3590 1
3591 3591 1
3592 3592 1
3593 3593 1
3594 3594 1
3595 3595 1
3596 3596 1
3597 3597 1
3598 3598 1
3599 3599 1
3600 3600 1
3601 3601 1
3602 3602 1
3603 3603 1
3604 3604 1
3605 3605 1
3606 3606 1
3607 3607 1
3608 3608 1
3609 3609 1
3610 3610 1
3611 3611 1
3612 3612 1
3613 3613 1
3614 3614 1
3615 3615 1
3616 3616 1
3617 3617 1
3618 3618 1
3619 3619 1
3620 3620 1
3621 3621 1
3622 3622 1
3623 3623 1
3624 3624 1
3625 3625 1
3626 3626 1
3627 3627 1
3628 3628 1
3629 3629 1
3630 3630 1
3631 3631 1
3632 3632 1
3633 3633 1
3634 3634 1
3635 3635 1
3636 3636 1
3637 3637 1
3638 3638 1
3639 3639 1
3640 3640 1
3641 3641 1
3642 3642 1
3643 3643 1
3644 3644 1
3645 3645 1
3646 3646 1
3647 3647 1
3648 3648 1
3649 3649 1
3650 3650 1
3651 3651 1
3652 3652 1
3653 3653 1
3654 3654 1
3655 3655 1
3656 3656 1
3657 3657 1
3658 3658 1
3659 3659 1
3660 3660 1
3661 3661 1
3662 3662 1
3663 3663 1
3664 3664 1
3665 3665 1
3666 3666 1
3667 3667 1
3668 3668 1
3669 3669 1
3670 3670 1
3671 3671 1
3672 3672 1
3673 3673 1
3674 3674 1
3675 3675 1
3676 3676 1
3677 3677 1
3678 3678 1
3679 3679 1
3680 3680 1
3681 3681 1
3682 3682 1
3683 3683 1
3684 3684 1
3685 3685 1
3686 3686 1
3687 3687 1
3688 3688 1
3689 3689 1
3690 3690 1
3691 3691 1
3692 3692 1
3693 3693 1
3694 3694 1
3695 3695 1
3696 3696 1
3697 3697 1
3698 3698 1
3699 3699 1
3700 3700 1
3701 3701 1
3702 3702 1
3703 3703 1
3704 3704 1
3705 3705 1
3706 3706 1
3707 3707 1
3708 3708 1
3709 3709 1
3710 3710 1
3711 3711 1
3712 3712 1
3713 3713 1
3714 3714 1
3715 3715 1
3716 3716 1
3717 3717 1
3718 3718 1
3719 3719 1
3720 3720 1
3721 3721 1
3722 3722 1
3723 3723 1
3724 3724 1
3725 3725 1
3726 3726 1
3727 3727 1
3728 3728 1
3729 3729 1
3730 3730 1
3731 3731 1
3732 3732 1
3733 3733 1
3734 3734 1
3735 3735 1
3736 3736 1
3737 3737 1
3738 3738 1
3739 3739 1
3740 3740 1
3741 3741 1
3742 3742 1
3743 3743 1
3744 3744 1
3745 3745 1
3746 3746 1
3747 3747 1
3748 3748 1
3749 3749 1
3750 3750 1
3751 3751 1
3752 3752 1
3753 3753 1
3754 3754 1
3755 3755 1
3756 3756 1
3757 3757 1
3758 3758 1
3759 3759 1
3760 3760 1
3761 3761 1
3762 3762 1
3763 3763 1
3764 3764 1
3765 3765 1
3766 3766 1
3767 3767 1
3768 3768 1
3769 3769 1
3770 3770 1
3771 3771 1
3772 3772 1
3773 3773 1
3774 3774 1
3775 3775 1
3776 3776 1
3777 3777 1
3778 3778 1
3779 3779 1
3780 3780 1
3781 3781 1
3782 3782 1
3783 3783 1
3784 3784 1
3785 3785 1
3786 3786 1
3787 3787 1
3788 3788 1
3789 3789 1
3790 3790 1
3791 3791 1
3792 3792 1
3793 3793 1
3794 3794 1
3795 3795 1
3796 3796 1
3797 3797 1
3798 3798 1
3799 3799 1
3800 3800 1
3801 3801 1
3802 3802 1
3803 3803 1
3804 3804 1
3805 3805 1
3806 3806 1
3807 3807 1
3808 3808 1
3809 3809 1
3810 3810 1
3811 3811 1
3812 3812 1
3813 3813 1
3814 3814 1
3815 3815 1
3816 3816 1
3817 3817 1
3818 3818 1
3819 3819 1
3820 3820 1
3821 3821 1
3822 3822 1
3823 3823 1
3824 3824 1
3825 3825 1
3826 3826 1
3827 3827 1
3828 3828 1
3829 3829 1
3830 3830 1
3831 3831 1
3832 3832 1
3833 3833 1
3834 3834 1
3835 3835 1
3836 3836 1
3837 3837 1
3838 3838 1
3839 3839 1
3840 3840 1
3841 3841 1
3842 3842 1
3843 3843 1
3844 3844 1
3845 3845 1
3846 3846 1
3847 3847 1
3848 3848 1
3849 3849 1
3850 3850 1
3851 3851 1
3852 3852 1
3853 3853 1
3854 3854 1
3855 3855 1
3856 3856 1
3857 3857 1
3858 3858 1
3859 3859 1
3860 3860 1
3861 3861 1
3862 3862 1
3863 3863 1
3864 3864 1
3865 3865 1
3866 3866 1
3867 3867 1
3868 3868 1
3869 3869 1
3870 3870 1
3871 3871 1
3872 3872 1
3873 3873 1
3874 3874 1
3875 3875 1
3876 3876 1
3877 3877 1
3878 3878 1
3879 3879 1
3880 3880 1
3881 3881 1
3882 3882 1
3883 3883 1
3884 3884 1
3885 3885 1
3886 3886 1
3887 3887 1
3888 3888 1
3889 3889 1
3890 3890 1
3891 3891 1
3892 3892 1
3893 3893 1
3894 3894 1
3895 3895 1
3896 3896 1
3897 3897 1
3898 3898 1
3899 3899 1
3900 3900 1
3901 3901 1
3902 3902 1
3903 3903 1
3904 3904 1
3905 3905 1
3906 3906 1
3907 3907 1
3908 3908 1
3909 3909 1
3910 3910 1
3911 3911 1
3912 3912 1
3913 3913 1
3914 3914 1
3915 3915 1
3916 3916 1
3917 3917 1
3918 3918 1
3919 3919 1
3920 3920 1
3921 3921 1
3922 3922 1
3923 3923 1
3924 3924 1
3925 3925 1
3926 3926 1
3927 3927 1
3928 3928 1
3929 3929 1
3930 3930 1
3931 3931 1
3932 3932 1
3933 3933 1
3934 3934 1
3935 3935 1
3936 3936 1
3937 3937 1
3938 3938 1
3939 3939 1
3940 3940 1
3941 3941 1
3942 3942 1
3943 3943 1
3944 3944 1
3945 3945 1
3946 3946 1
3947 3947 1
3948 3948 1
3949 3949 1
3950 3950 1
3951 3951 1
3952 3952 1
3953 3953 1
3954 3954 1
3955 3955 1
3956 3956 1
3957 3957 1
3958 3958 1
3959 3959 1
3960 3960 1
3961 3961 1
3962 3962 1
3963 3963 1
3964 3964 1
3965 3965 1
3966 3966 1
3967 3967 1
3968 3968 1
3969 3969 1
3970 3970 1
3971 3971 1
3972 3972 1
3973 3973 1
3974 3974 1
3975 3975 1
3976 3976 1
3977 3977 1
3978 3978 1
3979 3979 1
3980 3980 1
3981 3981 1
3982 3982 1
3983 3983 1
3984 3984 1
3985 3985 1
3986 3986 1
3987 3987 1
3988 3988 1
3989 3989 1
3990 3990 1
3991 3991 1
3992 3992 1
3993 3993 1
3994 3994 1
3995 3995 1
3996 3996 1
3997 3997 1
3998 3998 1
3999 3999 1
4000 4000 1
4001 4001 1
4002 4002 1
4003 4003 1
4004 4004 1
4005 4005 1
4006 4006 1
4007 4007 1
4008 4008 1
4009 4009 1
4010 4010 1
4011 4011 1
4012 4012 1
4013 4013 1
4014 4014 1
4015 4015 1
4016 4016 1
4017 4017 1
4018 4018 1
4019 4019 1
4020 4020 1
4021 4021 1
4022 4022 1
4023 4023 1
4024 4024 1
4025 4025 1
4026 4026 1
4027 4027 1
4028 4028 1
4029 4029 1
4030 4030 1
4031 4031 1
4032 4032 1
4033 4033 1
4034 4034 1
4035 4035 1
4036 4036 1
4037 4037 1
4038 4038 1
4039 4039 1
4040 4040 1
4041 4041 1
4042 4042 1
4043 4043 1
4044 4044 1
4045 4045 1
4046 4046 1
4047 4047 1
4048 4048 1
4049 4049 1
4050 4050 1
4051 4051 1
4052 4052 1
4053 4053 1
4054 4054 1
4055 4055 1
4056 4056 1
4057 4057 1
4058 4058 1
4059 4059 1
4060 4060 1
4061 4061 1
4062 4062 1
4063 4063 1
4064 4064 1
4065 4065 1
4066 4066 1
4067 4067 1
4068 4068 1
4069 4069 1
4070 4070 1
4071 4071 1
4072 4072 1
4073 4073 1
4074 4074 1
4075 4075 1
4076 4076 1
4077 4077 1
4078 4078 1
4079 4079 1
4080 4080 1
4081 4081 1
4082 4082 1
4083 4083 1
4084 4084 1
4085 4085 1
4086 4086 1
4087 4087 1
4088 4088 1
4089 4089 1
4090 4090 1
4091 4091 1
4092 4092 1
4093 4093 1
4094 4094 1
4095 4095 1
4096 4096 1
4097 4097 1
4098 4098 1
4099 4099 1
4100 4100 1
4101 4101 1
4102 4102 1
4103 4103 1
4104 4104 1
4105 4105 1
4106 4106 1
4107 4107 1
4108 4108 1
4109 4109 1
4110 4110 1
4111 4111 1
4112 4112 1
4113 4113 1
4114 4114 1
4115 4115 1
4116 4116 1
4117 4117 1
4118 4118 1
4119 4119 1
4120 4120 1
4121 4121 1
4122 4122 1
4123 4123 1
4124 4124 1
4125 4125 1
4126 4126 1
4127 4127 1
4128 4128 1
4129 4129 1
4130 4130 1
4131 4131 1
4132 4132 1
4133 4133 1
4134 4134 1
4135 4135 1
4136 4136 1
4137 4137 1
4138 4138 1
4139 4139 1
4140 4140 1
4141 4141 1
4142 4142 1
4143 4143 1
4144 4144 1
4145 4145 1
4146 4146 1
4147 4147 1
4148 4148 1
4149 4149 1
4150 4150 1
4151 4151 1
4152 4152 1
4153 4153 1
4154 4154 1
4155 4155 1
4156 4156 1
4157 4157 1
