# ca-HepPh 11204 117649 25
0 0
1 0
2 17
3 0
4 0
5 0
6 0
7 0
8 0
9 10
10 0
11 0
12 16
13 0
14 0
15 0
16 0
17 0
18 24
19 17
20 0
21 22
22 0
23 6
24 17
25 0
26 0
27 0
28 0
29 0
30 0
31 0
32 0
33 0
34 0
35 17
36 17
37 0
38 0
39 0
40 0
41 0
42 0
43 22
44 0
45 0
46 0
47 6
48 2
49 0
50 17
51 0
52 0
53 0
54 0
55 0
56 16
57 0
58 0
59 0
60 0
61 0
62 0
63 0
64 2
65 10
66 0
67 0
68 10
69 0
70 0
71 0
72 0
73 0
74 0
75 0
76 0
77 0
78 17
79 10
80 0
81 0
82 0
83 1
84 0
85 17
86 17
87 0
88 0
89 0
90 0
91 0
92 0
93 0
94 0
95 0
96 0
97 0
98 0
99 10
100 0
101 0
102 0
103 0
104 0
105 13
106 0
107 0
108 24
109 0
110 6
111 11
112 0
113 0
114 10
115 0
116 1
117 10
118 17
119 24
120 17
121 24
122 0
123 0
124 3
125 0
126 0
127 0
128 0
129 0
130 0
131 0
132 0
133 0
134 0
135 0
136 0
137 0
138 0
139 0
140 0
141 0
142 21
143 0
144 0
145 0
146 0
147 0
148 0
149 0
150 0
151 0
152 0
153 0
154 0
155 0
156 0
157 17
158 0
159 17
160 0
161 0
162 0
163 17
164 3
165 0
166 0
167 0
168 17
169 0
170 0
171 0
172 0
173 0
174 11
175 0
176 0
177 0
178 4
179 0
180 0
181 0
182 0
183 0
184 0
185 0
186 0
187 0
188 17
189 0
190 0
191 0
192 17
193 0
194 0
195 0
196 0
197 0
198 3
199 17
200 0
201 0
202 0
203 0
204 0
205 0
206 9
207 0
208 17
209 0
210 0
211 0
212 0
213 0
214 0
215 0
216 17
217 4
218 17
219 17
220 0
221 0
222 17
223 0
224 0
225 0
226 0
227 0
228 18
229 17
230 0
231 0
232 0
233 0
234 0
235 0
236 17
237 0
238 0
239 17
240 0
241 0
242 0
243 20
244 0
245 0
246 0
247 0
248 17
249 0
250 17
251 0
252 0
253 0
254 10
255 0
256 17
257 0
258 5
259 0
260 0
261 9
262 4
263 0
264 0
265 0
266 0
267 0
268 0
269 16
270 0
271 0
272 0
273 10
274 10
275 0
276 0
277 5
278 0
279 0
280 22
281 12
282 0
283 0
284 24
285 6
286 0
287 6
288 0
289 4
290 0
291 0
292 0
293 0
294 0
295 24
296 0
297 0
298 0
299 0
300 21
301 17
302 0
303 17
304 15
305 0
306 0
307 0
308 17
309 6
310 0
311 0
312 0
313 17
314 24
315 0
316 0
317 0
318 0
319 0
320 0
321 0
322 0
323 0
324 24
325 17
326 0
327 0
328 17
329 0
330 0
331 0
332 0
333 17
334 0
335 0
336 0
337 0
338 0
339 0
340 0
341 0
342 0
343 0
344 0
345 0
346 24
347 0
348 0
349 0
350 0
351 0
352 0
353 0
354 0
355 0
356 0
357 17
358 0
359 0
360 0
361 0
362 0
363 0
364 0
365 10
366 0
367 0
368 0
369 0
370 0
371 0
372 0
373 0
374 0
375 0
376 0
377 0
378 0
379 6
380 0
381 0
382 0
383 0
384 6
385 0
386 0
387 0
388 0
389 0
390 0
391 0
392 0
393 0
394 0
395 0
396 0
397 16
398 0
399 0
400 0
401 0
402 0
403 0
404 0
405 0
406 6
407 0
408 10
409 0
410 0
411 0
412 17
413 2
414 0
415 0
416 17
417 0
418 0
419 12
420 0
421 0
422 0
423 0
424 0
425 0
426 0
427 0
428 2
429 15
430 17
431 0
432 0
433 0
434 16
435 0
436 6
437 0
438 0
439 4
440 0
441 0
442 0
443 0
444 0
445 0
446 0
447 0
448 0
449 17
450 10
451 0
452 24
453 23
454 0
455 0
456 0
457 0
458 0
459 17
460 0
461 0
462 0
463 0
464 0
465 0
466 0
467 0
468 0
469 0
470 0
471 24
472 0
473 5
474 0
475 0
476 0
477 0
478 0
479 0
480 0
481 0
482 0
483 0
484 0
485 0
486 0
487 0
488 0
489 0
490 4
491 0
492 0
493 0
494 0
495 0
496 4
497 0
498 0
499 0
500 0
501 0
502 0
503 0
504 0
505 0
506 0
507 24
508 0
509 0
510 0
511 3
512 0
513 0
514 24
515 0
516 0
517 0
518 0
519 0
520 0
521 0
522 0
523 0
524 2
525 0
526 0
527 0
528 0
529 0
530 10
531 0
532 17
533 17
534 0
535 0
536 17
537 0
538 0
539 0
540 0
541 0
542 0
543 0
544 0
545 23
546 0
547 0
548 0
549 0
550 0
551 24
552 0
553 0
554 0
555 0
556 0
557 0
558 0
559 0
560 0
561 0
562 0
563 0
564 0
565 0
566 0
567 0
568 0
569 11
570 0
571 13
572 0
573 0
574 6
575 17
576 0
577 0
578 0
579 0
580 0
581 24
582 6
583 0
584 0
585 0
586 20
587 0
588 0
589 0
590 0
591 0
592 0
593 0
594 0
595 0
596 0
597 0
598 17
599 17
600 0
601 0
602 0
603 0
604 0
605 0
606 0
607 0
608 0
609 0
610 0
611 0
612 0
613 0
614 0
615 0
616 20
617 0
618 0
619 0
620 0
621 0
622 0
623 0
624 0
625 0
626 0
627 0
628 0
629 0
630 17
631 0
632 0
633 10
634 0
635 0
636 16
637 0
638 0
639 0
640 0
641 17
642 0
643 0
644 17
645 0
646 0
647 0
648 0
649 0
650 0
651 0
652 0
653 0
654 0
655 0
656 0
657 0
658 0
659 0
660 0
661 24
662 24
663 0
664 0
665 0
666 0
667 0
668 0
669 0
670 0
671 17
672 0
673 0
674 16
675 0
676 0
677 0
678 0
679 0
680 0
681 0
682 0
683 0
684 0
685 0
686 4
687 17
688 0
689 0
690 0
691 4
692 0
693 17
694 24
695 0
696 0
697 0
698 0
699 0
700 0
701 0
702 0
703 0
704 17
705 24
706 0
707 0
708 0
709 0
710 0
711 0
712 10
713 2
714 10
715 0
716 22
717 0
718 0
719 0
720 0
721 0
722 0
723 17
724 0
725 24
726 0
727 0
728 0
729 24
730 24
731 4
732 17
733 4
734 0
735 0
736 0
737 0
738 0
739 0
740 0
741 11
742 0
743 0
744 23
745 0
746 6
747 0
748 4
749 0
750 0
751 0
752 0
753 17
754 24
755 0
756 0
757 0
758 0
759 1
760 0
761 0
762 6
763 0
764 0
765 0
766 24
767 0
768 0
769 0
770 0
771 0
772 6
773 0
774 0
775 0
776 0
777 0
778 0
779 0
780 17
781 0
782 0
783 0
784 24
785 0
786 0
787 0
788 0
789 0
790 0
791 0
792 0
793 0
794 0
795 0
796 17
797 0
798 0
799 24
800 0
801 17
802 0
803 0
804 0
805 0
806 0
807 0
808 17
809 10
810 0
811 0
812 17
813 0
814 0
815 20
816 4
817 16
818 0
819 0
820 17
821 0
822 0
823 0
824 0
825 0
826 0
827 10
828 16
829 5
830 0
831 10
832 0
833 0
834 17
835 24
836 10
837 24
838 0
839 0
840 0
841 0
842 1
843 0
844 2
845 21
846 0
847 17
848 11
849 0
850 0
851 2
852 24
853 0
854 0
855 0
856 0
857 0
858 0
859 0
860 10
861 0
862 0
863 0
864 0
865 0
866 0
867 0
868 0
869 0
870 10
871 2
872 16
873 24
874 0
875 0
876 0
877 10
878 0
879 24
880 0
881 17
882 0
883 0
884 0
885 0
886 0
887 0
888 0
889 0
890 0
891 17
892 0
893 0
894 0
895 0
896 0
897 0
898 0
899 0
900 0
901 0
902 0
903 0
904 0
905 0
906 0
907 0
908 0
909 0
910 0
911 4
912 0
913 0
914 17
915 0
916 24
917 10
918 0
919 17
920 6
921 0
922 0
923 0
924 6
925 0
926 0
927 0
928 0
929 0
930 0
931 0
932 4
933 0
934 15
935 0
936 0
937 0
938 0
939 0
940 0
941 6
942 0
943 0
944 16
945 0
946 23
947 0
948 0
949 24
950 24
951 0
952 0
953 0
954 17
955 0
956 0
957 0
958 0
959 0
960 0
961 0
962 0
963 0
964 17
965 0
966 0
967 4
968 12
969 0
970 17
971 10
972 0
973 10
974 20
975 0
976 0
977 0
978 23
979 0
980 16
981 17
982 0
983 0
984 0
985 0
986 0
987 2
988 0
989 0
990 0
991 10
992 4
993 0
994 0
995 0
996 0
997 0
998 16
999 0
1000 17
1001 0
1002 0
1003 0
1004 0
1005 0
1006 0
1007 0
1008 0
1009 0
1010 0
1011 0
1012 0
1013 0
1014 0
1015 0
1016 0
1017 10
1018 0
1019 0
1020 0
1021 0
1022 0
1023 24
1024 0
1025 0
1026 0
1027 0
1028 0
1029 0
1030 0
1031 0
1032 0
1033 0
1034 0
1035 0
1036 0
1037 0
1038 0
1039 0
1040 0
1041 0
1042 17
1043 0
1044 0
1045 0
1046 0
1047 10
1048 0
1049 5
1050 0
1051 10
1052 0
1053 0
1054 0
1055 0
1056 0
1057 0
1058 0
1059 4
1060 0
1061 0
1062 0
1063 24
1064 0
1065 0
1066 0
1067 17
1068 0
1069 0
1070 24
1071 0
1072 0
1073 0
1074 0
1075 0
1076 0
1077 6
1078 24
1079 0
1080 0
1081 0
1082 0
1083 0
1084 0
1085 10
1086 0
1087 0
1088 0
1089 0
1090 0
1091 6
1092 0
1093 0
1094 0
1095 0
1096 0
1097 0
1098 0
1099 0
1100 0
1101 0
1102 0
1103 24
1104 0
1105 0
1106 24
1107 15
1108 0
1109 0
1110 17
1111 0
1112 0
1113 0
1114 0
1115 12
1116 0
1117 0
1118 23
1119 0
1120 0
1121 1
1122 0
1123 0
1124 0
1125 0
1126 0
1127 0
1128 0
1129 0
1130 0
1131 0
1132 24
1133 0
1134 0
1135 4
1136 0
1137 17
1138 0
1139 0
1140 0
1141 21
1142 0
1143 0
1144 0
1145 0
1146 0
1147 0
1148 0
1149 17
1150 0
1151 0
1152 0
1153 0
1154 0
1155 0
1156 0
1157 0
1158 0
1159 0
1160 0
1161 0
1162 15
1163 0
1164 0
1165 17
1166 12
1167 0
1168 0
1169 0
1170 0
1171 0
1172 24
1173 0
1174 0
1175 4
1176 0
1177 0
1178 0
1179 0
1180 0
1181 0
1182 0
1183 0
1184 17
1185 0
1186 1
1187 0
1188 0
1189 0
1190 0
1191 24
1192 0
1193 0
1194 0
1195 0
1196 0
1197 0
1198 0
1199 0
1200 10
1201 0
1202 0
1203 0
1204 0
1205 24
1206 0
1207 0
1208 0
1209 0
1210 3
1211 0
1212 0
1213 0
1214 0
1215 0
1216 4
1217 17
1218 0
1219 0
1220 0
1221 6
1222 4
1223 10
1224 0
1225 0
1226 0
1227 0
1228 0
1229 0
1230 0
1231 0
1232 0
1233 5
1234 0
1235 0
1236 0
1237 17
1238 0
1239 24
1240 0
1241 17
1242 0
1243 0
1244 0
1245 0
1246 0
1247 0
1248 17
1249 0
1250 0
1251 0
1252 0
1253 0
1254 17
1255 0
1256 0
1257 0
1258 6
1259 17
1260 0
1261 0
1262 0
1263 0
1264 0
1265 0
1266 0
1267 0
1268 0
1269 0
1270 0
1271 0
1272 0
1273 11
1274 0
1275 0
1276 0
1277 17
1278 22
1279 0
1280 0
1281 0
1282 0
1283 0
1284 0
1285 0
1286 0
1287 0
1288 0
1289 24
1290 0
1291 0
1292 10
1293 0
1294 0
1295 15
1296 0
1297 0
1298 0
1299 0
1300 0
1301 0
1302 0
1303 0
1304 17
1305 0
1306 0
1307 0
1308 0
1309 0
1310 10
1311 22
1312 2
1313 24
1314 0
1315 0
1316 12
1317 12
1318 17
1319 0
1320 22
1321 0
1322 0
1323 17
1324 24
1325 17
1326 6
1327 0
1328 6
1329 2
1330 0
1331 0
1332 0
1333 6
1334 17
1335 4
1336 0
1337 0
1338 0
1339 0
1340 0
1341 0
1342 12
1343 0
1344 24
1345 0
1346 0
1347 17
1348 0
1349 0
1350 0
1351 0
1352 0
1353 17
1354 0
1355 0
1356 0
1357 17
1358 0
1359 0
1360 0
1361 0
1362 0
1363 0
1364 24
1365 17
1366 0
1367 1
1368 0
1369 0
1370 4
1371 17
1372 0
1373 17
1374 0
1375 0
1376 17
1377 24
1378 0
1379 2
1380 0
1381 0
1382 0
1383 24
1384 0
1385 0
1386 0
1387 0
1388 0
1389 24
1390 0
1391 0
1392 0
1393 0
1394 5
1395 0
1396 0
1397 0
1398 0
1399 0
1400 0
1401 0
1402 0
1403 0
1404 0
1405 0
1406 0
1407 0
1408 0
1409 0
1410 0
1411 17
1412 0
1413 0
1414 0
1415 0
1416 24
1417 0
1418 10
1419 0
1420 0
1421 0
1422 0
1423 0
1424 0
1425 0
1426 0
1427 0
1428 0
1429 0
1430 0
1431 10
1432 0
1433 0
1434 0
1435 1
1436 0
1437 0
1438 0
1439 0
1440 5
1441 0
1442 0
1443 0
1444 0
1445 0
1446 17
1447 0
1448 10
1449 0
1450 0
1451 6
1452 0
1453 0
1454 0
1455 22
1456 24
1457 0
1458 0
1459 0
1460 0
1461 0
1462 0
1463 0
1464 0
1465 1
1466 17
1467 17
1468 0
1469 0
1470 0
1471 0
1472 0
1473 17
1474 12
1475 0
1476 0
1477 0
1478 23
1479 0
1480 0
1481 0
1482 0
1483 0
1484 0
1485 0
1486 0
1487 0
1488 0
1489 0
1490 0
1491 9
1492 0
1493 0
1494 6
1495 0
1496 0
1497 0
1498 0
1499 9
1500 0
1501 0
1502 0
1503 0
1504 0
1505 0
1506 0
1507 0
1508 0
1509 9
1510 0
1511 0
1512 24
1513 0
1514 0
1515 0
1516 0
1517 17
1518 0
1519 0
1520 0
1521 0
1522 0
1523 0
1524 0
1525 13
1526 21
1527 0
1528 0
1529 0
1530 0
1531 10
1532 17
1533 0
1534 0
1535 0
1536 0
1537 17
1538 0
1539 0
1540 0
1541 20
1542 0
1543 0
1544 0
1545 17
1546 0
1547 0
1548 0
1549 0
1550 0
1551 0
1552 22
1553 17
1554 0
1555 0
1556 0
1557 0
1558 0
1559 0
1560 17
1561 10
1562 0
1563 0
1564 0
1565 0
1566 0
1567 0
1568 0
1569 0
1570 17
1571 0
1572 22
1573 0
1574 0
1575 0
1576 24
1577 17
1578 0
1579 0
1580 0
1581 0
1582 0
1583 0
1584 24
1585 0
1586 2
1587 17
1588 0
1589 0
1590 0
1591 6
1592 0
1593 0
1594 0
1595 0
1596 0
1597 0
1598 0
1599 0
1600 24
1601 0
1602 0
1603 10
1604 0
1605 0
1606 0
1607 0
1608 17
1609 0
1610 17
1611 0
1612 0
1613 0
1614 0
1615 0
1616 0
1617 6
1618 0
1619 0
1620 0
1621 24
1622 6
1623 0
1624 21
1625 0
1626 0
1627 0
1628 17
1629 10
1630 0
1631 0
1632 0
1633 6
1634 2
1635 13
1636 0
1637 0
1638 3
1639 0
1640 0
1641 0
1642 0
1643 24
1644 0
1645 0
1646 0
1647 0
1648 6
1649 0
1650 0
1651 0
1652 0
1653 21
1654 0
1655 0
1656 0
1657 0
1658 0
1659 0
1660 0
1661 0
1662 0
1663 17
1664 0
1665 0
1666 22
1667 0
1668 0
1669 0
1670 0
1671 0
1672 0
1673 0
1674 0
1675 0
1676 0
1677 17
1678 0
1679 0
1680 0
1681 0
1682 0
1683 0
1684 24
1685 17
1686 0
1687 0
1688 0
1689 17
1690 0
1691 0
1692 0
1693 6
1694 10
1695 0
1696 0
1697 0
1698 0
1699 0
1700 0
1701 0
1702 15
1703 17
1704 6
1705 0
1706 0
1707 0
1708 0
1709 0
1710 16
1711 0
1712 17
1713 0
1714 17
1715 0
1716 0
1717 0
1718 0
1719 10
1720 0
1721 0
1722 0
1723 0
1724 13
1725 0
1726 0
1727 0
1728 0
1729 17
1730 0
1731 0
1732 0
1733 0
1734 17
1735 10
1736 0
1737 0
1738 0
1739 0
1740 0
1741 0
1742 17
1743 0
1744 0
1745 0
1746 0
1747 6
1748 0
1749 0
1750 0
1751 0
1752 24
1753 0
1754 0
1755 0
1756 24
1757 0
1758 0
1759 0
1760 0
1761 6
1762 0
1763 17
1764 2
1765 0
1766 0
1767 0
1768 0
1769 0
1770 0
1771 12
1772 0
1773 17
1774 0
1775 0
1776 3
1777 0
1778 0
1779 0
1780 0
1781 0
1782 0
1783 0
1784 0
1785 0
1786 0
1787 24
1788 0
1789 0
1790 0
1791 0
1792 4
1793 24
1794 0
1795 0
1796 0
1797 0
1798 0
1799 20
1800 0
1801 0
1802 0
1803 24
1804 0
1805 24
1806 0
1807 0
1808 0
1809 0
1810 0
1811 0
1812 0
1813 0
1814 17
1815 0
1816 0
1817 0
1818 0
1819 6
1820 0
1821 24
1822 6
1823 17
1824 17
1825 0
1826 0
1827 17
1828 4
1829 0
1830 0
1831 0
1832 0
1833 0
1834 0
1835 24
1836 0
1837 0
1838 0
1839 6
1840 0
1841 0
1842 17
1843 0
1844 0
1845 0
1846 0
1847 17
1848 0
1849 0
1850 0
1851 0
1852 21
1853 17
1854 10
1855 0
1856 2
1857 0
1858 0
1859 20
1860 0
1861 0
1862 0
1863 10
1864 3
1865 0
1866 0
1867 17
1868 22
1869 0
1870 0
1871 0
1872 0
1873 0
1874 0
1875 17
1876 0
1877 0
1878 1
1879 0
1880 0
1881 6
1882 0
1883 17
1884 0
1885 0
1886 0
1887 17
1888 0
1889 22
1890 9
1891 0
1892 24
1893 0
1894 0
1895 6
1896 0
1897 0
1898 12
1899 0
1900 0
1901 0
1902 0
1903 0
1904 0
1905 0
1906 17
1907 0
1908 0
1909 0
1910 0
1911 21
1912 0
1913 0
1914 17
1915 0
1916 0
1917 0
1918 0
1919 12
1920 0
1921 0
1922 0
1923 4
1924 0
1925 0
1926 0
1927 24
1928 17
1929 0
1930 0
1931 0
1932 0
1933 0
1934 0
1935 0
1936 0
1937 0
1938 0
1939 0
1940 0
1941 0
1942 0
1943 4
1944 0
1945 0
1946 0
1947 0
1948 0
1949 0
1950 0
1951 0
1952 0
1953 0
1954 0
1955 0
1956 0
1957 0
1958 0
1959 24
1960 0
1961 0
1962 11
1963 4
1964 24
1965 17
1966 10
1967 0
1968 24
1969 0
1970 10
1971 0
1972 0
1973 0
1974 0
1975 0
1976 24
1977 0
1978 0
1979 24
1980 0
1981 0
1982 0
1983 0
1984 3
1985 0
1986 10
1987 0
1988 4
1989 0
1990 17
1991 0
1992 0
1993 0
1994 0
1995 0
1996 0
1997 0
1998 0
1999 20
2000 0
2001 0
2002 6
2003 22
2004 6
2005 16
2006 0
2007 4
2008 0
2009 0
2010 0
2011 0
2012 0
2013 0
2014 16
2015 0
2016 0
2017 4
2018 0
2019 6
2020 0
2021 24
2022 0
2023 0
2024 0
2025 0
2026 0
2027 0
2028 0
2029 0
2030 0
2031 0
2032 0
2033 0
2034 0
2035 0
2036 17
2037 0
2038 0
2039 0
2040 0
2041 24
2042 0
2043 0
2044 2
2045 0
2046 0
2047 0
2048 0
2049 0
2050 6
2051 0
2052 0
2053 0
2054 24
2055 0
2056 5
2057 0
2058 0
2059 0
2060 0
2061 0
2062 0
2063 0
2064 0
2065 0
2066 0
2067 17
2068 24
2069 0
2070 0
2071 0
2072 0
2073 0
2074 0
2075 0
2076 0
2077 0
2078 24
2079 0
2080 0
2081 0
2082 0
2083 0
2084 0
2085 0
2086 24
2087 0
2088 0
2089 0
2090 0
2091 0
2092 0
2093 17
2094 0
2095 0
2096 0
2097 17
2098 0
2099 16
2100 1
2101 17
2102 0
2103 0
2104 17
2105 24
2106 0
2107 17
2108 0
2109 0
2110 0
2111 0
2112 0
2113 0
2114 0
2115 0
2116 0
2117 0
2118 0
2119 0
2120 0
2121 17
2122 0
2123 0
2124 1
2125 0
2126 0
2127 0
2128 0
2129 22
2130 0
2131 0
2132 0
2133 0
2134 7
2135 0
2136 0
2137 0
2138 0
2139 0
2140 17
2141 0
2142 0
2143 0
2144 0
2145 0
2146 0
2147 0
2148 0
2149 0
2150 17
2151 0
2152 24
2153 0
2154 17
2155 0
2156 0
2157 0
2158 0
2159 4
2160 0
2161 0
2162 0
2163 24
2164 0
2165 17
2166 0
2167 0
2168 0
2169 0
2170 0
2171 24
2172 0
2173 17
2174 0
2175 0
2176 0
2177 0
2178 0
2179 0
2180 17
2181 17
2182 24
2183 0
2184 0
2185 0
2186 10
2187 0
2188 0
2189 0
2190 17
2191 24
2192 13
2193 0
2194 0
2195 0
2196 0
2197 0
2198 4
2199 0
2200 0
2201 0
2202 24
2203 0
2204 0
2205 24
2206 17
2207 0
2208 17
2209 0
2210 0
2211 0
2212 0
2213 0
2214 0
2215 17
2216 0
2217 0
2218 0
2219 17
2220 0
2221 3
2222 24
2223 0
2224 0
2225 17
2226 20
2227 0
2228 0
2229 0
2230 0
2231 0
2232 0
2233 0
2234 0
2235 0
2236 17
2237 4
2238 0
2239 0
2240 0
2241 0
2242 17
2243 0
2244 0
2245 0
2246 0
2247 0
2248 24
2249 17
2250 0
2251 17
2252 0
2253 0
2254 24
2255 0
2256 0
2257 10
2258 0
2259 0
2260 0
2261 13
2262 0
2263 0
2264 0
2265 6
2266 13
2267 0
2268 0
2269 17
2270 0
2271 0
2272 0
2273 0
2274 0
2275 0
2276 24
2277 0
2278 0
2279 0
2280 0
2281 0
2282 0
2283 0
2284 0
2285 10
2286 10
2287 0
2288 0
2289 17
2290 0
2291 0
2292 17
2293 0
2294 0
2295 0
2296 0
2297 0
2298 0
2299 1
2300 0
2301 4
2302 0
2303 0
2304 4
2305 4
2306 0
2307 0
2308 0
2309 0
2310 0
2311 0
2312 0
2313 10
2314 10
2315 0
2316 0
2317 0
2318 0
2319 2
2320 0
2321 0
2322 0
2323 0
2324 0
2325 0
2326 0
2327 20
2328 9
2329 0
2330 0
2331 0
2332 0
2333 17
2334 17
2335 0
2336 0
2337 0
2338 0
2339 10
2340 16
2341 24
2342 24
2343 24
2344 0
2345 0
2346 5
2347 0
2348 0
2349 0
2350 0
2351 0
2352 17
2353 0
2354 0
2355 10
2356 0
2357 0
2358 0
2359 0
2360 0
2361 0
2362 24
2363 10
2364 0
2365 0
2366 0
2367 0
2368 0
2369 0
2370 24
2371 0
2372 17
2373 0
2374 0
2375 17
2376 16
2377 0
2378 0
2379 0
2380 11
2381 0
2382 0
2383 23
2384 0
2385 0
2386 16
2387 17
2388 6
2389 0
2390 2
2391 0
2392 0
2393 24
2394 17
2395 0
2396 0
2397 17
2398 0
2399 0
2400 0
2401 0
2402 0
2403 0
2404 4
2405 0
2406 0
2407 0
2408 0
2409 17
2410 0
2411 0
2412 0
2413 0
2414 0
2415 0
2416 0
2417 17
2418 0
2419 0
2420 0
2421 0
2422 24
2423 0
2424 0
2425 0
2426 0
2427 0
2428 5
2429 0
2430 15
2431 0
2432 0
2433 0
2434 0
2435 0
2436 0
2437 0
2438 0
2439 0
2440 0
2441 0
2442 15
2443 0
2444 0
2445 0
2446 0
2447 10
2448 10
2449 0
2450 17
2451 0
2452 0
2453 0
2454 0
2455 0
2456 0
2457 0
2458 0
2459 0
2460 0
2461 0
2462 0
2463 0
2464 0
2465 0
2466 0
2467 0
2468 0
2469 0
2470 0
2471 0
2472 10
2473 0
2474 0
2475 0
2476 0
2477 0
2478 0
2479 0
2480 0
2481 0
2482 0
2483 0
2484 24
2485 0
2486 0
2487 0
2488 0
2489 0
2490 9
2491 0
2492 0
2493 0
2494 24
2495 0
2496 17
2497 0
2498 0
2499 0
2500 0
2501 24
2502 0
2503 0
2504 0
2505 0
2506 17
2507 0
2508 14
2509 0
2510 0
2511 23
2512 0
2513 0
2514 0
2515 0
2516 0
2517 0
2518 24
2519 0
2520 17
2521 0
2522 0
2523 17
2524 17
2525 0
2526 0
2527 0
2528 0
2529 0
2530 0
2531 0
2532 0
2533 0
2534 0
2535 0
2536 0
2537 0
2538 13
2539 0
2540 0
2541 0
2542 4
2543 0
2544 15
2545 0
2546 0
2547 1
2548 0
2549 0
2550 0
2551 24
2552 0
2553 17
2554 0
2555 17
2556 0
2557 17
2558 0
2559 0
2560 0
2561 4
2562 10
2563 0
2564 24
2565 0
2566 0
2567 0
2568 0
2569 0
2570 0
2571 17
2572 0
2573 0
2574 5
2575 0
2576 0
2577 0
2578 12
2579 0
2580 0
2581 0
2582 0
2583 0
2584 0
2585 0
2586 0
2587 0
2588 0
2589 0
2590 0
2591 0
2592 0
2593 0
2594 6
2595 0
2596 0
2597 0
2598 0
2599 0
2600 0
2601 0
2602 17
2603 24
2604 0
2605 17
2606 0
2607 0
2608 0
2609 0
2610 4
2611 0
2612 0
2613 0
2614 0
2615 0
2616 6
2617 0
2618 0
2619 0
2620 0
2621 0
2622 0
2623 0
2624 0
2625 0
2626 0
2627 0
2628 6
2629 0
2630 10
2631 0
2632 17
2633 0
2634 17
2635 0
2636 0
2637 0
2638 4
2639 0
2640 0
2641 0
2642 17
2643 0
2644 0
2645 0
2646 5
2647 0
2648 0
2649 0
2650 0
2651 0
2652 0
2653 0
2654 0
2655 0
2656 0
2657 24
2658 24
2659 0
2660 0
2661 0
2662 0
2663 0
2664 0
2665 24
2666 0
2667 0
2668 6
2669 0
2670 0
2671 17
2672 0
2673 0
2674 0
2675 0
2676 0
2677 0
2678 0
2679 9
2680 0
2681 0
2682 0
2683 0
2684 0
2685 0
2686 0
2687 0
2688 0
2689 0
2690 0
2691 0
2692 0
2693 17
2694 0
2695 24
2696 0
2697 17
2698 0
2699 0
2700 0
2701 24
2702 24
2703 0
2704 0
2705 0
2706 0
2707 0
2708 0
2709 0
2710 17
2711 0
2712 0
2713 0
2714 0
2715 17
2716 0
2717 0
2718 0
2719 0
2720 0
2721 0
2722 0
2723 0
2724 0
2725 0
2726 0
2727 0
2728 0
2729 0
2730 0
2731 0
2732 0
2733 0
2734 0
2735 10
2736 0
2737 0
2738 0
2739 0
2740 0
2741 1
2742 0
2743 3
2744 0
2745 0
2746 0
2747 0
2748 0
2749 0
2750 0
2751 17
2752 0
2753 0
2754 0
2755 0
2756 0
2757 17
2758 20
2759 0
2760 0
2761 0
2762 0
2763 0
2764 24
2765 0
2766 0
2767 0
2768 0
2769 17
2770 17
2771 0
2772 0
2773 0
2774 0
2775 0
2776 0
2777 0
2778 17
2779 2
2780 1
2781 0
2782 0
2783 0
2784 0
2785 0
2786 0
2787 0
2788 0
2789 0
2790 0
2791 24
2792 0
2793 0
2794 24
2795 16
2796 0
2797 0
2798 0
2799 0
2800 0
2801 0
2802 0
2803 0
2804 17
2805 0
2806 24
2807 1
2808 0
2809 0
2810 11
2811 4
2812 17
2813 0
2814 0
2815 0
2816 0
2817 0
2818 0
2819 0
2820 0
2821 2
2822 0
2823 0
2824 2
2825 24
2826 0
2827 0
2828 0
2829 0
2830 0
2831 24
2832 16
2833 0
2834 0
2835 0
2836 0
2837 10
2838 0
2839 0
2840 0
2841 0
2842 5
2843 0
2844 0
2845 0
2846 0
2847 5
2848 24
2849 17
2850 0
2851 0
2852 17
2853 0
2854 0
2855 0
2856 23
2857 0
2858 0
2859 0
2860 0
2861 10
2862 0
2863 0
2864 0
2865 0
2866 0
2867 10
2868 0
2869 17
2870 0
2871 0
2872 0
2873 10
2874 0
2875 0
2876 0
2877 0
2878 0
2879 0
2880 11
2881 0
2882 0
2883 0
2884 17
2885 0
2886 0
2887 0
2888 0
2889 0
2890 0
2891 0
2892 17
2893 0
2894 17
2895 0
2896 17
2897 0
2898 0
2899 0
2900 24
2901 0
2902 0
2903 10
2904 1
2905 0
2906 0
2907 0
2908 0
2909 10
2910 0
2911 0
2912 17
2913 10
2914 0
2915 17
2916 24
2917 0
2918 0
2919 0
2920 24
2921 17
2922 0
2923 0
2924 17
2925 0
2926 0
2927 0
2928 0
2929 0
2930 10
2931 0
2932 21
2933 0
2934 0
2935 0
2936 10
2937 0
2938 17
2939 0
2940 0
2941 6
2942 0
2943 0
2944 0
2945 17
2946 24
2947 0
2948 0
2949 0
2950 0
2951 0
2952 0
2953 17
2954 0
2955 0
2956 0
2957 0
2958 0
2959 10
2960 0
2961 0
2962 0
2963 0
2964 0
2965 0
2966 0
2967 0
2968 0
2969 0
2970 0
2971 0
2972 0
2973 0
2974 0
2975 24
2976 0
2977 0
2978 0
2979 0
2980 0
2981 0
2982 0
2983 0
2984 0
2985 0
2986 16
2987 0
2988 0
2989 0
2990 0
2991 0
2992 0
2993 0
2994 0
2995 0
2996 0
2997 0
2998 0
2999 0
3000 0
3001 0
3002 0
3003 24
3004 0
3005 24
3006 0
3007 0
3008 0
3009 0
3010 24
3011 0
3012 0
3013 0
3014 0
3015 0
3016 0
3017 17
3018 0
3019 0
3020 0
3021 0
3022 0
3023 0
3024 0
3025 0
3026 4
3027 0
3028 0
3029 17
3030 0
3031 17
3032 24
3033 0
3034 0
3035 0
3036 0
3037 0
3038 0
3039 5
3040 17
3041 5
3042 0
3043 0
3044 0
3045 0
3046 0
3047 24
3048 16
3049 0
3050 24
3051 0
3052 0
3053 0
3054 0
3055 24
3056 0
3057 0
3058 3
3059 10
3060 24
3061 0
3062 0
3063 0
3064 6
3065 0
3066 0
3067 0
3068 0
3069 0
3070 0
3071 0
3072 0
3073 23
3074 0
3075 0
3076 4
3077 17
3078 0
3079 0
3080 0
3081 0
3082 24
3083 0
3084 0
3085 0
3086 0
3087 0
3088 0
3089 0
3090 0
3091 5
3092 0
3093 0
3094 0
3095 0
3096 0
3097 0
3098 0
3099 17
3100 0
3101 0
3102 0
3103 0
3104 0
3105 1
3106 17
3107 0
3108 17
3109 0
3110 5
3111 0
3112 0
3113 10
3114 0
3115 0
3116 24
3117 0
3118 10
3119 17
3120 0
3121 0
3122 5
3123 0
3124 0
3125 0
3126 0
3127 0
3128 0
3129 0
3130 6
3131 0
3132 0
3133 24
3134 24
3135 0
3136 0
3137 0
3138 0
3139 0
3140 0
3141 0
3142 0
3143 0
3144 0
3145 0
3146 11
3147 0
3148 0
3149 17
3150 17
3151 0
3152 17
3153 0
3154 0
3155 0
3156 0
3157 17
3158 0
3159 0
3160 6
3161 0
3162 0
3163 0
3164 0
3165 0
3166 0
3167 10
3168 6
3169 2
3170 0
3171 17
3172 6
3173 0
3174 22
3175 10
3176 17
3177 0
3178 0
3179 17
3180 0
3181 10
3182 0
3183 0
3184 17
3185 0
3186 0
3187 0
3188 0
3189 0
3190 0
3191 0
3192 2
3193 17
3194 0
3195 0
3196 0
3197 0
3198 0
3199 0
3200 0
3201 0
3202 0
3203 17
3204 0
3205 10
3206 0
3207 0
3208 0
3209 1
3210 0
3211 24
3212 0
3213 0
3214 10
3215 0
3216 0
3217 0
3218 0
3219 0
3220 10
3221 3
3222 0
3223 0
3224 0
3225 6
3226 0
3227 10
3228 0
3229 17
3230 0
3231 0
3232 0
3233 2
3234 0
3235 5
3236 0
3237 0
3238 0
3239 0
3240 0
3241 0
3242 0
3243 0
3244 1
3245 0
3246 16
3247 13
3248 0
3249 17
3250 0
3251 0
3252 0
3253 0
3254 17
3255 0
3256 0
3257 0
3258 0
3259 0
3260 17
3261 0
3262 0
3263 1
3264 16
3265 0
3266 24
3267 0
3268 0
3269 0
3270 0
3271 0
3272 0
3273 0
3274 0
3275 24
3276 0
3277 0
3278 0
3279 24
3280 0
3281 0
3282 0
3283 0
3284 17
3285 0
3286 0
3287 0
3288 0
3289 0
3290 0
3291 0
3292 0
3293 4
3294 17
3295 0
3296 0
3297 0
3298 0
3299 0
3300 0
3301 0
3302 24
3303 0
3304 0
3305 0
3306 0
3307 0
3308 0
3309 0
3310 0
3311 0
3312 0
3313 0
3314 0
3315 0
3316 0
3317 0
3318 0
3319 17
3320 0
3321 0
3322 0
3323 0
3324 0
3325 5
3326 0
3327 0
3328 17
3329 0
3330 0
3331 0
3332 0
3333 17
3334 0
3335 22
3336 0
3337 0
3338 0
3339 0
3340 17
3341 4
3342 0
3343 0
3344 0
3345 0
3346 0
3347 0
3348 0
3349 0
3350 0
3351 0
3352 0
3353 0
3354 16
3355 4
3356 0
3357 0
3358 24
3359 10
3360 0
3361 0
3362 0
3363 0
3364 0
3365 5
3366 0
3367 10
3368 17
3369 0
3370 0
3371 0
3372 0
3373 23
3374 0
3375 0
3376 0
3377 0
3378 17
3379 0
3380 0
3381 0
3382 0
3383 17
3384 0
3385 17
3386 0
3387 0
3388 0
3389 0
3390 0
3391 0
3392 0
3393 17
3394 0
3395 0
3396 0
3397 0
3398 0
3399 24
3400 0
3401 0
3402 0
3403 0
3404 10
3405 0
3406 17
3407 0
3408 10
3409 0
3410 0
3411 24
3412 0
3413 0
3414 24
3415 0
3416 6
3417 0
3418 0
3419 0
3420 0
3421 0
3422 0
3423 0
3424 0
3425 0
3426 5
3427 0
3428 23
3429 0
3430 0
3431 4
3432 0
3433 22
3434 0
3435 4
3436 10
3437 0
3438 1
3439 5
3440 0
3441 0
3442 0
3443 0
3444 0
3445 0
3446 0
3447 0
3448 0
3449 24
3450 0
3451 17
3452 24
3453 0
3454 5
3455 9
3456 0
3457 0
3458 0
3459 0
3460 0
3461 0
3462 0
3463 0
3464 15
3465 0
3466 0
3467 12
3468 0
3469 17
3470 0
3471 0
3472 0
3473 0
3474 0
3475 0
3476 23
3477 0
3478 0
3479 0
3480 0
3481 0
3482 17
3483 0
3484 0
3485 0
3486 17
3487 0
3488 0
3489 0
3490 0
3491 10
3492 0
3493 0
3494 0
3495 0
3496 24
3497 0
3498 0
3499 0
3500 0
3501 0
3502 0
3503 0
3504 0
3505 0
3506 0
3507 0
3508 0
3509 0
3510 0
3511 0
3512 0
3513 0
3514 0
3515 0
3516 0
3517 0
3518 4
3519 0
3520 0
3521 17
3522 0
3523 0
3524 6
3525 24
3526 17
3527 0
3528 0
3529 17
3530 24
3531 0
3532 0
3533 0
3534 1
3535 0
3536 6
3537 17
3538 0
3539 24
3540 0
3541 0
3542 24
3543 0
3544 0
3545 3
3546 0
3547 1
3548 0
3549 0
3550 0
3551 0
3552 0
3553 0
3554 0
3555 0
3556 0
3557 17
3558 0
3559 0
3560 0
3561 0
3562 0
3563 17
3564 0
3565 17
3566 0
3567 0
3568 0
3569 0
3570 24
3571 17
3572 0
3573 17
3574 0
3575 0
3576 0
3577 17
3578 4
3579 0
3580 0
3581 1
3582 0
3583 17
3584 0
3585 0
3586 0
3587 0
3588 0
3589 0
3590 20
3591 0
3592 6
3593 0
3594 0
3595 0
3596 0
3597 0
3598 0
3599 0
3600 0
3601 17
3602 0
3603 0
3604 21
3605 0
3606 0
3607 0
3608 0
3609 0
3610 0
3611 0
3612 0
3613 11
3614 0
3615 0
3616 24
3617 0
3618 0
3619 0
3620 0
3621 0
3622 0
3623 0
3624 24
3625 24
3626 17
3627 17
3628 0
3629 0
3630 0
3631 0
3632 0
3633 17
3634 0
3635 0
3636 0
3637 0
3638 0
3639 24
3640 2
3641 0
3642 17
3643 0
3644 17
3645 0
3646 0
3647 0
3648 0
3649 0
3650 0
3651 0
3652 0
3653 0
3654 6
3655 0
3656 0
3657 0
3658 0
3659 0
3660 0
3661 0
3662 0
3663 0
3664 0
3665 0
3666 0
3667 16
3668 0
3669 0
3670 0
3671 10
3672 0
3673 16
3674 0
3675 17
3676 17
3677 0
3678 0
3679 0
3680 16
3681 0
3682 0
3683 0
3684 0
3685 5
3686 6
3687 0
3688 17
3689 0
3690 19
3691 0
3692 0
3693 0
3694 0
3695 0
3696 0
3697 0
3698 0
3699 0
3700 0
3701 0
3702 24
3703 10
3704 0
3705 0
3706 0
3707 5
3708 0
3709 0
3710 0
3711 17
3712 0
3713 0
3714 0
3715 24
3716 0
3717 0
3718 0
3719 0
3720 17
3721 24
3722 0
3723 17
3724 0
3725 0
3726 0
3727 0
3728 0
3729 24
3730 0
3731 17
3732 0
3733 0
3734 0
3735 24
3736 0
3737 0
3738 0
3739 0
3740 0
3741 0
3742 0
3743 0
3744 0
3745 0
3746 0
3747 17
3748 0
3749 4
3750 24
3751 0
3752 0
3753 0
3754 0
3755 0
3756 17
3757 0
3758 0
3759 1
3760 0
3761 0
3762 17
3763 0
3764 0
3765 0
3766 17
3767 0
3768 1
3769 0
3770 0
3771 0
3772 0
3773 0
3774 0
3775 0
3776 0
3777 0
3778 0
3779 24
3780 0
3781 0
3782 0
3783 24
3784 0
3785 24
3786 0
3787 0
3788 0
3789 10
3790 0
3791 0
3792 24
3793 0
3794 0
3795 0
3796 0
3797 0
3798 0
3799 17
3800 0
3801 0
3802 22
3803 0
3804 0
3805 0
3806 0
3807 16
3808 0
3809 0
3810 0
3811 0
3812 13
3813 17
3814 0
3815 0
3816 0
3817 0
3818 0
3819 0
3820 15
3821 0
3822 0
3823 0
3824 24
3825 0
3826 0
3827 10
3828 4
3829 0
3830 4
3831 0
3832 10
3833 0
3834 0
3835 24
3836 17
3837 0
3838 4
3839 0
3840 4
3841 0
3842 0
3843 0
3844 0
3845 0
3846 1
3847 24
3848 0
3849 17
3850 10
3851 0
3852 0
3853 0
3854 10
3855 0
3856 0
3857 0
3858 0
3859 1
3860 0
3861 0
3862 0
3863 0
3864 22
3865 0
3866 0
3867 0
3868 0
3869 0
3870 17
3871 0
3872 17
3873 0
3874 0
3875 0
3876 17
3877 0
3878 5
3879 0
3880 1
3881 0
3882 3
3883 0
3884 0
3885 7
3886 0
3887 2
3888 0
3889 0
3890 0
3891 17
3892 0
3893 0
3894 0
3895 10
3896 0
3897 10
3898 0
3899 0
3900 0
3901 0
3902 0
3903 24
3904 0
3905 0
3906 0
3907 0
3908 0
3909 0
3910 10
3911 0
3912 0
3913 0
3914 0
3915 0
3916 0
3917 0
3918 0
3919 0
3920 0
3921 0
3922 0
3923 24
3924 0
3925 0
3926 0
3927 0
3928 0
3929 0
3930 0
3931 6
3932 0
3933 0
3934 17
3935 0
3936 0
3937 0
3938 0
3939 0
3940 0
3941 0
3942 0
3943 24
3944 0
3945 0
3946 0
3947 0
3948 0
3949 16
3950 0
3951 0
3952 0
3953 0
3954 17
3955 0
3956 4
3957 0
3958 0
3959 24
3960 0
3961 17
3962 0
3963 0
3964 0
3965 17
3966 0
3967 0
3968 0
3969 0
3970 0
3971 0
3972 0
3973 0
3974 0
3975 22
3976 0
3977 0
3978 0
3979 17
3980 0
3981 24
3982 0
3983 0
3984 0
3985 6
3986 0
3987 0
3988 1
3989 0
3990 0
3991 17
3992 0
3993 0
3994 0
3995 0
3996 0
3997 0
3998 0
3999 0
4000 0
4001 0
4002 17
4003 12
4004 0
4005 0
4006 0
4007 17
4008 16
4009 17
4010 0
4011 16
4012 0
4013 0
4014 24
4015 0
4016 0
4017 0
4018 0
4019 17
4020 0
4021 0
4022 17
4023 23
4024 17
4025 2
4026 0
4027 0
4028 17
4029 0
4030 17
4031 0
4032 0
4033 0
4034 0
4035 0
4036 0
4037 0
4038 0
4039 0
4040 12
4041 0
4042 12
4043 0
4044 0
4045 17
4046 0
4047 0
4048 0
4049 0
4050 23
4051 0
4052 0
4053 13
4054 17
4055 0
4056 0
4057 24
4058 10
4059 0
4060 9
4061 3
4062 0
4063 0
4064 0
4065 17
4066 24
4067 10
4068 0
4069 0
4070 0
4071 0
4072 17
4073 17
4074 17
4075 0
4076 0
4077 0
4078 0
4079 24
4080 0
4081 24
4082 0
4083 16
4084 0
4085 0
4086 1
4087 0
4088 7
4089 16
4090 0
4091 24
4092 17
4093 0
4094 4
4095 17
4096 0
4097 0
4098 0
4099 0
4100 0
4101 0
4102 0
4103 0
4104 0
4105 24
4106 17
4107 0
4108 0
4109 0
4110 20
4111 0
4112 24
4113 0
4114 0
4115 0
4116 0
4117 0
4118 0
4119 17
4120 0
4121 24
4122 0
4123 0
4124 1
4125 0
4126 6
4127 0
4128 10
4129 0
4130 0
4131 24
4132 0
4133 0
4134 17
4135 0
4136 0
4137 0
4138 0
4139 0
4140 0
4141 0
4142 0
4143 0
4144 0
4145 0
4146 0
4147 24
4148 0
4149 0
4150 0
4151 0
4152 0
4153 0
4154 17
4155 0
4156 5
4157 17
4158 17
4159 0
4160 0
4161 0
4162 17
4163 0
4164 0
4165 0
4166 0
4167 0
4168 0
4169 0
4170 0
4171 0
4172 0
4173 0
4174 6
4175 0
4176 16
4177 0
4178 17
4179 0
4180 4
4181 0
4182 0
4183 12
4184 17
4185 0
4186 0
4187 0
4188 0
4189 0
4190 0
4191 0
4192 3
4193 0
4194 0
4195 0
4196 0
4197 2
4198 0
4199 0
4200 0
4201 24
4202 0
4203 0
4204 0
4205 0
4206 0
4207 0
4208 0
4209 1
4210 0
4211 23
4212 0
4213 0
4214 0
4215 0
4216 1
4217 0
4218 17
4219 0
4220 0
4221 0
4222 0
4223 0
4224 0
4225 4
4226 0
4227 0
4228 0
4229 24
4230 0
4231 0
4232 0
4233 0
4234 0
4235 22
4236 9
4237 0
4238 0
4239 0
4240 0
4241 0
4242 10
4243 0
4244 0
4245 0
4246 0
4247 0
4248 0
4249 0
4250 0
4251 24
4252 0
4253 0
4254 0
4255 0
4256 0
4257 0
4258 0
4259 0
4260 21
4261 0
4262 0
4263 12
4264 0
4265 10
4266 0
4267 0
4268 0
4269 0
4270 12
4271 0
4272 0
4273 17
4274 0
4275 0
4276 0
4277 10
4278 0
4279 0
4280 0
4281 0
4282 0
4283 0
4284 0
4285 0
4286 0
4287 0
4288 0
4289 16
4290 0
4291 24
4292 0
4293 0
4294 0
4295 0
4296 0
4297 0
4298 0
4299 0
4300 0
4301 24
4302 0
4303 0
4304 0
4305 0
4306 0
4307 0
4308 0
4309 0
4310 0
4311 5
4312 0
4313 0
4314 16
4315 0
4316 4
4317 0
4318 0
4319 0
4320 0
4321 0
4322 0
4323 17
4324 23
4325 4
4326 0
4327 0
4328 17
4329 0
4330 1
4331 0
4332 0
4333 0
4334 0
4335 0
4336 0
4337 0
4338 0
4339 0
4340 0
4341 17
4342 0
4343 24
4344 0
4345 0
4346 0
4347 0
4348 0
4349 10
4350 24
4351 0
4352 17
4353 0
4354 0
4355 0
4356 0
4357 0
4358 0
4359 0
4360 17
4361 0
4362 17
4363 0
4364 0
4365 0
4366 17
4367 0
4368 0
4369 0
4370 0
4371 0
4372 0
4373 0
4374 0
4375 0
4376 0
4377 0
4378 0
4379 0
4380 0
4381 0
4382 0
4383 0
4384 17
4385 0
4386 0
4387 0
4388 0
4389 0
4390 0
4391 0
4392 0
4393 17
4394 0
4395 0
4396 0
4397 0
4398 0
4399 24
4400 0
4401 0
4402 0
4403 0
4404 4
4405 0
4406 0
4407 0
4408 0
4409 0
4410 0
4411 6
4412 17
4413 0
4414 0
4415 0
4416 17
4417 0
4418 0
4419 17
4420 0
4421 0
4422 0
4423 24
4424 0
4425 0
4426 0
4427 17
4428 0
4429 0
4430 0
4431 0
4432 6
4433 0
4434 0
4435 0
4436 0
4437 17
4438 4
4439 0
4440 0
4441 0
4442 0
4443 0
4444 0
4445 0
4446 0
4447 0
4448 24
4449 6
4450 0
4451 0
4452 0
4453 0
4454 0
4455 0
4456 0
4457 0
4458 24
4459 0
4460 0
4461 0
4462 24
4463 0
4464 0
4465 0
4466 22
4467 0
4468 0
4469 0
4470 0
4471 9
4472 24
4473 0
4474 12
4475 24
4476 0
4477 0
4478 16
4479 0
4480 0
4481 0
4482 0
4483 0
4484 0
4485 0
4486 0
4487 0
4488 0
4489 0
4490 0
4491 0
4492 3
4493 0
4494 0
4495 24
4496 0
4497 17
4498 0
4499 0
4500 0
4501 0
4502 0
4503 0
4504 0
4505 0
4506 0
4507 0
4508 0
4509 10
4510 0
4511 0
4512 0
4513 0
4514 0
4515 17
4516 0
4517 0
4518 0
4519 0
4520 0
4521 0
4522 0
4523 0
4524 24
4525 0
4526 0
4527 0
4528 0
4529 0
4530 0
4531 0
4532 0
4533 0
4534 24
4535 0
4536 5
4537 6
4538 0
4539 0
4540 0
4541 10
4542 0
4543 0
4544 0
4545 0
4546 0
4547 4
4548 0
4549 0
4550 10
4551 0
4552 0
4553 0
4554 0
4555 0
4556 0
4557 0
4558 0
4559 0
4560 0
4561 0
4562 0
4563 0
4564 17
4565 0
4566 0
4567 24
4568 0
4569 0
4570 0
4571 0
4572 0
4573 0
4574 0
4575 0
4576 0
4577 0
4578 0
4579 0
4580 0
4581 10
4582 0
4583 0
4584 24
4585 0
4586 24
4587 0
4588 0
4589 24
4590 0
4591 0
4592 0
4593 0
4594 17
4595 0
4596 0
4597 0
4598 0
4599 0
4600 0
4601 0
4602 0
4603 0
4604 0
4605 0
4606 0
4607 17
4608 24
4609 0
4610 0
4611 0
4612 0
4613 0
4614 0
4615 0
4616 0
4617 0
4618 0
4619 0
4620 0
4621 0
4622 0
4623 0
4624 10
4625 0
4626 0
4627 0
4628 21
4629 0
4630 0
4631 0
4632 17
4633 0
4634 0
4635 0
4636 17
4637 1
4638 22
4639 0
4640 12
4641 0
4642 0
4643 0
4644 0
4645 0
4646 0
4647 0
4648 0
4649 0
4650 0
4651 3
4652 17
4653 0
4654 0
4655 0
4656 24
4657 0
4658 0
4659 0
4660 0
4661 0
4662 0
4663 17
4664 10
4665 0
4666 0
4667 0
4668 0
4669 24
4670 0
4671 17
4672 0
4673 0
4674 0
4675 0
4676 0
4677 0
4678 0
4679 1
4680 17
4681 24
4682 0
4683 0
4684 0
4685 0
4686 24
4687 0
4688 0
4689 6
4690 0
4691 17
4692 0
4693 0
4694 0
4695 0
4696 0
4697 0
4698 0
4699 21
4700 0
4701 0
4702 0
4703 0
4704 10
4705 0
4706 0
4707 0
4708 0
4709 1
4710 0
4711 17
4712 0
4713 17
4714 0
4715 0
4716 0
4717 0
4718 0
4719 0
4720 0
4721 0
4722 24
4723 0
4724 12
4725 4
4726 0
4727 0
4728 0
4729 5
4730 0
4731 0
4732 24
4733 0
4734 0
4735 0
4736 0
4737 0
4738 0
4739 24
4740 0
4741 0
4742 0
4743 0
4744 0
4745 0
4746 17
4747 0
4748 5
4749 0
4750 0
4751 0
4752 0
4753 0
4754 24
4755 0
4756 0
4757 24
4758 0
4759 0
4760 0
4761 10
4762 17
4763 0
4764 0
4765 0
4766 0
4767 0
4768 0
4769 24
4770 0
4771 0
4772 0
4773 0
4774 0
4775 17
4776 0
4777 17
4778 0
4779 0
4780 16
4781 6
4782 0
4783 0
4784 0
4785 0
4786 0
4787 0
4788 0
4789 24
4790 0
4791 0
4792 0
4793 1
4794 0
4795 0
4796 0
4797 0
4798 0
4799 0
4800 0
4801 0
4802 24
4803 0
4804 0
4805 0
4806 0
4807 0
4808 0
4809 0
4810 0
4811 0
4812 0
4813 0
4814 0
4815 0
4816 0
4817 17
4818 0
4819 0
4820 0
4821 24
4822 0
4823 0
4824 0
4825 0
4826 0
4827 0
4828 11
4829 24
4830 0
4831 0
4832 0
4833 0
4834 0
4835 24
4836 0
4837 0
4838 10
4839 0
4840 0
4841 0
4842 17
4843 0
4844 0
4845 0
4846 0
4847 0
4848 15
4849 24
4850 0
4851 0
4852 24
4853 0
4854 10
4855 0
4856 0
4857 0
4858 0
4859 0
4860 0
4861 0
4862 0
4863 0
4864 0
4865 0
4866 0
4867 0
4868 0
4869 0
4870 0
4871 0
4872 0
4873 0
4874 17
4875 0
4876 0
4877 21
4878 24
4879 0
4880 0
4881 0
4882 0
4883 0
4884 0
4885 0
4886 24
4887 0
4888 0
4889 0
4890 0
4891 0
4892 0
4893 0
4894 0
4895 0
4896 0
4897 0
4898 0
4899 0
4900 0
4901 0
4902 0
4903 0
4904 0
4905 0
4906 0
4907 20
4908 0
4909 0
4910 10
4911 10
4912 0
4913 0
4914 0
4915 0
4916 0
4917 24
4918 0
4919 4
4920 0
4921 0
4922 0
4923 0
4924 24
4925 0
4926 0
4927 0
4928 24
4929 10
4930 0
4931 6
4932 0
4933 0
4934 0
4935 10
4936 0
4937 17
4938 0
4939 0
4940 0
4941 0
4942 0
4943 17
4944 0
4945 0
4946 0
4947 0
4948 0
4949 0
4950 0
4951 0
4952 0
4953 24
4954 24
4955 0
4956 0
4957 0
4958 2
4959 0
4960 0
4961 4
4962 0
4963 0
4964 19
4965 0
4966 0
4967 4
4968 0
4969 24
4970 0
4971 4
4972 0
4973 0
4974 0
4975 17
4976 4
4977 0
4978 17
4979 0
4980 0
4981 0
4982 0
4983 0
4984 17
4985 0
4986 0
4987 0
4988 0
4989 0
4990 0
4991 24
4992 0
4993 24
4994 0
4995 10
4996 0
4997 0
4998 0
4999 24
5000 17
5001 17
5002 0
5003 0
5004 0
5005 0
5006 22
5007 0
5008 17
5009 6
5010 0
5011 24
5012 0
5013 0
5014 0
5015 6
5016 17
5017 24
5018 0
5019 17
5020 0
5021 0
5022 0
5023 0
5024 0
5025 0
5026 0
5027 0
5028 0
5029 0
5030 3
5031 0
5032 0
5033 17
5034 0
5035 0
5036 24
5037 0
5038 0
5039 0
5040 0
5041 0
5042 0
5043 0
5044 0
5045 0
5046 0
5047 0
5048 0
5049 0
5050 0
5051 0
5052 17
5053 0
5054 0
5055 0
5056 0
5057 0
5058 0
5059 0
5060 0
5061 0
5062 24
5063 17
5064 0
5065 0
5066 2
5067 17
5068 0
5069 0
5070 0
5071 0
5072 0
5073 0
5074 0
5075 0
5076 0
5077 10
5078 24
5079 0
5080 0
5081 0
5082 0
5083 0
5084 0
5085 24
5086 0
5087 0
5088 0
5089 0
5090 0
5091 15
5092 0
5093 0
5094 0
5095 0
5096 6
5097 24
5098 0
5099 0
5100 17
5101 0
5102 0
5103 0
5104 17
5105 0
5106 0
5107 0
5108 0
5109 0
5110 0
5111 10
5112 0
5113 17
5114 0
5115 10
5116 0
5117 0
5118 17
5119 0
5120 0
5121 0
5122 0
5123 0
5124 17
5125 24
5126 0
5127 0
5128 0
5129 10
5130 0
5131 0
5132 0
5133 0
5134 0
5135 0
5136 0
5137 0
5138 17
5139 0
5140 0
5141 10
5142 0
5143 0
5144 17
5145 0
5146 0
5147 0
5148 0
5149 24
5150 0
5151 0
5152 0
5153 0
5154 0
5155 17
5156 0
5157 0
5158 0
5159 0
5160 0
5161 0
5162 0
5163 0
5164 17
5165 0
5166 0
5167 0
5168 0
5169 6
5170 4
5171 17
5172 0
5173 17
5174 0
5175 0
5176 0
5177 0
5178 0
5179 0
5180 0
5181 17
5182 0
5183 0
5184 0
5185 16
5186 0
5187 0
5188 0
5189 0
5190 0
5191 0
5192 0
5193 0
5194 0
5195 0
5196 0
5197 15
5198 0
5199 0
5200 0
5201 24
5202 0
5203 0
5204 0
5205 0
5206 0
5207 0
5208 0
5209 0
5210 0
5211 0
5212 0
5213 0
5214 12
5215 0
5216 0
5217 0
5218 0
5219 0
5220 0
5221 0
5222 10
5223 17
5224 24
5225 0
5226 0
5227 0
5228 0
5229 0
5230 15
5231 0
5232 0
5233 0
5234 0
5235 17
5236 24
5237 0
5238 0
5239 0
5240 24
5241 17
5242 0
5243 0
5244 0
5245 0
5246 0
5247 0
5248 0
5249 1
5250 0
5251 0
5252 24
5253 0
5254 0
5255 0
5256 17
5257 17
5258 0
5259 0
5260 0
5261 0
5262 0
5263 17
5264 0
5265 0
5266 17
5267 0
5268 0
5269 0
5270 0
5271 0
5272 0
5273 24
5274 0
5275 0
5276 0
5277 2
5278 0
5279 0
5280 0
5281 24
5282 0
5283 0
5284 0
5285 0
5286 0
5287 0
5288 24
5289 0
5290 0
5291 0
5292 0
5293 0
5294 17
5295 0
5296 17
5297 0
5298 0
5299 24
5300 0
5301 24
5302 0
5303 0
5304 0
5305 17
5306 0
5307 0
5308 0
5309 0
5310 0
5311 0
5312 17
5313 17
5314 17
5315 0
5316 0
5317 0
5318 0
5319 0
5320 0
5321 16
5322 0
5323 0
5324 0
5325 17
5326 17
5327 0
5328 9
5329 0
5330 21
5331 0
5332 0
5333 0
5334 24
5335 0
5336 0
5337 0
5338 0
5339 0
5340 0
5341 0
5342 0
5343 2
5344 0
5345 0
5346 0
5347 0
5348 0
5349 3
5350 17
5351 0
5352 0
5353 0
5354 0
5355 0
5356 0
5357 0
5358 0
5359 0
5360 0
5361 0
5362 0
5363 9
5364 6
5365 0
5366 0
5367 0
5368 0
5369 0
5370 12
5371 0
5372 0
5373 0
5374 0
5375 0
5376 0
5377 0
5378 0
5379 0
5380 10
5381 0
5382 0
5383 17
5384 17
5385 0
5386 0
5387 4
5388 1
5389 0
5390 0
5391 0
5392 6
5393 0
5394 0
5395 0
5396 0
5397 10
5398 0
5399 0
5400 0
5401 0
5402 6
5403 0
5404 0
5405 0
5406 17
5407 0
5408 0
5409 0
5410 0
5411 22
5412 0
5413 0
5414 0
5415 0
5416 0
5417 24
5418 0
5419 0
5420 0
5421 0
5422 0
5423 0
5424 0
5425 4
5426 0
5427 0
5428 0
5429 0
5430 0
5431 0
5432 16
5433 0
5434 0
5435 0
5436 0
5437 0
5438 0
5439 0
5440 0
5441 0
5442 0
5443 2
5444 0
5445 0
5446 0
5447 0
5448 10
5449 17
5450 0
5451 0
5452 0
5453 17
5454 0
5455 0
5456 0
5457 0
5458 0
5459 0
5460 0
5461 0
5462 0
5463 17
5464 0
5465 0
5466 0
5467 4
5468 17
5469 0
5470 0
5471 0
5472 0
5473 0
5474 0
5475 0
5476 1
5477 0
5478 0
5479 0
5480 0
5481 0
5482 0
5483 0
5484 0
5485 0
5486 24
5487 0
5488 0
5489 17
5490 0
5491 0
5492 0
5493 0
5494 0
5495 0
5496 0
5497 0
5498 0
5499 0
5500 0
5501 0
5502 23
5503 0
5504 0
5505 0
5506 0
5507 0
5508 0
5509 0
5510 1
5511 0
5512 6
5513 22
5514 0
5515 0
5516 17
5517 0
5518 0
5519 0
5520 6
5521 0
5522 0
5523 0
5524 0
5525 0
5526 0
5527 0
5528 0
5529 0
5530 0
5531 17
5532 0
5533 0
5534 0
5535 0
5536 0
5537 0
5538 0
5539 0
5540 0
5541 0
5542 0
5543 0
5544 0
5545 0
5546 0
5547 0
5548 0
5549 24
5550 0
5551 0
5552 0
5553 0
5554 0
5555 0
5556 0
5557 0
5558 0
5559 0
5560 5
5561 2
5562 0
5563 0
5564 17
5565 0
5566 0
5567 0
5568 0
5569 0
5570 0
5571 0
5572 10
5573 0
5574 0
5575 22
5576 0
5577 0
5578 16
5579 0
5580 0
5581 0
5582 0
5583 0
5584 0
5585 17
5586 0
5587 0
5588 0
5589 0
5590 0
5591 0
5592 0
5593 16
5594 0
5595 0
5596 0
5597 0
5598 0
5599 17
5600 0
5601 0
5602 0
5603 24
5604 0
5605 0
5606 0
5607 0
5608 17
5609 0
5610 0
5611 0
5612 0
5613 2
5614 0
5615 0
5616 0
5617 0
5618 0
5619 0
5620 0
5621 0
5622 0
5623 6
5624 0
5625 0
5626 5
5627 0
5628 0
5629 0
5630 0
5631 0
5632 0
5633 0
5634 0
5635 0
5636 0
5637 0
5638 0
5639 0
5640 0
5641 0
5642 24
5643 3
5644 0
5645 0
5646 0
5647 0
5648 0
5649 0
5650 17
5651 17
5652 0
5653 0
5654 0
5655 0
5656 0
5657 0
5658 0
5659 0
5660 0
5661 24
5662 0
5663 0
5664 17
5665 0
5666 0
5667 0
5668 10
5669 0
5670 0
5671 0
5672 0
5673 0
5674 10
5675 17
5676 0
5677 24
5678 0
5679 17
5680 0
5681 0
5682 0
5683 0
5684 0
5685 0
5686 0
5687 0
5688 0
5689 0
5690 1
5691 0
5692 0
5693 24
5694 2
5695 0
5696 0
5697 17
5698 0
5699 0
5700 0
5701 0
5702 0
5703 17
5704 0
5705 0
5706 1
5707 17
5708 17
5709 0
5710 0
5711 0
5712 0
5713 0
5714 10
5715 0
5716 0
5717 0
5718 0
5719 0
5720 0
5721 0
5722 0
5723 0
5724 0
5725 17
5726 0
5727 0
5728 0
5729 0
5730 0
5731 0
5732 0
5733 0
5734 0
5735 17
5736 0
5737 0
5738 4
5739 0
5740 0
5741 0
5742 0
5743 0
5744 0
5745 0
5746 0
5747 0
5748 0
5749 0
5750 0
5751 0
5752 0
5753 17
5754 0
5755 0
5756 0
5757 0
5758 0
5759 0
5760 0
5761 0
5762 24
5763 0
5764 0
5765 0
5766 24
5767 0
5768 10
5769 17
5770 0
5771 0
5772 0
5773 0
5774 0
5775 0
5776 0
5777 0
5778 0
5779 0
5780 0
5781 0
5782 0
5783 0
5784 0
5785 0
5786 0
5787 17
5788 0
5789 0
5790 9
5791 0
5792 0
5793 6
5794 17
5795 0
5796 0
5797 0
5798 0
5799 0
5800 0
5801 10
5802 0
5803 0
5804 24
5805 0
5806 0
5807 0
5808 0
5809 17
5810 0
5811 0
5812 0
5813 6
5814 14
5815 0
5816 0
5817 0
5818 0
5819 17
5820 0
5821 6
5822 0
5823 0
5824 0
5825 0
5826 0
5827 0
5828 17
5829 0
5830 0
5831 0
5832 17
5833 0
5834 17
5835 0
5836 0
5837 0
5838 0
5839 0
5840 0
5841 0
5842 0
5843 0
5844 0
5845 0
5846 0
5847 0
5848 0
5849 0
5850 0
5851 0
5852 10
5853 0
5854 0
5855 0
5856 0
5857 15
5858 0
5859 0
5860 0
5861 0
5862 0
5863 0
5864 0
5865 17
5866 0
5867 10
5868 10
5869 0
5870 0
5871 0
5872 0
5873 0
5874 0
5875 0
5876 0
5877 0
5878 0
5879 0
5880 0
5881 16
5882 0
5883 0
5884 0
5885 17
5886 0
5887 0
5888 0
5889 0
5890 0
5891 0
5892 0
5893 6
5894 0
5895 0
5896 0
5897 17
5898 0
5899 0
5900 0
5901 0
5902 0
5903 4
5904 0
5905 0
5906 0
5907 23
5908 0
5909 17
5910 13
5911 24
5912 17
5913 17
5914 0
5915 0
5916 0
5917 0
5918 0
5919 0
5920 0
5921 0
5922 0
5923 0
5924 0
5925 24
5926 0
5927 0
5928 0
5929 0
5930 0
5931 0
5932 0
5933 0
5934 0
5935 0
5936 24
5937 0
5938 0
5939 24
5940 0
5941 0
5942 0
5943 0
5944 0
5945 10
5946 0
5947 0
5948 0
5949 0
5950 17
5951 0
5952 0
5953 0
5954 17
5955 0
5956 0
5957 24
5958 0
5959 0
5960 0
5961 0
5962 0
5963 17
5964 0
5965 0
5966 0
5967 17
5968 0
5969 0
5970 0
5971 0
5972 0
5973 0
5974 17
5975 24
5976 0
5977 0
5978 0
5979 0
5980 0
5981 0
5982 17
5983 22
5984 0
5985 0
5986 0
5987 0
5988 0
5989 0
5990 17
5991 0
5992 0
5993 0
5994 0
5995 24
5996 0
5997 17
5998 0
5999 0
6000 0
6001 6
6002 0
6003 10
6004 0
6005 0
6006 0
6007 0
6008 0
6009 0
6010 0
6011 0
6012 17
6013 0
6014 0
6015 0
6016 0
6017 0
6018 0
6019 0
6020 0
6021 0
6022 0
6023 0
6024 0
6025 0
6026 17
6027 17
6028 0
6029 24
6030 0
6031 0
6032 0
6033 0
6034 0
6035 0
6036 0
6037 0
6038 0
6039 10
6040 16
6041 0
6042 0
6043 0
6044 0
6045 0
6046 10
6047 4
6048 0
6049 0
6050 17
6051 0
6052 0
6053 0
6054 0
6055 0
6056 0
6057 0
6058 0
6059 17
6060 0
6061 0
6062 0
6063 0
6064 0
6065 24
6066 17
6067 10
6068 0
6069 0
6070 0
6071 24
6072 0
6073 0
6074 0
6075 0
6076 3
6077 0
6078 0
6079 0
6080 0
6081 0
6082 0
6083 10
6084 0
6085 0
6086 2
6087 1
6088 0
6089 0
6090 0
6091 0
6092 6
6093 0
6094 0
6095 0
6096 0
6097 0
6098 0
6099 0
6100 0
6101 24
6102 0
6103 0
6104 4
6105 0
6106 22
6107 6
6108 0
6109 0
6110 24
6111 0
6112 0
6113 0
6114 17
6115 0
6116 0
6117 0
6118 10
6119 0
6120 0
6121 0
6122 0
6123 0
6124 0
6125 17
6126 2
6127 0
6128 0
6129 0
6130 20
6131 0
6132 22
6133 0
6134 0
6135 15
6136 22
6137 0
6138 0
6139 0
6140 0
6141 0
6142 0
6143 0
6144 0
6145 0
6146 0
6147 0
6148 0
6149 24
6150 0
6151 0
6152 15
6153 0
6154 4
6155 0
6156 24
6157 0
6158 0
6159 0
6160 0
6161 5
6162 0
6163 10
6164 0
6165 2
6166 15
6167 0
6168 0
6169 0
6170 5
6171 4
6172 0
6173 0
6174 0
6175 0
6176 0
6177 0
6178 0
6179 0
6180 0
6181 0
6182 0
6183 0
6184 0
6185 0
6186 0
6187 2
6188 2
6189 10
6190 0
6191 0
6192 0
6193 0
6194 0
6195 0
6196 0
6197 0
6198 0
6199 17
6200 23
6201 0
6202 0
6203 0
6204 17
6205 0
6206 0
6207 0
6208 3
6209 0
6210 0
6211 0
6212 0
6213 24
6214 0
6215 0
6216 23
6217 0
6218 0
6219 17
6220 0
6221 0
6222 0
6223 17
6224 0
6225 0
6226 0
6227 0
6228 8
6229 0
6230 0
6231 0
6232 0
6233 0
6234 0
6235 0
6236 0
6237 0
6238 0
6239 0
6240 0
6241 0
6242 0
6243 0
6244 10
6245 24
6246 0
6247 0
6248 0
6249 0
6250 17
6251 0
6252 0
6253 0
6254 0
6255 0
6256 17
6257 0
6258 0
6259 24
6260 0
6261 0
6262 6
6263 0
6264 0
6265 0
6266 0
6267 0
6268 10
6269 0
6270 0
6271 3
6272 0
6273 0
6274 10
6275 0
6276 6
6277 17
6278 0
6279 0
6280 10
6281 0
6282 0
6283 17
6284 0
6285 0
6286 0
6287 0
6288 24
6289 0
6290 0
6291 5
6292 0
6293 0
6294 0
6295 12
6296 0
6297 0
6298 6
6299 0
6300 17
6301 0
6302 10
6303 0
6304 17
6305 0
6306 0
6307 0
6308 0
6309 24
6310 0
6311 17
6312 0
6313 0
6314 0
6315 0
6316 0
6317 17
6318 17
6319 0
6320 21
6321 0
6322 0
6323 17
6324 0
6325 0
6326 17
6327 0
6328 0
6329 0
6330 0
6331 24
6332 0
6333 24
6334 0
6335 0
6336 0
6337 0
6338 17
6339 24
6340 5
6341 4
6342 10
6343 0
6344 4
6345 0
6346 0
6347 17
6348 10
6349 0
6350 24
6351 0
6352 0
6353 0
6354 15
6355 0
6356 5
6357 0
6358 17
6359 0
6360 0
6361 9
6362 0
6363 0
6364 0
6365 0
6366 0
6367 0
6368 0
6369 0
6370 2
6371 0
6372 24
6373 0
6374 0
6375 0
6376 24
6377 0
6378 17
6379 0
6380 0
6381 0
6382 0
6383 6
6384 0
6385 0
6386 0
6387 0
6388 16
6389 0
6390 0
6391 0
6392 16
6393 0
6394 0
6395 5
6396 10
6397 0
6398 17
6399 0
6400 0
6401 0
6402 0
6403 0
6404 0
6405 0
6406 0
6407 0
6408 0
6409 0
6410 0
6411 11
6412 0
6413 0
6414 17
6415 6
6416 0
6417 0
6418 0
6419 10
6420 0
6421 0
6422 0
6423 17
6424 24
6425 23
6426 0
6427 0
6428 0
6429 0
6430 0
6431 0
6432 0
6433 0
6434 0
6435 17
6436 0
6437 0
6438 0
6439 0
6440 0
6441 0
6442 24
6443 0
6444 0
6445 0
6446 24
6447 0
6448 0
6449 0
6450 0
6451 0
6452 0
6453 0
6454 17
6455 0
6456 12
6457 0
6458 0
6459 0
6460 0
6461 0
6462 0
6463 16
6464 0
6465 0
6466 0
6467 0
6468 10
6469 0
6470 16
6471 0
6472 0
6473 0
6474 0
6475 24
6476 0
6477 0
6478 24
6479 0
6480 0
6481 0
6482 0
6483 0
6484 23
6485 6
6486 0
6487 0
6488 0
6489 10
6490 0
6491 0
6492 1
6493 0
6494 11
6495 0
6496 0
6497 0
6498 22
6499 0
6500 0
6501 15
6502 0
6503 17
6504 0
6505 13
6506 0
6507 0
6508 0
6509 0
6510 0
6511 0
6512 0
6513 24
6514 0
6515 0
6516 0
6517 0
6518 0
6519 0
6520 0
6521 24
6522 0
6523 0
6524 0
6525 0
6526 0
6527 0
6528 0
6529 0
6530 0
6531 10
6532 0
6533 0
6534 0
6535 17
6536 0
6537 0
6538 0
6539 0
6540 0
6541 0
6542 0
6543 0
6544 0
6545 0
6546 0
6547 4
6548 10
6549 24
6550 0
6551 0
6552 0
6553 0
6554 6
6555 0
6556 0
6557 0
6558 0
6559 0
6560 0
6561 3
6562 5
6563 0
6564 0
6565 0
6566 0
6567 0
6568 4
6569 0
6570 22
6571 0
6572 0
6573 0
6574 6
6575 5
6576 0
6577 17
6578 0
6579 0
6580 10
6581 0
6582 0
6583 0
6584 0
6585 10
6586 0
6587 10
6588 10
6589 0
6590 0
6591 0
6592 0
6593 0
6594 0
6595 0
6596 0
6597 0
6598 24
6599 0
6600 0
6601 0
6602 0
6603 0
6604 0
6605 0
6606 0
6607 0
6608 0
6609 0
6610 0
6611 24
6612 0
6613 0
6614 0
6615 4
6616 0
6617 0
6618 0
6619 0
6620 0
6621 0
6622 0
6623 0
6624 17
6625 0
6626 0
6627 0
6628 0
6629 19
6630 0
6631 24
6632 17
6633 10
6634 0
6635 0
6636 24
6637 0
6638 17
6639 0
6640 0
6641 0
6642 17
6643 0
6644 0
6645 21
6646 0
6647 2
6648 0
6649 0
6650 22
6651 0
6652 0
6653 0
6654 6
6655 0
6656 0
6657 9
6658 24
6659 16
6660 0
6661 17
6662 0
6663 0
6664 0
6665 6
6666 17
6667 0
6668 11
6669 0
6670 0
6671 0
6672 0
6673 0
6674 2
6675 23
6676 0
6677 6
6678 16
6679 16
6680 0
6681 0
6682 0
6683 0
6684 0
6685 0
6686 17
6687 23
6688 17
6689 0
6690 0
6691 0
6692 0
6693 0
6694 0
6695 0
6696 0
6697 0
6698 0
6699 0
6700 5
6701 0
6702 0
6703 0
6704 0
6705 0
6706 0
6707 15
6708 0
6709 0
6710 0
6711 0
6712 0
6713 7
6714 0
6715 24
6716 1
6717 0
6718 0
6719 0
6720 0
6721 6
6722 17
6723 24
6724 0
6725 6
6726 0
6727 0
6728 0
6729 0
6730 0
6731 0
6732 0
6733 0
6734 0
6735 0
6736 17
6737 0
6738 24
6739 0
6740 0
6741 0
6742 0
6743 4
6744 17
6745 0
6746 0
6747 0
6748 23
6749 6
6750 0
6751 12
6752 0
6753 0
6754 0
6755 10
6756 2
6757 2
6758 0
6759 0
6760 0
6761 4
6762 0
6763 17
6764 0
6765 0
6766 0
6767 0
6768 17
6769 0
6770 0
6771 24
6772 0
6773 24
6774 16
6775 0
6776 0
6777 0
6778 0
6779 10
6780 0
6781 0
6782 6
6783 21
6784 0
6785 0
6786 0
6787 24
6788 0
6789 0
6790 0
6791 0
6792 0
6793 0
6794 0
6795 0
6796 0
6797 0
6798 0
6799 0
6800 0
6801 5
6802 0
6803 0
6804 0
6805 0
6806 0
6807 0
6808 10
6809 0
6810 0
6811 0
6812 0
6813 0
6814 0
6815 24
6816 0
6817 0
6818 0
6819 0
6820 0
6821 0
6822 0
6823 0
6824 0
6825 4
6826 0
6827 0
6828 0
6829 0
6830 0
6831 0
6832 0
6833 16
6834 17
6835 0
6836 6
6837 0
6838 0
6839 0
6840 0
6841 0
6842 0
6843 0
6844 0
6845 10
6846 0
6847 0
6848 0
6849 0
6850 0
6851 0
6852 21
6853 0
6854 0
6855 0
6856 0
6857 17
6858 0
6859 0
6860 0
6861 0
6862 0
6863 0
6864 0
6865 17
6866 0
6867 0
6868 0
6869 0
6870 0
6871 0
6872 0
6873 0
6874 0
6875 0
6876 0
6877 17
6878 0
6879 0
6880 0
6881 17
6882 10
6883 0
6884 10
6885 0
6886 0
6887 0
6888 16
6889 0
6890 0
6891 0
6892 0
6893 0
6894 0
6895 0
6896 2
6897 0
6898 0
6899 0
6900 3
6901 0
6902 0
6903 0
6904 24
6905 15
6906 0
6907 17
6908 1
6909 0
6910 0
6911 0
6912 0
6913 0
6914 0
6915 0
6916 0
6917 0
6918 0
6919 17
6920 24
6921 0
6922 0
6923 0
6924 0
6925 0
6926 0
6927 0
6928 0
6929 0
6930 15
6931 0
6932 10
6933 0
6934 0
6935 0
6936 17
6937 0
6938 0
6939 10
6940 0
6941 0
6942 0
6943 0
6944 0
6945 0
6946 0
6947 0
6948 10
6949 0
6950 0
6951 0
6952 0
6953 0
6954 0
6955 4
6956 0
6957 0
6958 0
6959 21
6960 0
6961 0
6962 0
6963 17
6964 0
6965 0
6966 0
6967 17
6968 11
6969 0
6970 0
6971 0
6972 23
6973 4
6974 0
6975 0
6976 0
6977 0
6978 0
6979 0
6980 0
6981 0
6982 0
6983 4
6984 0
6985 0
6986 0
6987 0
6988 0
6989 0
6990 0
6991 0
6992 17
6993 6
6994 3
6995 0
6996 0
6997 13
6998 4
6999 20
7000 17
7001 0
7002 0
7003 17
7004 0
7005 0
7006 0
7007 0
7008 17
7009 0
7010 0
7011 0
7012 0
7013 0
7014 10
7015 10
7016 0
7017 0
7018 0
7019 0
7020 0
7021 24
7022 0
7023 21
7024 0
7025 0
7026 0
7027 0
7028 0
7029 16
7030 2
7031 17
7032 17
7033 0
7034 0
7035 0
7036 0
7037 0
7038 0
7039 0
7040 24
7041 0
7042 17
7043 0
7044 17
7045 0
7046 0
7047 0
7048 5
7049 17
7050 16
7051 0
7052 0
7053 0
7054 0
7055 0
7056 0
7057 0
7058 2
7059 0
7060 0
7061 0
7062 16
7063 0
7064 17
7065 0
7066 12
7067 0
7068 2
7069 0
7070 0
7071 0
7072 0
7073 24
7074 16
7075 0
7076 0
7077 0
7078 0
7079 0
7080 0
7081 0
7082 0
7083 17
7084 0
7085 0
7086 0
7087 0
7088 0
7089 0
7090 0
7091 1
7092 0
7093 0
7094 0
7095 0
7096 0
7097 0
7098 0
7099 0
7100 24
7101 24
7102 0
7103 0
7104 0
7105 0
7106 24
7107 0
7108 0
7109 0
7110 0
7111 0
7112 0
7113 0
7114 0
7115 0
7116 0
7117 0
7118 0
7119 0
7120 0
7121 0
7122 0
7123 0
7124 0
7125 0
7126 0
7127 6
7128 0
7129 17
7130 0
7131 17
7132 10
7133 17
7134 0
7135 0
7136 0
7137 0
7138 0
7139 0
7140 0
7141 0
7142 0
7143 0
7144 0
7145 19
7146 0
7147 10
7148 0
7149 0
7150 0
7151 0
7152 0
7153 10
7154 0
7155 0
7156 0
7157 0
7158 3
7159 0
7160 16
7161 0
7162 0
7163 0
7164 0
7165 0
7166 0
7167 0
7168 0
7169 16
7170 0
7171 0
7172 24
7173 0
7174 0
7175 0
7176 0
7177 0
7178 0
7179 0
7180 6
7181 0
7182 0
7183 12
7184 0
7185 0
7186 0
7187 0
7188 0
7189 24
7190 0
7191 0
7192 0
7193 5
7194 0
7195 24
7196 0
7197 0
7198 0
7199 2
7200 17
7201 0
7202 0
7203 0
7204 0
7205 0
7206 0
7207 0
7208 24
7209 0
7210 0
7211 0
7212 0
7213 17
7214 17
7215 0
7216 0
7217 0
7218 6
7219 0
7220 0
7221 0
7222 0
7223 0
7224 0
7225 0
7226 0
7227 0
7228 0
7229 0
7230 0
7231 0
7232 22
7233 0
7234 0
7235 0
7236 0
7237 0
7238 0
7239 0
7240 4
7241 3
7242 2
7243 0
7244 0
7245 0
7246 0
7247 4
7248 21
7249 0
7250 0
7251 0
7252 0
7253 0
7254 0
7255 0
7256 0
7257 0
7258 0
7259 19
7260 6
7261 0
7262 10
7263 24
7264 0
7265 0
7266 0
7267 0
7268 0
7269 0
7270 0
7271 0
7272 0
7273 16
7274 0
7275 0
7276 0
7277 0
7278 0
7279 0
7280 0
7281 0
7282 0
7283 0
7284 0
7285 17
7286 16
7287 0
7288 0
7289 6
7290 2
7291 15
7292 17
7293 0
7294 0
7295 0
7296 17
7297 0
7298 0
7299 0
7300 0
7301 0
7302 0
7303 0
7304 0
7305 0
7306 0
7307 0
7308 2
7309 0
7310 17
7311 0
7312 0
7313 24
7314 0
7315 0
7316 2
7317 0
7318 0
7319 0
7320 10
7321 0
7322 17
7323 0
7324 0
7325 0
7326 10
7327 17
7328 0
7329 0
7330 0
7331 0
7332 0
7333 4
7334 0
7335 0
7336 10
7337 2
7338 0
7339 17
7340 0
7341 0
7342 17
7343 0
7344 0
7345 24
7346 0
7347 0
7348 0
7349 17
7350 0
7351 24
7352 0
7353 0
7354 0
7355 24
7356 0
7357 0
7358 0
7359 0
7360 0
7361 0
7362 0
7363 24
7364 2
7365 0
7366 17
7367 0
7368 0
7369 24
7370 0
7371 17
7372 0
7373 0
7374 0
7375 0
7376 0
7377 17
7378 0
7379 0
7380 0
7381 0
7382 0
7383 24
7384 20
7385 22
7386 0
7387 0
7388 0
7389 0
7390 17
7391 15
7392 0
7393 0
7394 2
7395 0
7396 0
7397 6
7398 2
7399 0
7400 10
7401 4
7402 0
7403 6
7404 19
7405 23
7406 0
7407 16
7408 0
7409 0
7410 24
7411 0
7412 0
7413 0
7414 0
7415 0
7416 0
7417 0
7418 10
7419 24
7420 20
7421 0
7422 0
7423 0
7424 0
7425 0
7426 0
7427 0
7428 0
7429 10
7430 0
7431 0
7432 17
7433 0
7434 0
7435 0
7436 10
7437 0
7438 24
7439 0
7440 0
7441 17
7442 6
7443 10
7444 0
7445 0
7446 0
7447 22
7448 0
7449 17
7450 4
7451 0
7452 0
7453 17
7454 0
7455 24
7456 0
7457 0
7458 0
7459 0
7460 21
7461 0
7462 0
7463 0
7464 0
7465 0
7466 0
7467 17
7468 20
7469 0
7470 16
7471 0
7472 0
7473 0
7474 5
7475 0
7476 0
7477 0
7478 6
7479 0
7480 17
7481 0
7482 0
7483 24
7484 0
7485 0
7486 0
7487 0
7488 0
7489 0
7490 0
7491 0
7492 0
7493 0
7494 4
7495 0
7496 0
7497 0
7498 0
7499 0
7500 0
7501 0
7502 0
7503 22
7504 0
7505 0
7506 0
7507 3
7508 0
7509 10
7510 0
7511 17
7512 0
7513 24
7514 24
7515 0
7516 0
7517 1
7518 0
7519 10
7520 10
7521 6
7522 0
7523 0
7524 0
7525 0
7526 0
7527 0
7528 0
7529 3
7530 10
7531 24
7532 0
7533 0
7534 0
7535 22
7536 0
7537 0
7538 2
7539 0
7540 0
7541 0
7542 0
7543 0
7544 0
7545 0
7546 0
7547 0
7548 13
7549 0
7550 6
7551 0
7552 0
7553 0
7554 0
7555 9
7556 4
7557 24
7558 12
7559 0
7560 0
7561 0
7562 0
7563 0
7564 5
7565 0
7566 0
7567 0
7568 0
7569 0
7570 24
7571 0
7572 0
7573 0
7574 0
7575 0
7576 0
7577 0
7578 0
7579 17
7580 0
7581 0
7582 0
7583 0
7584 0
7585 0
7586 0
7587 0
7588 0
7589 17
7590 0
7591 0
7592 4
7593 0
7594 0
7595 0
7596 0
7597 0
7598 0
7599 0
7600 0
7601 0
7602 0
7603 0
7604 0
7605 0
7606 1
7607 0
7608 0
7609 0
7610 0
7611 0
7612 0
7613 0
7614 0
7615 0
7616 0
7617 0
7618 0
7619 10
7620 1
7621 0
7622 0
7623 0
7624 0
7625 0
7626 5
7627 24
7628 0
7629 0
7630 0
7631 0
7632 0
7633 17
7634 0
7635 4
7636 10
7637 0
7638 0
7639 0
7640 17
7641 0
7642 0
7643 0
7644 0
7645 0
7646 0
7647 0
7648 17
7649 0
7650 0
7651 0
7652 24
7653 0
7654 0
7655 0
7656 0
7657 0
7658 0
7659 0
7660 17
7661 0
7662 10
7663 11
7664 17
7665 0
7666 0
7667 0
7668 0
7669 0
7670 0
7671 0
7672 0
7673 0
7674 0
7675 0
7676 0
7677 0
7678 0
7679 0
7680 0
7681 0
7682 17
7683 0
7684 0
7685 0
7686 17
7687 6
7688 0
7689 0
7690 17
7691 0
7692 0
7693 0
7694 17
7695 24
7696 0
7697 0
7698 0
7699 24
7700 0
7701 2
7702 0
7703 0
7704 0
7705 0
7706 24
7707 0
7708 0
7709 0
7710 0
7711 0
7712 0
7713 0
7714 0
7715 0
7716 0
7717 0
7718 0
7719 0
7720 3
7721 0
7722 17
7723 0
7724 0
7725 0
7726 0
7727 0
7728 0
7729 17
7730 0
7731 0
7732 0
7733 0
7734 12
7735 22
7736 0
7737 0
7738 0
7739 6
7740 0
7741 0
7742 0
7743 17
7744 0
7745 0
7746 0
7747 0
7748 0
7749 0
7750 23
7751 0
7752 0
7753 1
7754 0
7755 0
7756 0
7757 0
7758 17
7759 13
7760 0
7761 0
7762 0
7763 0
7764 0
7765 3
7766 17
7767 0
7768 24
7769 6
7770 17
7771 0
7772 0
7773 23
7774 0
7775 0
7776 17
7777 0
7778 0
7779 0
7780 0
7781 0
7782 17
7783 0
7784 0
7785 0
7786 0
7787 0
7788 0
7789 17
7790 0
7791 0
7792 0
7793 0
7794 0
7795 6
7796 0
7797 0
7798 24
7799 0
7800 0
7801 0
7802 0
7803 0
7804 0
7805 24
7806 0
7807 0
7808 0
7809 0
7810 0
7811 4
7812 0
7813 3
7814 0
7815 16
7816 0
7817 0
7818 24
7819 0
7820 0
7821 17
7822 0
7823 0
7824 22
7825 0
7826 0
7827 0
7828 0
7829 4
7830 0
7831 0
7832 0
7833 0
7834 0
7835 0
7836 10
7837 0
7838 0
7839 0
7840 0
7841 0
7842 0
7843 0
7844 0
7845 0
7846 10
7847 10
7848 0
7849 0
7850 4
7851 0
7852 0
7853 0
7854 0
7855 0
7856 0
7857 0
7858 0
7859 0
7860 0
7861 0
7862 0
7863 0
7864 17
7865 17
7866 1
7867 24
7868 0
7869 0
7870 0
7871 0
7872 0
7873 0
7874 0
7875 0
7876 0
7877 5
7878 0
7879 0
7880 24
7881 0
7882 0
7883 17
7884 0
7885 0
7886 0
7887 0
7888 0
7889 0
7890 0
7891 0
7892 0
7893 0
7894 4
7895 0
7896 0
7897 24
7898 0
7899 0
7900 0
7901 24
7902 0
7903 0
7904 3
7905 0
7906 17
7907 16
7908 24
7909 0
7910 0
7911 6
7912 10
7913 0
7914 0
7915 0
7916 0
7917 0
7918 17
7919 0
7920 17
7921 0
7922 0
7923 0
7924 0
7925 17
7926 0
7927 0
7928 0
7929 0
7930 0
7931 0
7932 0
7933 17
7934 0
7935 24
7936 10
7937 0
7938 0
7939 20
7940 0
7941 6
7942 0
7943 0
7944 0
7945 1
7946 0
7947 0
7948 0
7949 16
7950 0
7951 0
7952 0
7953 17
7954 2
7955 0
7956 0
7957 0
7958 0
7959 2
7960 0
7961 0
7962 0
7963 4
7964 0
7965 0
7966 0
7967 0
7968 0
7969 0
7970 0
7971 0
7972 0
7973 17
7974 0
7975 0
7976 0
7977 0
7978 0
7979 0
7980 24
7981 0
7982 0
7983 0
7984 0
7985 0
7986 0
7987 0
7988 0
7989 0
7990 0
7991 6
7992 0
7993 0
7994 0
7995 0
7996 0
7997 0
7998 0
7999 0
8000 0
8001 0
8002 17
8003 24
8004 0
8005 24
8006 17
8007 24
8008 0
8009 0
8010 12
8011 0
8012 0
8013 0
8014 24
8015 24
8016 0
8017 10
8018 0
8019 0
8020 0
8021 10
8022 0
8023 0
8024 0
8025 0
8026 0
8027 0
8028 10
8029 0
8030 0
8031 0
8032 0
8033 0
8034 17
8035 24
8036 17
8037 0
8038 0
8039 0
8040 0
8041 0
8042 0
8043 12
8044 0
8045 0
8046 6
8047 17
8048 0
8049 0
8050 17
8051 6
8052 0
8053 0
8054 0
8055 1
8056 0
8057 0
8058 0
8059 0
8060 0
8061 0
8062 10
8063 0
8064 16
8065 0
8066 0
8067 0
8068 0
8069 0
8070 0
8071 0
8072 0
8073 0
8074 0
8075 0
8076 6
8077 0
8078 6
8079 0
8080 0
8081 0
8082 21
8083 0
8084 0
8085 17
8086 0
8087 0
8088 10
8089 0
8090 10
8091 24
8092 6
8093 10
8094 0
8095 0
8096 0
8097 0
8098 0
8099 0
8100 0
8101 0
8102 0
8103 0
8104 0
8105 0
8106 0
8107 4
8108 0
8109 0
8110 24
8111 0
8112 0
8113 0
8114 0
8115 0
8116 2
8117 0
8118 0
8119 0
8120 0
8121 10
8122 0
8123 17
8124 8
8125 24
8126 0
8127 0
8128 0
8129 0
8130 0
8131 0
8132 0
8133 17
8134 0
8135 0
8136 0
8137 0
8138 0
8139 0
8140 0
8141 0
8142 12
8143 0
8144 0
8145 0
8146 0
8147 0
8148 0
8149 0
8150 16
8151 17
8152 0
8153 0
8154 0
8155 0
8156 0
8157 20
8158 0
8159 0
8160 17
8161 24
8162 0
8163 0
8164 0
8165 17
8166 0
8167 0
8168 0
8169 0
8170 20
8171 0
8172 0
8173 0
8174 0
8175 0
8176 0
8177 2
8178 0
8179 0
8180 16
8181 0
8182 3
8183 0
8184 0
8185 0
8186 0
8187 0
8188 0
8189 0
8190 0
8191 6
8192 6
8193 0
8194 0
8195 0
8196 0
8197 24
8198 10
8199 0
8200 0
8201 0
8202 0
8203 0
8204 0
8205 0
8206 24
8207 0
8208 17
8209 0
8210 0
8211 0
8212 0
8213 3
8214 0
8215 0
8216 0
8217 0
8218 11
8219 0
8220 0
8221 24
8222 20
8223 3
8224 17
8225 0
8226 0
8227 17
8228 0
8229 0
8230 0
8231 0
8232 0
8233 0
8234 0
8235 0
8236 17
8237 0
8238 0
8239 23
8240 0
8241 17
8242 0
8243 0
8244 0
8245 0
8246 0
8247 0
8248 0
8249 0
8250 0
8251 0
8252 0
8253 17
8254 6
8255 0
8256 0
8257 0
8258 0
8259 0
8260 0
8261 0
8262 0
8263 0
8264 0
8265 0
8266 0
8267 0
8268 17
8269 0
8270 17
8271 24
8272 0
8273 0
8274 24
8275 20
8276 0
8277 0
8278 0
8279 16
8280 0
8281 0
8282 21
8283 0
8284 10
8285 0
8286 0
8287 0
8288 0
8289 0
8290 0
8291 0
8292 0
8293 3
8294 0
8295 0
8296 17
8297 0
8298 0
8299 12
8300 0
8301 17
8302 0
8303 0
8304 0
8305 23
8306 0
8307 0
8308 17
8309 24
8310 0
8311 0
8312 0
8313 0
8314 0
8315 0
8316 0
8317 0
8318 0
8319 0
8320 0
8321 0
8322 0
8323 24
8324 0
8325 0
8326 0
8327 0
8328 6
8329 0
8330 0
8331 0
8332 0
8333 0
8334 0
8335 0
8336 0
8337 4
8338 0
8339 0
8340 0
8341 0
8342 22
8343 0
8344 0
8345 0
8346 0
8347 0
8348 0
8349 16
8350 0
8351 0
8352 0
8353 0
8354 0
8355 0
8356 0
8357 10
8358 0
8359 0
8360 0
8361 0
8362 0
8363 0
8364 17
8365 0
8366 0
8367 0
8368 0
8369 0
8370 0
8371 0
8372 24
8373 0
8374 0
8375 0
8376 0
8377 17
8378 0
8379 0
8380 0
8381 0
8382 0
8383 24
8384 0
8385 0
8386 0
8387 0
8388 0
8389 0
8390 10
8391 0
8392 17
8393 0
8394 0
8395 24
8396 16
8397 0
8398 0
8399 0
8400 17
8401 0
8402 0
8403 0
8404 0
8405 0
8406 0
8407 4
8408 0
8409 0
8410 0
8411 0
8412 0
8413 0
8414 0
8415 0
8416 24
8417 0
8418 0
8419 0
8420 0
8421 0
8422 0
8423 0
8424 7
8425 17
8426 0
8427 7
8428 0
8429 0
8430 0
8431 0
8432 0
8433 0
8434 0
8435 0
8436 0
8437 0
8438 0
8439 0
8440 0
8441 0
8442 0
8443 5
8444 0
8445 0
8446 0
8447 0
8448 0
8449 24
8450 0
8451 0
8452 0
8453 0
8454 0
8455 0
8456 0
8457 0
8458 0
8459 0
8460 0
8461 0
8462 0
8463 17
8464 0
8465 0
8466 17
8467 0
8468 0
8469 0
8470 0
8471 0
8472 0
8473 0
8474 0
8475 0
8476 16
8477 0
8478 0
8479 21
8480 0
8481 0
8482 0
8483 0
8484 0
8485 0
8486 0
8487 19
8488 0
8489 0
8490 24
8491 0
8492 17
8493 0
8494 4
8495 0
8496 0
8497 0
8498 0
8499 0
8500 0
8501 21
8502 0
8503 0
8504 0
8505 0
8506 0
8507 0
8508 10
8509 1
8510 0
8511 17
8512 0
8513 0
8514 17
8515 0
8516 0
8517 0
8518 6
8519 16
8520 0
8521 0
8522 0
8523 0
8524 2
8525 0
8526 0
8527 0
8528 0
8529 0
8530 0
8531 24
8532 3
8533 0
8534 4
8535 0
8536 17
8537 0
8538 0
8539 0
8540 0
8541 10
8542 24
8543 0
8544 0
8545 0
8546 0
8547 0
8548 0
8549 0
8550 0
8551 0
8552 0
8553 17
8554 0
8555 24
8556 0
8557 0
8558 0
8559 0
8560 24
8561 0
8562 0
8563 2
8564 0
8565 17
8566 0
8567 0
8568 24
8569 0
8570 0
8571 0
8572 0
8573 0
8574 0
8575 0
8576 10
8577 0
8578 0
8579 24
8580 0
8581 0
8582 0
8583 0
8584 0
8585 0
8586 0
8587 0
8588 0
8589 0
8590 17
8591 0
8592 0
8593 1
8594 0
8595 2
8596 0
8597 0
8598 17
8599 0
8600 0
8601 0
8602 0
8603 0
8604 0
8605 0
8606 0
8607 0
8608 17
8609 10
8610 0
8611 0
8612 17
8613 0
8614 4
8615 0
8616 0
8617 0
8618 24
8619 0
8620 0
8621 0
8622 0
8623 0
8624 0
8625 0
8626 6
8627 0
8628 0
8629 10
8630 0
8631 1
8632 0
8633 0
8634 0
8635 0
8636 0
8637 0
8638 0
8639 0
8640 16
8641 0
8642 0
8643 0
8644 0
8645 6
8646 0
8647 0
8648 0
8649 12
8650 4
8651 0
8652 0
8653 0
8654 0
8655 17
8656 24
8657 0
8658 17
8659 0
8660 0
8661 0
8662 3
8663 17
8664 0
8665 0
8666 0
8667 4
8668 24
8669 0
8670 0
8671 8
8672 0
8673 0
8674 0
8675 0
8676 0
8677 0
8678 0
8679 4
8680 0
8681 0
8682 17
8683 0
8684 17
8685 0
8686 0
8687 10
8688 0
8689 5
8690 0
8691 0
8692 0
8693 0
8694 24
8695 0
8696 0
8697 0
8698 0
8699 0
8700 24
8701 0
8702 0
8703 0
8704 0
8705 0
8706 6
8707 0
8708 0
8709 17
8710 4
8711 0
8712 0
8713 4
8714 0
8715 0
8716 0
8717 10
8718 0
8719 0
8720 0
8721 0
8722 0
8723 0
8724 0
8725 10
8726 0
8727 0
8728 0
8729 0
8730 0
8731 0
8732 0
8733 0
8734 0
8735 10
8736 0
8737 0
8738 0
8739 0
8740 0
8741 12
8742 10
8743 0
8744 0
8745 0
8746 0
8747 1
8748 0
8749 0
8750 0
8751 0
8752 17
8753 0
8754 0
8755 10
8756 0
8757 17
8758 0
8759 0
8760 0
8761 10
8762 0
8763 24
8764 0
8765 16
8766 0
8767 0
8768 0
8769 0
8770 0
8771 0
8772 0
8773 0
8774 0
8775 0
8776 0
8777 0
8778 17
8779 0
8780 0
8781 0
8782 0
8783 0
8784 0
8785 0
8786 0
8787 17
8788 0
8789 0
8790 17
8791 0
8792 0
8793 0
8794 24
8795 0
8796 0
8797 17
8798 0
8799 0
8800 0
8801 0
8802 0
8803 17
8804 0
8805 0
8806 0
8807 10
8808 0
8809 0
8810 0
8811 17
8812 0
8813 0
8814 0
8815 0
8816 0
8817 24
8818 0
8819 0
8820 0
8821 24
8822 0
8823 23
8824 17
8825 0
8826 3
8827 17
8828 0
8829 0
8830 0
8831 24
8832 0
8833 0
8834 0
8835 17
8836 2
8837 0
8838 0
8839 0
8840 4
8841 0
8842 10
8843 0
8844 0
8845 0
8846 0
8847 0
8848 0
8849 0
8850 0
8851 0
8852 0
8853 0
8854 0
8855 0
8856 16
8857 17
8858 0
8859 24
8860 0
8861 0
8862 0
8863 0
8864 17
8865 0
8866 0
8867 0
8868 0
8869 22
8870 0
8871 0
8872 20
8873 0
8874 0
8875 0
8876 0
8877 0
8878 0
8879 0
8880 0
8881 0
8882 0
8883 0
8884 0
8885 0
8886 0
8887 10
8888 2
8889 17
8890 0
8891 0
8892 0
8893 0
8894 0
8895 0
8896 0
8897 0
8898 0
8899 0
8900 0
8901 10
8902 0
8903 0
8904 0
8905 17
8906 0
8907 12
8908 0
8909 2
8910 0
8911 17
8912 4
8913 24
8914 0
8915 0
8916 0
8917 0
8918 0
8919 0
8920 0
8921 0
8922 0
8923 24
8924 2
8925 0
8926 0
8927 0
8928 0
8929 0
8930 0
8931 0
8932 0
8933 17
8934 24
8935 0
8936 0
8937 0
8938 0
8939 0
8940 0
8941 16
8942 0
8943 0
8944 0
8945 17
8946 0
8947 0
8948 0
8949 0
8950 17
8951 24
8952 10
8953 0
8954 0
8955 17
8956 0
8957 0
8958 0
8959 22
8960 17
8961 0
8962 0
8963 0
8964 0
8965 0
8966 0
8967 0
8968 17
8969 0
8970 0
8971 17
8972 0
8973 17
8974 0
8975 2
8976 0
8977 0
8978 0
8979 0
8980 0
8981 6
8982 0
8983 0
8984 0
8985 3
8986 0
8987 0
8988 17
8989 0
8990 0
8991 3
8992 0
8993 0
8994 0
8995 17
8996 0
8997 0
8998 0
8999 0
9000 5
9001 0
9002 0
9003 0
9004 0
9005 0
9006 6
9007 0
9008 16
9009 0
9010 0
9011 0
9012 0
9013 10
9014 0
9015 0
9016 0
9017 5
9018 9
9019 0
9020 0
9021 0
9022 0
9023 21
9024 10
9025 0
9026 0
9027 0
9028 0
9029 0
9030 16
9031 0
9032 0
9033 0
9034 0
9035 17
9036 0
9037 0
9038 0
9039 0
9040 0
9041 0
9042 0
9043 0
9044 0
9045 0
9046 0
9047 17
9048 0
9049 0
9050 17
9051 0
9052 23
9053 0
9054 0
9055 24
9056 0
9057 0
9058 17
9059 0
9060 0
9061 11
9062 0
9063 0
9064 0
9065 0
9066 23
9067 0
9068 3
9069 0
9070 0
9071 22
9072 0
9073 0
9074 0
9075 0
9076 0
9077 0
9078 0
9079 0
9080 0
9081 0
9082 0
9083 0
9084 5
9085 0
9086 0
9087 10
9088 0
9089 0
9090 0
9091 24
9092 0
9093 0
9094 0
9095 10
9096 0
9097 0
9098 0
9099 0
9100 0
9101 0
9102 11
9103 0
9104 0
9105 17
9106 0
9107 0
9108 0
9109 0
9110 0
9111 3
9112 0
9113 15
9114 0
9115 0
9116 0
9117 0
9118 0
9119 0
9120 0
9121 0
9122 17
9123 5
9124 6
9125 0
9126 0
9127 0
9128 0
9129 0
9130 0
9131 0
9132 0
9133 24
9134 0
9135 17
9136 6
9137 17
9138 0
9139 0
9140 24
9141 0
9142 6
9143 0
9144 0
9145 0
9146 0
9147 17
9148 0
9149 0
9150 0
9151 0
9152 0
9153 0
9154 0
9155 0
9156 0
9157 17
9158 0
9159 4
9160 3
9161 22
9162 0
9163 0
9164 0
9165 17
9166 24
9167 0
9168 0
9169 0
9170 0
9171 0
9172 0
9173 17
9174 0
9175 0
9176 0
9177 0
9178 0
9179 0
9180 0
9181 0
9182 0
9183 0
9184 0
9185 0
9186 0
9187 0
9188 0
9189 0
9190 0
9191 0
9192 0
9193 0
9194 0
9195 17
9196 0
9197 0
9198 0
9199 17
9200 0
9201 0
9202 0
9203 6
9204 0
9205 0
9206 0
9207 0
9208 0
9209 0
9210 0
9211 0
9212 0
9213 0
9214 0
9215 17
9216 0
9217 0
9218 0
9219 0
9220 0
9221 15
9222 0
9223 0
9224 0
9225 0
9226 0
9227 0
9228 0
9229 17
9230 10
9231 0
9232 0
9233 0
9234 0
9235 0
9236 24
9237 0
9238 0
9239 0
9240 17
9241 15
9242 0
9243 0
9244 0
9245 0
9246 0
9247 0
9248 0
9249 0
9250 0
9251 0
9252 24
9253 0
9254 9
9255 10
9256 20
9257 0
9258 0
9259 0
9260 0
9261 0
9262 0
9263 0
9264 0
9265 0
9266 0
9267 0
9268 0
9269 0
9270 0
9271 24
9272 0
9273 0
9274 13
9275 0
9276 0
9277 0
9278 0
9279 0
9280 0
9281 0
9282 0
9283 10
9284 0
9285 0
9286 0
9287 0
9288 0
9289 17
9290 0
9291 0
9292 0
9293 0
9294 0
9295 24
9296 0
9297 9
9298 0
9299 10
9300 0
9301 0
9302 0
9303 0
9304 17
9305 0
9306 10
9307 2
9308 17
9309 0
9310 0
9311 0
9312 0
9313 0
9314 22
9315 0
9316 0
9317 0
9318 5
9319 0
9320 0
9321 0
9322 0
9323 16
9324 0
9325 0
9326 0
9327 0
9328 17
9329 0
9330 0
9331 0
9332 0
9333 0
9334 10
9335 0
9336 0
9337 0
9338 0
9339 0
9340 0
9341 17
9342 0
9343 0
9344 0
9345 4
9346 0
9347 0
9348 0
9349 0
9350 0
9351 0
9352 0
9353 0
9354 10
9355 0
9356 0
9357 0
9358 0
9359 0
9360 0
9361 0
9362 0
9363 0
9364 0
9365 0
9366 0
9367 0
9368 0
9369 0
9370 0
9371 17
9372 0
9373 0
9374 4
9375 10
9376 24
9377 0
9378 0
9379 0
9380 0
9381 0
9382 0
9383 0
9384 0
9385 0
9386 0
9387 0
9388 0
9389 1
9390 0
9391 0
9392 0
9393 0
9394 0
9395 0
9396 0
9397 0
9398 0
9399 0
9400 16
9401 0
9402 17
9403 0
9404 0
9405 16
9406 0
9407 0
9408 0
9409 0
9410 10
9411 0
9412 0
9413 0
9414 0
9415 0
9416 0
9417 0
9418 10
9419 17
9420 0
9421 16
9422 0
9423 0
9424 0
9425 0
9426 0
9427 0
9428 0
9429 24
9430 0
9431 0
9432 0
9433 0
9434 4
9435 0
9436 0
9437 0
9438 0
9439 3
9440 23
9441 0
9442 0
9443 0
9444 24
9445 17
9446 0
9447 0
9448 0
9449 0
9450 0
9451 0
9452 0
9453 6
9454 0
9455 0
9456 0
9457 0
9458 0
9459 0
9460 17
9461 0
9462 0
9463 0
9464 24
9465 17
9466 17
9467 0
9468 0
9469 0
9470 0
9471 0
9472 0
9473 0
9474 0
9475 0
9476 17
9477 0
9478 0
9479 24
9480 0
9481 0
9482 17
9483 12
9484 0
9485 10
9486 0
9487 10
9488 10
9489 0
9490 0
9491 0
9492 0
9493 0
9494 0
9495 0
9496 0
9497 0
9498 0
9499 0
9500 0
9501 0
9502 0
9503 0
9504 16
9505 5
9506 0
9507 0
9508 0
9509 0
9510 0
9511 0
9512 0
9513 2
9514 16
9515 0
9516 11
9517 0
9518 0
9519 0
9520 10
9521 17
9522 0
9523 0
9524 0
9525 0
9526 0
9527 0
9528 24
9529 24
9530 0
9531 5
9532 0
9533 0
9534 0
9535 0
9536 0
9537 0
9538 0
9539 0
9540 0
9541 0
9542 17
9543 0
9544 0
9545 0
9546 0
9547 0
9548 0
9549 0
9550 0
9551 0
9552 0
9553 17
9554 0
9555 10
9556 13
9557 0
9558 0
9559 0
9560 17
9561 0
9562 0
9563 0
9564 0
9565 0
9566 0
9567 24
9568 0
9569 0
9570 17
9571 24
9572 0
9573 0
9574 0
9575 0
9576 0
9577 0
9578 17
9579 0
9580 10
9581 0
9582 0
9583 4
9584 17
9585 0
9586 5
9587 0
9588 0
9589 0
9590 0
9591 0
9592 0
9593 0
9594 0
9595 0
9596 24
9597 0
9598 0
9599 0
9600 0
9601 0
9602 0
9603 0
9604 0
9605 17
9606 0
9607 0
9608 3
9609 0
9610 1
9611 6
9612 0
9613 17
9614 0
9615 0
9616 1
9617 5
9618 0
9619 0
9620 0
9621 0
9622 0
9623 0
9624 24
9625 0
9626 24
9627 0
9628 0
9629 0
9630 0
9631 0
9632 0
9633 0
9634 0
9635 15
9636 0
9637 0
9638 10
9639 0
9640 0
9641 0
9642 0
9643 17
9644 0
9645 0
9646 0
9647 0
9648 0
9649 0
9650 0
9651 0
9652 0
9653 0
9654 0
9655 0
9656 0
9657 17
9658 0
9659 0
9660 0
9661 0
9662 0
9663 0
9664 0
9665 0
9666 0
9667 0
9668 0
9669 0
9670 0
9671 0
9672 0
9673 0
9674 0
9675 0
9676 10
9677 0
9678 0
9679 0
9680 0
9681 0
9682 0
9683 0
9684 17
9685 0
9686 24
9687 10
9688 0
9689 5
9690 16
9691 0
9692 17
9693 17
9694 0
9695 10
9696 17
9697 0
9698 0
9699 0
9700 24
9701 0
9702 0
9703 0
9704 0
9705 10
9706 0
9707 0
9708 0
9709 0
9710 0
9711 0
9712 0
9713 0
9714 16
9715 0
9716 0
9717 0
9718 0
9719 0
9720 0
9721 0
9722 0
9723 0
9724 0
9725 24
9726 16
9727 0
9728 0
9729 0
9730 12
9731 0
9732 0
9733 24
9734 0
9735 0
9736 0
9737 0
9738 0
9739 24
9740 0
9741 0
9742 0
9743 0
9744 0
9745 0
9746 10
9747 17
9748 10
9749 17
9750 10
9751 0
9752 17
9753 0
9754 17
9755 0
9756 0
9757 4
9758 13
9759 24
9760 0
9761 0
9762 0
9763 17
9764 24
9765 0
9766 0
9767 17
9768 0
9769 0
9770 0
9771 0
9772 0
9773 0
9774 0
9775 10
9776 0
9777 2
9778 0
9779 0
9780 0
9781 22
9782 0
9783 0
9784 0
9785 10
9786 0
9787 21
9788 0
9789 0
9790 17
9791 10
9792 10
9793 0
9794 9
9795 0
9796 10
9797 0
9798 0
9799 0
9800 0
9801 0
9802 0
9803 0
9804 0
9805 0
9806 1
9807 0
9808 0
9809 0
9810 0
9811 0
9812 10
9813 0
9814 0
9815 0
9816 0
9817 3
9818 0
9819 9
9820 24
9821 0
9822 0
9823 0
9824 0
9825 0
9826 0
9827 6
9828 0
9829 0
9830 0
9831 0
9832 0
9833 24
9834 0
9835 0
9836 0
9837 0
9838 0
9839 0
9840 0
9841 0
9842 0
9843 4
9844 0
9845 0
9846 0
9847 0
9848 0
9849 0
9850 4
9851 0
9852 0
9853 0
9854 0
9855 0
9856 0
9857 0
9858 0
9859 0
9860 0
9861 0
9862 0
9863 6
9864 1
9865 0
9866 10
9867 0
9868 0
9869 0
9870 0
9871 0
9872 0
9873 0
9874 0
9875 0
9876 0
9877 17
9878 0
9879 0
9880 0
9881 0
9882 0
9883 0
9884 0
9885 0
9886 0
9887 0
9888 0
9889 0
9890 0
9891 0
9892 0
9893 21
9894 0
9895 17
9896 0
9897 0
9898 0
9899 0
9900 0
9901 0
9902 0
9903 0
9904 0
9905 0
9906 0
9907 24
9908 0
9909 0
9910 17
9911 0
9912 0
9913 6
9914 0
9915 0
9916 0
9917 0
9918 6
9919 24
9920 24
9921 0
9922 16
9923 0
9924 0
9925 16
9926 0
9927 0
9928 0
9929 0
9930 0
9931 0
9932 0
9933 0
9934 0
9935 0
9936 0
9937 0
9938 0
9939 1
9940 17
9941 17
9942 0
9943 0
9944 17
9945 0
9946 0
9947 0
9948 10
9949 0
9950 0
9951 0
9952 0
9953 17
9954 0
9955 0
9956 0
9957 0
9958 0
9959 0
9960 0
9961 17
9962 0
9963 0
9964 24
9965 0
9966 17
9967 0
9968 24
9969 0
9970 0
9971 17
9972 0
9973 20
9974 0
9975 0
9976 0
9977 0
9978 0
9979 24
9980 0
9981 6
9982 0
9983 10
9984 0
9985 0
9986 0
9987 0
9988 0
9989 0
9990 0
9991 0
9992 0
9993 0
9994 0
9995 1
9996 17
9997 0
9998 0
9999 0
10000 0
10001 0
10002 2
10003 24
10004 2
10005 0
10006 0
10007 0
10008 0
10009 0
10010 0
10011 0
10012 0
10013 0
10014 0
10015 0
10016 0
10017 0
10018 17
10019 0
10020 0
10021 0
10022 0
10023 0
10024 0
10025 0
10026 0
10027 0
10028 0
10029 0
10030 0
10031 0
10032 0
10033 0
10034 0
10035 0
10036 0
10037 0
10038 2
10039 0
10040 7
10041 0
10042 24
10043 0
10044 0
10045 0
10046 0
10047 16
10048 0
10049 17
10050 0
10051 0
10052 0
10053 16
10054 0
10055 0
10056 4
10057 0
10058 0
10059 0
10060 0
10061 0
10062 0
10063 24
10064 0
10065 0
10066 0
10067 0
10068 17
10069 0
10070 0
10071 0
10072 24
10073 0
10074 0
10075 0
10076 0
10077 0
10078 0
10079 10
10080 0
10081 0
10082 0
10083 0
10084 0
10085 0
10086 0
10087 0
10088 0
10089 17
10090 0
10091 0
10092 0
10093 0
10094 11
10095 17
10096 0
10097 0
10098 0
10099 16
10100 0
10101 0
10102 0
10103 0
10104 0
10105 0
10106 0
10107 0
10108 17
10109 0
10110 17
10111 0
10112 0
10113 0
10114 0
10115 2
10116 0
10117 10
10118 0
10119 0
10120 0
10121 0
10122 0
10123 0
10124 0
10125 24
10126 17
10127 0
10128 0
10129 0
10130 0
10131 0
10132 23
10133 0
10134 0
10135 24
10136 0
10137 0
10138 0
10139 0
10140 0
10141 5
10142 0
10143 0
10144 0
10145 0
10146 0
10147 0
10148 0
10149 0
10150 0
10151 0
10152 0
10153 0
10154 0
10155 0
10156 0
10157 0
10158 0
10159 0
10160 0
10161 17
10162 0
10163 0
10164 6
10165 17
10166 2
10167 0
10168 0
10169 6
10170 0
10171 10
10172 0
10173 0
10174 0
10175 0
10176 0
10177 0
10178 0
10179 0
10180 0
10181 0
10182 0
10183 0
10184 0
10185 0
10186 0
10187 0
10188 24
10189 0
10190 0
10191 24
10192 0
10193 0
10194 0
10195 17
10196 0
10197 0
10198 0
10199 0
10200 0
10201 0
10202 0
10203 4
10204 22
10205 0
10206 17
10207 0
10208 0
10209 0
10210 0
10211 13
10212 0
10213 0
10214 0
10215 17
10216 24
10217 0
10218 0
10219 10
10220 24
10221 0
10222 17
10223 0
10224 0
10225 0
10226 0
10227 0
10228 0
10229 0
10230 0
10231 0
10232 0
10233 0
10234 0
10235 24
10236 0
10237 0
10238 0
10239 0
10240 23
10241 0
10242 0
10243 0
10244 0
10245 0
10246 24
10247 0
10248 17
10249 0
10250 0
10251 0
10252 0
10253 0
10254 1
10255 13
10256 24
10257 0
10258 0
10259 0
10260 0
10261 0
10262 0
10263 0
10264 0
10265 4
10266 0
10267 0
10268 17
10269 0
10270 0
10271 0
10272 0
10273 0
10274 0
10275 0
10276 0
10277 0
10278 0
10279 0
10280 0
10281 0
10282 24
10283 15
10284 0
10285 0
10286 0
10287 0
10288 0
10289 0
10290 0
10291 0
10292 16
10293 0
10294 0
10295 17
10296 0
10297 0
10298 0
10299 0
10300 0
10301 0
10302 0
10303 17
10304 0
10305 19
10306 17
10307 0
10308 3
10309 0
10310 0
10311 0
10312 17
10313 24
10314 0
10315 0
10316 17
10317 0
10318 0
10319 0
10320 0
10321 0
10322 0
10323 6
10324 0
10325 0
10326 0
10327 0
10328 0
10329 15
10330 0
10331 0
10332 0
10333 0
10334 2
10335 0
10336 24
10337 0
10338 0
10339 0
10340 0
10341 0
10342 0
10343 10
10344 0
10345 0
10346 0
10347 21
10348 0
10349 17
10350 0
10351 0
10352 17
10353 0
10354 0
10355 0
10356 0
10357 0
10358 6
10359 10
10360 0
10361 0
10362 0
10363 0
10364 1
10365 0
10366 0
10367 0
10368 0
10369 0
10370 0
10371 0
10372 0
10373 0
10374 0
10375 0
10376 0
10377 0
10378 0
10379 0
10380 0
10381 0
10382 24
10383 0
10384 0
10385 24
10386 0
10387 0
10388 10
10389 0
10390 0
10391 16
10392 0
10393 0
10394 0
10395 4
10396 0
10397 0
10398 6
10399 0
10400 0
10401 0
10402 0
10403 0
10404 0
10405 0
10406 0
10407 0
10408 0
10409 0
10410 0
10411 0
10412 0
10413 0
10414 12
10415 17
10416 0
10417 0
10418 0
10419 6
10420 0
10421 17
10422 0
10423 0
10424 0
10425 0
10426 0
10427 0
10428 0
10429 0
10430 10
10431 0
10432 24
10433 17
10434 0
10435 0
10436 0
10437 0
10438 0
10439 0
10440 0
10441 0
10442 0
10443 0
10444 0
10445 0
10446 0
10447 0
10448 0
10449 5
10450 17
10451 0
10452 0
10453 0
10454 0
10455 0
10456 17
10457 24
10458 0
10459 0
10460 0
10461 0
10462 6
10463 0
10464 10
10465 0
10466 22
10467 24
10468 0
10469 0
10470 0
10471 17
10472 0
10473 24
10474 0
10475 17
10476 0
10477 0
10478 0
10479 0
10480 0
10481 0
10482 0
10483 17
10484 0
10485 0
10486 0
10487 0
10488 0
10489 0
10490 0
10491 0
10492 0
10493 0
10494 0
10495 0
10496 0
10497 17
10498 0
10499 0
10500 21
10501 23
10502 17
10503 10
10504 0
10505 4
10506 0
10507 0
10508 0
10509 4
10510 0
10511 0
10512 0
10513 10
10514 17
10515 0
10516 0
10517 0
10518 0
10519 0
10520 0
10521 23
10522 0
10523 0
10524 0
10525 0
10526 0
10527 0
10528 0
10529 0
10530 0
10531 0
10532 0
10533 0
10534 0
10535 6
10536 0
10537 0
10538 0
10539 0
10540 0
10541 0
10542 16
10543 0
10544 0
10545 0
10546 0
10547 0
10548 0
10549 0
10550 0
10551 0
10552 0
10553 0
10554 0
10555 0
10556 0
10557 0
10558 0
10559 0
10560 0
10561 24
10562 0
10563 0
10564 0
10565 0
10566 0
10567 0
10568 0
10569 0
10570 0
10571 1
10572 0
10573 0
10574 0
10575 0
10576 0
10577 0
10578 0
10579 0
10580 0
10581 17
10582 0
10583 0
10584 0
10585 0
10586 24
10587 0
10588 0
10589 0
10590 0
10591 0
10592 3
10593 0
10594 0
10595 0
10596 24
10597 0
10598 0
10599 0
10600 0
10601 0
10602 17
10603 24
10604 0
10605 0
10606 6
10607 0
10608 0
10609 0
10610 0
10611 0
10612 0
10613 0
10614 17
10615 23
10616 0
10617 0
10618 16
10619 0
10620 0
10621 0
10622 0
10623 24
10624 0
10625 0
10626 0
10627 0
10628 0
10629 0
10630 0
10631 0
10632 0
10633 0
10634 0
10635 4
10636 0
10637 0
10638 10
10639 0
10640 6
10641 0
10642 0
10643 11
10644 11
10645 0
10646 3
10647 0
10648 0
10649 0
10650 21
10651 0
10652 0
10653 23
10654 0
10655 0
10656 0
10657 1
10658 1
10659 0
10660 0
10661 0
10662 0
10663 0
10664 0
10665 0
10666 0
10667 0
10668 0
10669 0
10670 0
10671 0
10672 0
10673 0
10674 0
10675 10
10676 0
10677 0
10678 0
10679 0
10680 0
10681 0
10682 0
10683 0
10684 10
10685 0
10686 17
10687 24
10688 24
10689 0
10690 0
10691 0
10692 0
10693 17
10694 0
10695 0
10696 6
10697 16
10698 0
10699 0
10700 0
10701 17
10702 0
10703 0
10704 16
10705 0
10706 0
10707 17
10708 0
10709 24
10710 0
10711 14
10712 0
10713 0
10714 0
10715 0
10716 0
10717 0
10718 4
10719 0
10720 0
10721 0
10722 0
10723 0
10724 17
10725 17
10726 0
10727 0
10728 0
10729 0
10730 0
10731 16
10732 0
10733 0
10734 10
10735 0
10736 0
10737 0
10738 0
10739 1
10740 0
10741 0
10742 0
10743 24
10744 0
10745 0
10746 0
10747 0
10748 0
10749 0
10750 0
10751 23
10752 0
10753 0
10754 0
10755 10
10756 0
10757 0
10758 0
10759 6
10760 24
10761 16
10762 2
10763 24
10764 0
10765 0
10766 0
10767 0
10768 0
10769 24
10770 0
10771 0
10772 0
10773 0
10774 24
10775 10
10776 0
10777 0
10778 0
10779 0
10780 0
10781 0
10782 0
10783 0
10784 12
10785 0
10786 0
10787 0
10788 24
10789 24
10790 0
10791 0
10792 0
10793 6
10794 0
10795 0
10796 10
10797 0
10798 2
10799 17
10800 0
10801 17
10802 10
10803 0
10804 0
10805 0
10806 17
10807 0
10808 10
10809 0
10810 17
10811 0
10812 0
10813 0
10814 0
10815 0
10816 6
10817 0
10818 17
10819 0
10820 0
10821 0
10822 0
10823 0
10824 0
10825 17
10826 0
10827 0
10828 0
10829 0
10830 0
10831 0
10832 0
10833 0
10834 17
10835 0
10836 0
10837 0
10838 0
10839 0
10840 17
10841 0
10842 0
10843 0
10844 0
10845 0
10846 2
10847 0
10848 10
10849 4
10850 3
10851 16
10852 10
10853 0
10854 0
10855 0
10856 0
10857 0
10858 24
10859 1
10860 0
10861 0
10862 10
10863 0
10864 0
10865 0
10866 0
10867 0
10868 0
10869 0
10870 0
10871 0
10872 0
10873 0
10874 6
10875 0
10876 0
10877 0
10878 0
10879 0
10880 0
10881 0
10882 17
10883 0
10884 0
10885 1
10886 0
10887 0
10888 24
10889 0
10890 17
10891 0
10892 0
10893 0
10894 0
10895 0
10896 0
10897 0
10898 0
10899 0
10900 0
10901 0
10902 6
10903 10
10904 0
10905 0
10906 17
10907 0
10908 0
10909 0
10910 0
10911 24
10912 0
10913 0
10914 0
10915 0
10916 0
10917 0
10918 0
10919 17
10920 0
10921 0
10922 0
10923 0
10924 0
10925 17
10926 0
10927 17
10928 17
10929 0
10930 0
10931 0
10932 24
10933 0
10934 0
10935 0
10936 0
10937 0
10938 0
10939 0
10940 0
10941 0
10942 0
10943 0
10944 0
10945 0
10946 0
10947 0
10948 0
10949 0
10950 0
10951 0
10952 0
10953 0
10954 0
10955 0
10956 0
10957 0
10958 0
10959 0
10960 0
10961 24
10962 0
10963 0
10964 0
10965 17
10966 0
10967 0
10968 0
10969 17
10970 0
10971 6
10972 0
10973 6
10974 0
10975 0
10976 0
10977 0
10978 0
10979 0
10980 0
10981 10
10982 0
10983 0
10984 0
10985 0
10986 0
10987 0
10988 0
10989 0
10990 0
10991 0
10992 0
10993 0
10994 0
10995 0
10996 0
10997 0
10998 0
10999 0
11000 24
11001 0
11002 0
11003 17
11004 0
11005 0
11006 0
11007 0
11008 0
11009 17
11010 24
11011 0
11012 0
11013 4
11014 0
11015 0
11016 0
11017 0
11018 17
11019 0
11020 0
11021 0
11022 0
11023 0
11024 0
11025 0
11026 0
11027 0
11028 0
11029 0
11030 0
11031 0
11032 6
11033 0
11034 0
11035 0
11036 0
11037 0
11038 0
11039 0
11040 0
11041 0
11042 10
11043 0
11044 0
11045 0
11046 0
11047 0
11048 24
11049 0
11050 0
11051 0
11052 0
11053 0
11054 0
11055 0
11056 17
11057 0
11058 0
11059 17
11060 0
11061 0
11062 0
11063 0
11064 0
11065 0
11066 0
11067 0
11068 0
11069 17
11070 0
11071 0
11072 17
11073 0
11074 0
11075 0
11076 0
11077 0
11078 0
11079 0
11080 0
11081 24
11082 0
11083 0
11084 0
11085 17
11086 0
11087 0
11088 0
11089 0
11090 0
11091 0
11092 0
11093 0
11094 0
11095 0
11096 3
11097 0
11098 24
11099 0
11100 4
11101 22
11102 0
11103 0
11104 0
11105 0
11106 0
11107 0
11108 0
11109 0
11110 0
11111 0
11112 17
11113 2
11114 0
11115 0
11116 0
11117 0
11118 6
11119 0
11120 0
11121 24
11122 0
11123 0
11124 0
11125 0
11126 0
11127 4
11128 6
11129 0
11130 0
11131 10
11132 24
11133 0
11134 0
11135 17
11136 0
11137 0
11138 0
11139 0
11140 0
11141 0
11142 0
11143 0
11144 0
11145 10
11146 0
11147 16
11148 4
11149 0
11150 17
11151 0
11152 0
11153 0
11154 0
11155 0
11156 16
11157 0
11158 0
11159 0
11160 0
11161 12
11162 0
11163 0
11164 0
11165 0
11166 12
11167 10
11168 0
11169 0
11170 0
11171 17
11172 0
11173 0
11174 0
11175 0
11176 0
11177 24
11178 0
11179 0
11180 0
11181 0
11182 0
11183 0
11184 0
11185 0
11186 0
11187 0
11188 10
11189 0
11190 24
11191 0
11192 0
11193 0
11194 0
11195 0
11196 0
11197 0
11198 0
11199 0
11200 0
11201 0
11202 0
11203 0
