# Oregon-1 10670 22002 5
0 4
1 0
2 4
3 4
4 0
5 4
6 0
7 2
8 0
9 3
10 3
11 0
12 0
13 0
14 4
15 0
16 4
17 3
18 4
19 0
20 0
21 0
22 0
23 0
24 0
25 3
26 0
27 0
28 3
29 0
30 4
31 4
32 0
33 3
34 3
35 3
36 3
37 4
38 0
39 0
40 0
41 3
42 4
43 0
44 3
45 0
46 0
47 0
48 0
49 0
50 0
51 0
52 0
53 0
54 0
55 0
56 0
57 0
58 0
59 0
60 0
61 4
62 0
63 0
64 0
65 0
66 3
67 3
68 4
69 0
70 0
71 3
72 3
73 0
74 4
75 0
76 4
77 4
78 4
79 3
80 3
81 0
82 3
83 0
84 3
85 0
86 3
87 4
88 0
89 4
90 3
91 4
92 0
93 4
94 3
95 0
96 3
97 0
98 4
99 0
100 0
101 0
102 0
103 0
104 4
105 0
106 3
107 4
108 0
109 0
110 0
111 4
112 4
113 4
114 0
115 0
116 0
117 3
118 0
119 0
120 0
121 0
122 3
123 0
124 3
125 4
126 3
127 0
128 4
129 0
130 3
131 0
132 4
133 0
134 4
135 0
136 0
137 3
138 0
139 0
140 3
141 0
142 0
143 0
144 0
145 4
146 0
147 4
148 0
149 3
150 0
151 0
152 0
153 3
154 0
155 0
156 4
157 4
158 0
159 3
160 0
161 3
162 0
163 3
164 4
165 0
166 0
167 0
168 0
169 0
170 0
171 0
172 0
173 0
174 0
175 0
176 0
177 0
178 2
179 0
180 0
181 3
182 4
183 3
184 0
185 3
186 4
187 4
188 3
189 0
190 0
191 4
192 3
193 4
194 0
195 0
196 4
197 0
198 0
199 3
200 0
201 3
202 4
203 3
204 4
205 0
206 0
207 4
208 0
209 0
210 3
211 0
212 0
213 4
214 3
215 3
216 0
217 0
218 3
219 0
220 0
221 0
222 4
223 4
224 3
225 4
226 0
227 0
228 0
229 0
230 3
231 0
232 0
233 0
234 3
235 0
236 0
237 0
238 3
239 0
240 4
241 0
242 3
243 0
244 0
245 0
246 3
247 0
248 0
249 0
250 3
251 3
252 4
253 2
254 0
255 0
256 3
257 4
258 3
259 3
260 4
261 0
262 0
263 0
264 4
265 3
266 0
267 3
268 0
269 0
270 3
271 3
272 3
273 0
274 0
275 0
276 3
277 0
278 0
279 0
280 3
281 0
282 0
283 3
284 4
285 0
286 3
287 0
288 4
289 4
290 3
291 3
292 0
293 0
294 0
295 0
296 0
297 3
298 3
299 0
300 3
301 3
302 0
303 0
304 3
305 0
306 0
307 0
308 0
309 3
310 3
311 0
312 3
313 0
314 3
315 4
316 0
317 0
318 4
319 0
320 3
321 4
322 3
323 0
324 3
325 3
326 0
327 0
328 0
329 0
330 4
331 4
332 0
333 3
334 0
335 0
336 0
337 0
338 4
339 0
340 0
341 0
342 4
343 3
344 0
345 0
346 4
347 0
348 3
349 3
350 0
351 3
352 0
353 4
354 3
355 0
356 3
357 3
358 4
359 3
360 0
361 0
362 3
363 3
364 4
365 0
366 0
367 0
368 0
369 0
370 0
371 0
372 0
373 3
374 3
375 3
376 3
377 3
378 0
379 0
380 0
381 4
382 0
383 0
384 4
385 0
386 3
387 0
388 0
389 0
390 3
391 0
392 4
393 4
394 0
395 4
396 0
397 3
398 3
399 3
400 0
401 0
402 0
403 0
404 3
405 3
406 0
407 3
408 0
409 0
410 0
411 3
412 0
413 3
414 0
415 0
416 0
417 3
418 3
419 0
420 0
421 3
422 3
423 3
424 4
425 0
426 0
427 0
428 0
429 0
430 0
431 0
432 4
433 4
434 3
435 3
436 0
437 4
438 4
439 0
440 4
441 0
442 3
443 4
444 0
445 4
446 3
447 3
448 3
449 3
450 4
451 0
452 4
453 4
454 3
455 0
456 3
457 3
458 4
459 4
460 3
461 4
462 0
463 3
464 3
465 0
466 4
467 0
468 4
469 3
470 3
471 0
472 0
473 0
474 4
475 0
476 0
477 0
478 3
479 3
480 0
481 3
482 0
483 3
484 0
485 3
486 0
487 0
488 0
489 3
490 3
491 3
492 4
493 3
494 3
495 0
496 0
497 0
498 0
499 0
500 0
501 0
502 3
503 3
504 4
505 3
506 4
507 3
508 3
509 3
510 0
511 0
512 3
513 0
514 3
515 0
516 0
517 0
518 0
519 3
520 3
521 0
522 0
523 3
524 3
525 0
526 0
527 3
528 0
529 4
530 3
531 3
532 3
533 4
534 0
535 0
536 3
537 4
538 3
539 0
540 0
541 4
542 0
543 4
544 0
545 3
546 3
547 0
548 3
549 4
550 0
551 4
552 0
553 4
554 3
555 4
556 0
557 3
558 4
559 3
560 3
561 4
562 0
563 0
564 3
565 0
566 0
567 0
568 0
569 0
570 1
571 4
572 3
573 3
574 3
575 4
576 0
577 0
578 4
579 4
580 3
581 0
582 4
583 4
584 0
585 3
586 3
587 3
588 3
589 0
590 0
591 3
592 0
593 0
594 4
595 3
596 0
597 3
598 0
599 0
600 0
601 3
602 3
603 3
604 4
605 3
606 0
607 3
608 0
609 4
610 0
611 0
612 3
613 0
614 0
615 4
616 0
617 0
618 3
619 4
620 0
621 0
622 0
623 4
624 0
625 0
626 3
627 0
628 0
629 4
630 4
631 4
632 0
633 0
634 4
635 0
636 0
637 3
638 3
639 3
640 3
641 0
642 3
643 0
644 0
645 3
646 3
647 0
648 0
649 0
650 3
651 0
652 0
653 3
654 0
655 0
656 4
657 4
658 0
659 3
660 3
661 0
662 3
663 3
664 3
665 3
666 4
667 3
668 0
669 4
670 0
671 0
672 4
673 0
674 3
675 3
676 0
677 3
678 0
679 0
680 0
681 0
682 3
683 0
684 0
685 0
686 0
687 0
688 0
689 0
690 0
691 3
692 0
693 0
694 3
695 3
696 3
697 4
698 0
699 0
700 3
701 0
702 0
703 3
704 3
705 3
706 3
707 0
708 4
709 0
710 3
711 0
712 0
713 4
714 0
715 4
716 3
717 0
718 4
719 0
720 3
721 3
722 0
723 0
724 3
725 0
726 3
727 0
728 0
729 0
730 3
731 3
732 0
733 3
734 3
735 0
736 3
737 4
738 3
739 0
740 0
741 3
742 4
743 0
744 0
745 0
746 3
747 4
748 0
749 3
750 3
751 3
752 0
753 0
754 0
755 0
756 3
757 4
758 0
759 0
760 0
761 0
762 4
763 4
764 0
765 3
766 4
767 3
768 0
769 0
770 4
771 0
772 0
773 3
774 4
775 0
776 4
777 4
778 3
779 0
780 0
781 3
782 0
783 4
784 0
785 0
786 3
787 0
788 4
789 3
790 0
791 0
792 3
793 0
794 0
795 0
796 0
797 3
798 3
799 0
800 0
801 0
802 0
803 0
804 0
805 3
806 0
807 0
808 0
809 0
810 0
811 0
812 0
813 0
814 0
815 0
816 3
817 0
818 4
819 0
820 3
821 0
822 0
823 0
824 0
825 0
826 0
827 0
828 0
829 0
830 0
831 0
832 0
833 0
834 0
835 0
836 0
837 0
838 0
839 0
840 0
841 0
842 0
843 0
844 3
845 0
846 0
847 3
848 0
849 0
850 0
851 0
852 0
853 0
854 0
855 0
856 0
857 0
858 0
859 0
860 0
861 0
862 0
863 0
864 0
865 0
866 0
867 0
868 0
869 0
870 0
871 0
872 0
873 0
874 0
875 0
876 0
877 0
878 0
879 0
880 0
881 0
882 0
883 4
884 0
885 0
886 0
887 0
888 0
889 0
890 0
891 0
892 3
893 0
894 0
895 0
896 0
897 0
898 0
899 0
900 0
901 0
902 0
903 0
904 0
905 0
906 0
907 0
908 0
909 0
910 0
911 0
912 0
913 0
914 0
915 0
916 3
917 0
918 0
919 0
920 0
921 0
922 4
923 0
924 4
925 0
926 0
927 0
928 0
929 0
930 0
931 0
932 2
933 0
934 0
935 0
936 0
937 0
938 4
939 0
940 0
941 0
942 0
943 0
944 4
945 0
946 0
947 0
948 3
949 4
950 4
951 4
952 0
953 0
954 0
955 0
956 0
957 0
958 0
959 4
960 0
961 3
962 3
963 0
964 0
965 4
966 0
967 0
968 0
969 0
970 0
971 0
972 0
973 0
974 0
975 0
976 0
977 0
978 0
979 0
980 0
981 0
982 0
983 0
984 0
985 0
986 0
987 0
988 0
989 0
990 0
991 0
992 0
993 3
994 0
995 0
996 0
997 0
998 0
999 0
1000 0
1001 0
1002 0
1003 0
1004 0
1005 0
1006 0
1007 4
1008 0
1009 0
1010 0
1011 0
1012 0
1013 0
1014 0
1015 0
1016 4
1017 0
1018 0
1019 0
1020 0
1021 0
1022 0
1023 0
1024 0
1025 0
1026 0
1027 0
1028 0
1029 0
1030 0
1031 0
1032 0
1033 0
1034 0
1035 0
1036 0
1037 0
1038 0
1039 0
1040 0
1041 0
1042 0
1043 0
1044 0
1045 0
1046 0
1047 0
1048 0
1049 0
1050 0
1051 0
1052 0
1053 0
1054 0
1055 0
1056 0
1057 0
1058 0
1059 0
1060 0
1061 0
1062 0
1063 0
1064 0
1065 0
1066 0
1067 0
1068 0
1069 0
1070 0
1071 0
1072 0
1073 0
1074 0
1075 0
1076 0
1077 0
1078 0
1079 0
1080 4
1081 0
1082 0
1083 0
1084 0
1085 3
1086 0
1087 0
1088 0
1089 4
1090 0
1091 0
1092 0
1093 3
1094 0
1095 0
1096 0
1097 3
1098 3
1099 3
1100 0
1101 0
1102 3
1103 0
1104 0
1105 0
1106 0
1107 0
1108 0
1109 0
1110 4
1111 0
1112 0
1113 0
1114 0
1115 0
1116 0
1117 0
1118 0
1119 0
1120 0
1121 4
1122 0
1123 4
1124 3
1125 0
1126 4
1127 0
1128 0
1129 0
1130 0
1131 4
1132 0
1133 3
1134 3
1135 0
1136 3
1137 0
1138 3
1139 0
1140 0
1141 0
1142 0
1143 0
1144 0
1145 4
1146 0
1147 4
1148 4
1149 4
1150 0
1151 0
1152 0
1153 4
1154 0
1155 4
1156 0
1157 0
1158 0
1159 0
1160 0
1161 0
1162 4
1163 0
1164 4
1165 0
1166 0
1167 4
1168 0
1169 4
1170 0
1171 0
1172 4
1173 0
1174 0
1175 3
1176 0
1177 0
1178 0
1179 0
1180 0
1181 0
1182 0
1183 0
1184 0
1185 0
1186 0
1187 4
1188 4
1189 0
1190 0
1191 0
1192 0
1193 0
1194 0
1195 0
1196 0
1197 0
1198 4
1199 0
1200 0
1201 0
1202 4
1203 0
1204 0
1205 0
1206 0
1207 0
1208 0
1209 0
1210 0
1211 4
1212 0
1213 0
1214 4
1215 0
1216 3
1217 0
1218 0
1219 0
1220 3
1221 0
1222 0
1223 0
1224 0
1225 3
1226 0
1227 0
1228 0
1229 3
1230 0
1231 4
1232 4
1233 0
1234 3
1235 4
1236 0
1237 0
1238 3
1239 0
1240 0
1241 4
1242 0
1243 0
1244 0
1245 0
1246 0
1247 4
1248 3
1249 3
1250 3
1251 3
1252 0
1253 0
1254 3
1255 3
1256 0
1257 3
1258 3
1259 4
1260 0
1261 0
1262 0
1263 4
1264 0
1265 0
1266 0
1267 0
1268 3
1269 0
1270 0
1271 0
1272 3
1273 0
1274 3
1275 3
1276 3
1277 0
1278 0
1279 4
1280 0
1281 3
1282 3
1283 3
1284 3
1285 3
1286 3
1287 3
1288 3
1289 3
1290 3
1291 0
1292 3
1293 4
1294 0
1295 0
1296 0
1297 0
1298 3
1299 3
1300 3
1301 4
1302 0
1303 3
1304 0
1305 0
1306 3
1307 0
1308 0
1309 3
1310 0
1311 0
1312 4
1313 0
1314 0
1315 0
1316 0
1317 0
1318 3
1319 3
1320 0
1321 0
1322 3
1323 3
1324 0
1325 0
1326 0
1327 0
1328 3
1329 3
1330 0
1331 3
1332 4
1333 4
1334 0
1335 0
1336 3
1337 3
1338 3
1339 0
1340 0
1341 0
1342 0
1343 0
1344 0
1345 3
1346 0
1347 0
1348 3
1349 0
1350 0
1351 0
1352 3
1353 0
1354 0
1355 0
1356 0
1357 4
1358 3
1359 0
1360 3
1361 3
1362 0
1363 3
1364 0
1365 0
1366 0
1367 3
1368 4
1369 4
1370 0
1371 0
1372 3
1373 0
1374 0
1375 0
1376 3
1377 0
1378 3
1379 3
1380 3
1381 3
1382 3
1383 4
1384 0
1385 0
1386 3
1387 0
1388 4
1389 4
1390 0
1391 4
1392 3
1393 4
1394 4
1395 4
1396 4
1397 0
1398 0
1399 0
1400 3
1401 0
1402 0
1403 3
1404 0
1405 0
1406 3
1407 4
1408 0
1409 0
1410 0
1411 0
1412 0
1413 0
1414 0
1415 4
1416 0
1417 3
1418 0
1419 0
1420 3
1421 0
1422 0
1423 3
1424 3
1425 4
1426 0
1427 0
1428 0
1429 3
1430 3
1431 3
1432 3
1433 0
1434 3
1435 3
1436 3
1437 3
1438 0
1439 0
1440 3
1441 3
1442 3
1443 3
1444 4
1445 0
1446 3
1447 0
1448 4
1449 0
1450 3
1451 3
1452 0
1453 3
1454 0
1455 0
1456 3
1457 3
1458 4
1459 0
1460 4
1461 3
1462 3
1463 3
1464 0
1465 0
1466 0
1467 3
1468 3
1469 0
1470 4
1471 0
1472 0
1473 0
1474 3
1475 0
1476 0
1477 0
1478 0
1479 3
1480 0
1481 4
1482 0
1483 0
1484 3
1485 0
1486 4
1487 4
1488 0
1489 3
1490 0
1491 3
1492 3
1493 4
1494 3
1495 3
1496 3
1497 3
1498 0
1499 4
1500 0
1501 3
1502 0
1503 0
1504 0
1505 0
1506 3
1507 0
1508 4
1509 0
1510 0
1511 3
1512 4
1513 3
1514 0
1515 3
1516 0
1517 3
1518 0
1519 0
1520 0
1521 0
1522 0
1523 0
1524 0
1525 0
1526 3
1527 3
1528 0
1529 0
1530 0
1531 4
1532 0
1533 0
1534 4
1535 4
1536 0
1537 0
1538 4
1539 3
1540 3
1541 0
1542 0
1543 4
1544 3
1545 4
1546 3
1547 3
1548 0
1549 4
1550 0
1551 0
1552 0
1553 3
1554 3
1555 3
1556 0
1557 0
1558 3
1559 3
1560 0
1561 0
1562 0
1563 0
1564 3
1565 0
1566 0
1567 0
1568 0
1569 0
1570 3
1571 3
1572 3
1573 4
1574 0
1575 2
1576 0
1577 3
1578 4
1579 3
1580 0
1581 0
1582 0
1583 0
1584 0
1585 0
1586 0
1587 4
1588 4
1589 0
1590 0
1591 0
1592 4
1593 0
1594 3
1595 3
1596 4
1597 4
1598 0
1599 0
1600 3
1601 0
1602 3
1603 0
1604 0
1605 4
1606 0
1607 4
1608 3
1609 3
1610 0
1611 3
1612 0
1613 0
1614 3
1615 0
1616 0
1617 4
1618 0
1619 0
1620 2
1621 0
1622 2
1623 3
1624 3
1625 0
1626 4
1627 0
1628 0
1629 3
1630 0
1631 3
1632 3
1633 4
1634 0
1635 4
1636 0
1637 3
1638 0
1639 0
1640 4
1641 3
1642 4
1643 3
1644 0
1645 0
1646 0
1647 0
1648 3
1649 0
1650 0
1651 3
1652 0
1653 4
1654 0
1655 3
1656 3
1657 0
1658 3
1659 0
1660 3
1661 3
1662 0
1663 0
1664 0
1665 0
1666 4
1667 4
1668 0
1669 0
1670 0
1671 0
1672 0
1673 0
1674 0
1675 0
1676 0
1677 0
1678 0
1679 3
1680 4
1681 0
1682 0
1683 0
1684 0
1685 3
1686 4
1687 0
1688 3
1689 0
1690 4
1691 4
1692 0
1693 0
1694 0
1695 0
1696 4
1697 3
1698 0
1699 0
1700 0
1701 3
1702 0
1703 0
1704 0
1705 0
1706 0
1707 4
1708 0
1709 3
1710 0
1711 3
1712 0
1713 3
1714 4
1715 0
1716 3
1717 3
1718 3
1719 4
1720 0
1721 3
1722 3
1723 0
1724 0
1725 2
1726 4
1727 0
1728 0
1729 0
1730 3
1731 0
1732 0
1733 0
1734 0
1735 0
1736 0
1737 4
1738 4
1739 4
1740 0
1741 0
1742 4
1743 3
1744 0
1745 0
1746 0
1747 0
1748 3
1749 0
1750 4
1751 4
1752 4
1753 0
1754 3
1755 0
1756 0
1757 3
1758 4
1759 0
1760 0
1761 0
1762 0
1763 3
1764 3
1765 4
1766 0
1767 0
1768 0
1769 0
1770 0
1771 3
1772 4
1773 3
1774 4
1775 3
1776 0
1777 0
1778 4
1779 4
1780 0
1781 3
1782 0
1783 4
1784 4
1785 0
1786 0
1787 3
1788 0
1789 0
1790 0
1791 0
1792 3
1793 0
1794 0
1795 3
1796 0
1797 3
1798 0
1799 0
1800 3
1801 0
1802 0
1803 4
1804 4
1805 0
1806 0
1807 3
1808 4
1809 0
1810 0
1811 3
1812 0
1813 0
1814 0
1815 0
1816 0
1817 3
1818 0
1819 0
1820 0
1821 3
1822 3
1823 3
1824 0
1825 4
1826 0
1827 3
1828 0
1829 4
1830 4
1831 0
1832 0
1833 0
1834 0
1835 3
1836 3
1837 3
1838 3
1839 2
1840 0
1841 3
1842 3
1843 0
1844 0
1845 3
1846 3
1847 3
1848 0
1849 0
1850 0
1851 0
1852 3
1853 0
1854 0
1855 0
1856 4
1857 4
1858 3
1859 0
1860 0
1861 4
1862 0
1863 0
1864 0
1865 3
1866 4
1867 4
1868 4
1869 3
1870 0
1871 3
1872 3
1873 4
1874 0
1875 4
1876 4
1877 0
1878 0
1879 0
1880 4
1881 0
1882 4
1883 0
1884 3
1885 4
1886 0
1887 3
1888 4
1889 4
1890 3
1891 0
1892 0
1893 3
1894 0
1895 4
1896 3
1897 4
1898 0
1899 4
1900 4
1901 4
1902 0
1903 2
1904 0
1905 3
1906 4
1907 0
1908 0
1909 3
1910 4
1911 3
1912 4
1913 3
1914 0
1915 0
1916 0
1917 4
1918 4
1919 3
1920 4
1921 0
1922 0
1923 4
1924 0
1925 4
1926 0
1927 3
1928 4
1929 3
1930 4
1931 0
1932 0
1933 4
1934 0
1935 3
1936 0
1937 3
1938 3
1939 3
1940 3
1941 0
1942 3
1943 0
1944 4
1945 0
1946 4
1947 3
1948 0
1949 0
1950 0
1951 0
1952 3
1953 0
1954 0
1955 0
1956 4
1957 3
1958 4
1959 4
1960 0
1961 3
1962 4
1963 3
1964 0
1965 0
1966 4
1967 0
1968 0
1969 4
1970 0
1971 3
1972 3
1973 0
1974 0
1975 0
1976 4
1977 0
1978 3
1979 3
1980 0
1981 4
1982 0
1983 3
1984 0
1985 3
1986 4
1987 0
1988 3
1989 3
1990 4
1991 3
1992 0
1993 3
1994 0
1995 0
1996 0
1997 3
1998 0
1999 3
2000 0
2001 3
2002 0
2003 4
2004 3
2005 0
2006 0
2007 3
2008 3
2009 4
2010 4
2011 4
2012 3
2013 0
2014 0
2015 0
2016 0
2017 0
2018 0
2019 3
2020 4
2021 4
2022 4
2023 0
2024 0
2025 0
2026 0
2027 0
2028 0
2029 3
2030 0
2031 3
2032 0
2033 0
2034 0
2035 0
2036 3
2037 3
2038 4
2039 0
2040 3
2041 0
2042 4
2043 4
2044 0
2045 0
2046 0
2047 4
2048 0
2049 0
2050 2
2051 0
2052 3
2053 0
2054 0
2055 0
2056 4
2057 4
2058 0
2059 0
2060 0
2061 4
2062 4
2063 0
2064 3
2065 3
2066 0
2067 0
2068 4
2069 3
2070 3
2071 0
2072 4
2073 0
2074 4
2075 3
2076 0
2077 0
2078 3
2079 0
2080 0
2081 4
2082 0
2083 0
2084 3
2085 0
2086 3
2087 0
2088 3
2089 3
2090 3
2091 0
2092 3
2093 0
2094 0
2095 0
2096 0
2097 0
2098 0
2099 4
2100 4
2101 0
2102 0
2103 0
2104 0
2105 0
2106 3
2107 4
2108 0
2109 3
2110 0
2111 3
2112 4
2113 4
2114 0
2115 3
2116 0
2117 0
2118 4
2119 3
2120 0
2121 3
2122 0
2123 0
2124 3
2125 0
2126 0
2127 0
2128 0
2129 0
2130 4
2131 0
2132 0
2133 0
2134 0
2135 4
2136 0
2137 3
2138 0
2139 0
2140 0
2141 3
2142 3
2143 0
2144 0
2145 0
2146 0
2147 0
2148 0
2149 0
2150 0
2151 0
2152 0
2153 0
2154 4
2155 0
2156 3
2157 0
2158 0
2159 3
2160 3
2161 4
2162 0
2163 0
2164 4
2165 0
2166 0
2167 0
2168 0
2169 0
2170 0
2171 0
2172 0
2173 0
2174 0
2175 0
2176 0
2177 0
2178 0
2179 4
2180 0
2181 0
2182 0
2183 0
2184 0
2185 0
2186 4
2187 0
2188 4
2189 0
2190 0
2191 3
2192 0
2193 0
2194 4
2195 4
2196 0
2197 0
2198 0
2199 0
2200 3
2201 0
2202 0
2203 0
2204 0
2205 0
2206 0
2207 0
2208 3
2209 3
2210 4
2211 2
2212 0
2213 3
2214 0
2215 3
2216 3
2217 4
2218 0
2219 3
2220 0
2221 4
2222 0
2223 4
2224 0
2225 4
2226 0
2227 3
2228 3
2229 3
2230 3
2231 3
2232 4
2233 4
2234 3
2235 0
2236 4
2237 0
2238 0
2239 0
2240 0
2241 0
2242 4
2243 0
2244 3
2245 0
2246 0
2247 0
2248 0
2249 0
2250 4
2251 4
2252 4
2253 0
2254 0
2255 0
2256 0
2257 0
2258 3
2259 3
2260 3
2261 3
2262 3
2263 3
2264 3
2265 4
2266 4
2267 0
2268 3
2269 4
2270 0
2271 3
2272 0
2273 0
2274 0
2275 0
2276 0
2277 3
2278 4
2279 3
2280 3
2281 4
2282 3
2283 4
2284 0
2285 0
2286 0
2287 0
2288 0
2289 4
2290 0
2291 0
2292 4
2293 0
2294 3
2295 0
2296 3
2297 3
2298 4
2299 3
2300 0
2301 4
2302 0
2303 3
2304 0
2305 4
2306 3
2307 4
2308 0
2309 3
2310 4
2311 3
2312 0
2313 0
2314 0
2315 0
2316 4
2317 0
2318 0
2319 4
2320 4
2321 0
2322 0
2323 3
2324 0
2325 3
2326 0
2327 0
2328 0
2329 3
2330 3
2331 3
2332 4
2333 3
2334 0
2335 3
2336 0
2337 2
2338 0
2339 3
2340 0
2341 3
2342 4
2343 3
2344 0
2345 2
2346 3
2347 4
2348 0
2349 0
2350 4
2351 3
2352 4
2353 3
2354 0
2355 0
2356 0
2357 0
2358 0
2359 4
2360 3
2361 0
2362 0
2363 3
2364 3
2365 0
2366 0
2367 4
2368 0
2369 0
2370 4
2371 4
2372 3
2373 0
2374 3
2375 0
2376 4
2377 0
2378 0
2379 3
2380 0
2381 4
2382 4
2383 0
2384 3
2385 3
2386 3
2387 0
2388 0
2389 0
2390 0
2391 0
2392 3
2393 0
2394 0
2395 0
2396 0
2397 0
2398 4
2399 3
2400 0
2401 4
2402 0
2403 0
2404 0
2405 0
2406 3
2407 0
2408 0
2409 3
2410 0
2411 3
2412 0
2413 0
2414 0
2415 3
2416 4
2417 0
2418 0
2419 0
2420 4
2421 0
2422 4
2423 0
2424 0
2425 0
2426 0
2427 0
2428 3
2429 4
2430 0
2431 0
2432 4
2433 0
2434 0
2435 4
2436 4
2437 0
2438 0
2439 3
2440 4
2441 0
2442 0
2443 0
2444 0
2445 4
2446 0
2447 4
2448 3
2449 4
2450 0
2451 0
2452 0
2453 0
2454 0
2455 0
2456 0
2457 3
2458 3
2459 0
2460 3
2461 0
2462 0
2463 0
2464 4
2465 4
2466 4
2467 0
2468 0
2469 0
2470 0
2471 3
2472 4
2473 0
2474 3
2475 3
2476 0
2477 0
2478 4
2479 3
2480 0
2481 3
2482 0
2483 0
2484 0
2485 0
2486 0
2487 4
2488 0
2489 0
2490 0
2491 3
2492 0
2493 4
2494 0
2495 3
2496 4
2497 3
2498 0
2499 0
2500 0
2501 0
2502 0
2503 0
2504 0
2505 0
2506 0
2507 0
2508 0
2509 0
2510 0
2511 0
2512 0
2513 4
2514 4
2515 3
2516 0
2517 0
2518 4
2519 0
2520 4
2521 4
2522 0
2523 0
2524 0
2525 0
2526 0
2527 4
2528 4
2529 0
2530 0
2531 0
2532 0
2533 0
2534 0
2535 3
2536 0
2537 0
2538 3
2539 0
2540 3
2541 4
2542 0
2543 0
2544 4
2545 0
2546 3
2547 0
2548 4
2549 0
2550 4
2551 0
2552 0
2553 4
2554 4
2555 4
2556 3
2557 0
2558 0
2559 0
2560 0
2561 0
2562 0
2563 0
2564 0
2565 4
2566 0
2567 0
2568 0
2569 0
2570 0
2571 3
2572 0
2573 4
2574 0
2575 0
2576 0
2577 0
2578 0
2579 0
2580 0
2581 0
2582 0
2583 0
2584 0
2585 0
2586 0
2587 0
2588 0
2589 4
2590 0
2591 0
2592 3
2593 0
2594 0
2595 3
2596 0
2597 0
2598 3
2599 0
2600 0
2601 0
2602 0
2603 3
2604 4
2605 0
2606 0
2607 4
2608 4
2609 4
2610 3
2611 3
2612 0
2613 4
2614 0
2615 3
2616 0
2617 0
2618 4
2619 0
2620 4
2621 3
2622 0
2623 0
2624 0
2625 0
2626 0
2627 4
2628 3
2629 3
2630 3
2631 3
2632 0
2633 3
2634 0
2635 0
2636 3
2637 4
2638 0
2639 4
2640 0
2641 0
2642 0
2643 0
2644 0
2645 0
2646 0
2647 3
2648 0
2649 0
2650 0
2651 3
2652 0
2653 0
2654 0
2655 3
2656 3
2657 4
2658 0
2659 0
2660 4
2661 0
2662 0
2663 3
2664 0
2665 3
2666 0
2667 4
2668 0
2669 4
2670 0
2671 0
2672 0
2673 0
2674 0
2675 0
2676 0
2677 4
2678 3
2679 4
2680 3
2681 3
2682 0
2683 3
2684 0
2685 3
2686 0
2687 0
2688 0
2689 0
2690 0
2691 3
2692 3
2693 0
2694 0
2695 0
2696 0
2697 3
2698 0
2699 0
2700 4
2701 0
2702 0
2703 0
2704 0
2705 3
2706 0
2707 3
2708 3
2709 0
2710 3
2711 0
2712 0
2713 0
2714 4
2715 0
2716 0
2717 0
2718 0
2719 4
2720 0
2721 0
2722 4
2723 0
2724 3
2725 0
2726 0
2727 2
2728 0
2729 0
2730 0
2731 0
2732 0
2733 0
2734 0
2735 0
2736 0
2737 4
2738 3
2739 3
2740 4
2741 0
2742 3
2743 3
2744 3
2745 4
2746 0
2747 0
2748 0
2749 0
2750 0
2751 4
2752 3
2753 4
2754 0
2755 3
2756 0
2757 0
2758 0
2759 3
2760 0
2761 4
2762 3
2763 0
2764 3
2765 0
2766 0
2767 4
2768 3
2769 0
2770 0
2771 0
2772 0
2773 0
2774 0
2775 0
2776 4
2777 0
2778 0
2779 0
2780 0
2781 0
2782 0
2783 0
2784 0
2785 0
2786 0
2787 0
2788 0
2789 0
2790 0
2791 0
2792 0
2793 0
2794 0
2795 4
2796 0
2797 0
2798 0
2799 0
2800 0
2801 0
2802 0
2803 4
2804 0
2805 0
2806 0
2807 0
2808 0
2809 0
2810 0
2811 0
2812 0
2813 3
2814 0
2815 3
2816 0
2817 0
2818 0
2819 0
2820 0
2821 0
2822 0
2823 0
2824 4
2825 0
2826 0
2827 0
2828 0
2829 0
2830 4
2831 0
2832 0
2833 0
2834 4
2835 4
2836 0
2837 0
2838 4
2839 4
2840 0
2841 0
2842 0
2843 0
2844 0
2845 0
2846 0
2847 0
2848 4
2849 0
2850 0
2851 4
2852 0
2853 0
2854 0
2855 0
2856 0
2857 0
2858 0
2859 0
2860 0
2861 0
2862 0
2863 0
2864 0
2865 0
2866 0
2867 0
2868 0
2869 0
2870 0
2871 0
2872 0
2873 0
2874 0
2875 0
2876 0
2877 0
2878 0
2879 4
2880 0
2881 0
2882 4
2883 0
2884 0
2885 0
2886 4
2887 0
2888 0
2889 0
2890 4
2891 4
2892 0
2893 0
2894 0
2895 0
2896 0
2897 3
2898 0
2899 0
2900 0
2901 0
2902 0
2903 3
2904 0
2905 0
2906 3
2907 3
2908 4
2909 0
2910 0
2911 0
2912 3
2913 0
2914 0
2915 0
2916 0
2917 0
2918 0
2919 0
2920 0
2921 0
2922 0
2923 0
2924 0
2925 0
2926 0
2927 0
2928 0
2929 0
2930 0
2931 0
2932 0
2933 0
2934 0
2935 0
2936 0
2937 0
2938 0
2939 0
2940 3
2941 0
2942 3
2943 4
2944 3
2945 3
2946 0
2947 0
2948 3
2949 0
2950 3
2951 3
2952 0
2953 3
2954 3
2955 0
2956 0
2957 0
2958 3
2959 0
2960 0
2961 0
2962 3
2963 0
2964 0
2965 0
2966 0
2967 0
2968 4
2969 3
2970 3
2971 0
2972 0
2973 3
2974 0
2975 0
2976 3
2977 0
2978 4
2979 4
2980 0
2981 3
2982 3
2983 0
2984 4
2985 3
2986 3
2987 0
2988 0
2989 0
2990 0
2991 4
2992 4
2993 0
2994 4
2995 4
2996 0
2997 0
2998 4
2999 4
3000 3
3001 4
3002 0
3003 0
3004 3
3005 0
3006 0
3007 0
3008 0
3009 3
3010 4
3011 0
3012 3
3013 4
3014 0
3015 0
3016 4
3017 0
3018 4
3019 0
3020 0
3021 0
3022 0
3023 0
3024 3
3025 3
3026 0
3027 4
3028 0
3029 0
3030 0
3031 3
3032 0
3033 0
3034 0
3035 0
3036 0
3037 0
3038 0
3039 0
3040 0
3041 0
3042 0
3043 0
3044 3
3045 4
3046 0
3047 3
3048 0
3049 0
3050 0
3051 0
3052 0
3053 0
3054 3
3055 0
3056 4
3057 4
3058 0
3059 0
3060 4
3061 0
3062 0
3063 4
3064 0
3065 0
3066 4
3067 0
3068 4
3069 4
3070 0
3071 4
3072 0
3073 0
3074 0
3075 0
3076 4
3077 4
3078 4
3079 0
3080 4
3081 0
3082 0
3083 0
3084 0
3085 4
3086 0
3087 0
3088 4
3089 0
3090 4
3091 4
3092 0
3093 0
3094 0
3095 0
3096 0
3097 4
3098 4
3099 0
3100 4
3101 0
3102 0
3103 4
3104 0
3105 0
3106 0
3107 0
3108 0
3109 0
3110 0
3111 0
3112 0
3113 2
3114 0
3115 4
3116 4
3117 0
3118 0
3119 4
3120 0
3121 0
3122 0
3123 0
3124 0
3125 0
3126 0
3127 0
3128 0
3129 0
3130 0
3131 0
3132 0
3133 3
3134 0
3135 0
3136 4
3137 0
3138 0
3139 0
3140 0
3141 0
3142 4
3143 0
3144 0
3145 4
3146 0
3147 0
3148 0
3149 0
3150 0
3151 4
3152 0
3153 0
3154 0
3155 0
3156 0
3157 0
3158 4
3159 0
3160 0
3161 0
3162 0
3163 0
3164 0
3165 0
3166 4
3167 0
3168 0
3169 4
3170 0
3171 0
3172 0
3173 4
3174 0
3175 4
3176 0
3177 0
3178 0
3179 4
3180 4
3181 0
3182 0
3183 0
3184 0
3185 0
3186 0
3187 0
3188 0
3189 0
3190 0
3191 4
3192 0
3193 0
3194 4
3195 4
3196 0
3197 0
3198 4
3199 0
3200 0
3201 0
3202 0
3203 4
3204 0
3205 0
3206 4
3207 4
3208 0
3209 4
3210 0
3211 0
3212 0
3213 0
3214 4
3215 0
3216 0
3217 4
3218 0
3219 0
3220 4
3221 4
3222 0
3223 0
3224 0
3225 0
3226 4
3227 0
3228 0
3229 0
3230 0
3231 0
3232 0
3233 4
3234 0
3235 4
3236 4
3237 4
3238 0
3239 0
3240 0
3241 0
3242 3
3243 0
3244 4
3245 4
3246 4
3247 0
3248 0
3249 0
3250 4
3251 4
3252 0
3253 0
3254 4
3255 0
3256 0
3257 4
3258 3
3259 0
3260 4
3261 4
3262 4
3263 4
3264 4
3265 4
3266 0
3267 4
3268 4
3269 0
3270 4
3271 4
3272 0
3273 0
3274 0
3275 0
3276 4
3277 0
3278 0
3279 0
3280 3
3281 0
3282 4
3283 3
3284 0
3285 3
3286 3
3287 0
3288 0
3289 3
3290 0
3291 0
3292 0
3293 3
3294 0
3295 0
3296 0
3297 0
3298 0
3299 0
3300 0
3301 4
3302 0
3303 0
3304 0
3305 4
3306 0
3307 4
3308 0
3309 0
3310 0
3311 3
3312 0
3313 0
3314 3
3315 0
3316 0
3317 3
3318 3
3319 3
3320 3
3321 0
3322 4
3323 4
3324 0
3325 0
3326 0
3327 3
3328 3
3329 3
3330 4
3331 3
3332 4
3333 4
3334 3
3335 0
3336 3
3337 0
3338 0
3339 0
3340 0
3341 0
3342 0
3343 0
3344 0
3345 0
3346 0
3347 0
3348 3
3349 0
3350 0
3351 0
3352 0
3353 0
3354 0
3355 0
3356 0
3357 0
3358 0
3359 0
3360 0
3361 0
3362 0
3363 0
3364 0
3365 0
3366 0
3367 0
3368 0
3369 0
3370 0
3371 0
3372 0
3373 0
3374 3
3375 3
3376 4
3377 4
3378 0
3379 4
3380 3
3381 0
3382 3
3383 0
3384 0
3385 0
3386 4
3387 4
3388 4
3389 0
3390 0
3391 0
3392 3
3393 0
3394 0
3395 3
3396 0
3397 0
3398 0
3399 0
3400 4
3401 0
3402 4
3403 0
3404 0
3405 0
3406 4
3407 4
3408 0
3409 4
3410 0
3411 0
3412 0
3413 0
3414 0
3415 0
3416 4
3417 3
3418 0
3419 0
3420 0
3421 0
3422 0
3423 0
3424 0
3425 4
3426 3
3427 0
3428 4
3429 4
3430 3
3431 0
3432 0
3433 0
3434 3
3435 0
3436 0
3437 0
3438 0
3439 3
3440 3
3441 0
3442 4
3443 0
3444 3
3445 0
3446 0
3447 0
3448 3
3449 4
3450 4
3451 3
3452 3
3453 3
3454 3
3455 0
3456 4
3457 3
3458 3
3459 0
3460 0
3461 4
3462 0
3463 3
3464 0
3465 0
3466 0
3467 3
3468 4
3469 4
3470 0
3471 0
3472 0
3473 0
3474 3
3475 0
3476 0
3477 3
3478 4
3479 0
3480 0
3481 3
3482 0
3483 3
3484 3
3485 0
3486 0
3487 4
3488 0
3489 0
3490 4
3491 0
3492 3
3493 3
3494 4
3495 3
3496 3
3497 0
3498 3
3499 3
3500 4
3501 3
3502 3
3503 0
3504 0
3505 0
3506 4
3507 3
3508 0
3509 0
3510 0
3511 0
3512 0
3513 0
3514 3
3515 0
3516 4
3517 0
3518 4
3519 4
3520 3
3521 0
3522 0
3523 3
3524 0
3525 0
3526 3
3527 4
3528 0
3529 4
3530 3
3531 0
3532 4
3533 3
3534 3
3535 3
3536 3
3537 3
3538 3
3539 3
3540 3
3541 3
3542 3
3543 0
3544 2
3545 3
3546 0
3547 4
3548 3
3549 4
3550 0
3551 3
3552 3
3553 0
3554 0
3555 4
3556 3
3557 0
3558 3
3559 2
3560 0
3561 3
3562 3
3563 4
3564 3
3565 4
3566 3
3567 0
3568 3
3569 4
3570 0
3571 3
3572 4
3573 4
3574 0
3575 0
3576 0
3577 2
3578 3
3579 4
3580 4
3581 0
3582 0
3583 0
3584 0
3585 0
3586 3
3587 3
3588 3
3589 3
3590 3
3591 0
3592 3
3593 0
3594 3
3595 0
3596 0
3597 0
3598 0
3599 0
3600 0
3601 4
3602 0
3603 0
3604 3
3605 0
3606 3
3607 0
3608 0
3609 3
3610 0
3611 0
3612 0
3613 0
3614 0
3615 0
3616 0
3617 3
3618 3
3619 0
3620 3
3621 0
3622 4
3623 3
3624 3
3625 0
3626 0
3627 0
3628 0
3629 3
3630 0
3631 3
3632 3
3633 0
3634 3
3635 0
3636 3
3637 4
3638 0
3639 4
3640 0
3641 3
3642 4
3643 0
3644 3
3645 0
3646 0
3647 4
3648 4
3649 0
3650 3
3651 0
3652 4
3653 3
3654 0
3655 0
3656 0
3657 0
3658 0
3659 4
3660 4
3661 3
3662 0
3663 4
3664 0
3665 4
3666 3
3667 3
3668 3
3669 0
3670 0
3671 0
3672 3
3673 3
3674 3
3675 0
3676 4
3677 3
3678 0
3679 3
3680 4
3681 0
3682 0
3683 0
3684 0
3685 0
3686 4
3687 0
3688 0
3689 0
3690 0
3691 0
3692 0
3693 2
3694 0
3695 0
3696 0
3697 0
3698 4
3699 3
3700 4
3701 0
3702 0
3703 0
3704 0
3705 0
3706 0
3707 0
3708 0
3709 4
3710 4
3711 0
3712 0
3713 0
3714 0
3715 4
3716 0
3717 0
3718 0
3719 0
3720 0
3721 0
3722 0
3723 4
3724 0
3725 0
3726 0
3727 0
3728 0
3729 0
3730 0
3731 0
3732 4
3733 4
3734 4
3735 0
3736 0
3737 0
3738 0
3739 4
3740 0
3741 0
3742 0
3743 0
3744 0
3745 0
3746 0
3747 0
3748 0
3749 0
3750 0
3751 4
3752 0
3753 0
3754 0
3755 0
3756 0
3757 0
3758 0
3759 0
3760 0
3761 0
3762 0
3763 0
3764 0
3765 0
3766 4
3767 0
3768 0
3769 0
3770 4
3771 0
3772 0
3773 0
3774 0
3775 4
3776 0
3777 0
3778 0
3779 0
3780 0
3781 0
3782 0
3783 0
3784 0
3785 0
3786 0
3787 0
3788 4
3789 0
3790 0
3791 0
3792 0
3793 0
3794 0
3795 0
3796 0
3797 0
3798 0
3799 0
3800 0
3801 4
3802 0
3803 0
3804 4
3805 0
3806 4
3807 0
3808 0
3809 4
3810 4
3811 4
3812 4
3813 0
3814 0
3815 0
3816 0
3817 0
3818 0
3819 0
3820 0
3821 0
3822 0
3823 0
3824 0
3825 0
3826 0
3827 0
3828 0
3829 0
3830 0
3831 0
3832 0
3833 0
3834 0
3835 0
3836 0
3837 0
3838 0
3839 0
3840 0
3841 0
3842 4
3843 0
3844 0
3845 0
3846 0
3847 4
3848 0
3849 0
3850 0
3851 0
3852 0
3853 0
3854 3
3855 3
3856 0
3857 4
3858 0
3859 4
3860 0
3861 0
3862 4
3863 3
3864 3
3865 0
3866 3
3867 4
3868 0
3869 0
3870 0
3871 4
3872 3
3873 0
3874 3
3875 0
3876 0
3877 0
3878 0
3879 4
3880 3
3881 0
3882 4
3883 3
3884 3
3885 3
3886 3
3887 0
3888 0
3889 3
3890 0
3891 4
3892 0
3893 3
3894 0
3895 4
3896 4
3897 0
3898 0
3899 3
3900 0
3901 4
3902 4
3903 4
3904 0
3905 4
3906 0
3907 4
3908 0
3909 2
3910 3
3911 0
3912 4
3913 3
3914 4
3915 4
3916 0
3917 3
3918 0
3919 4
3920 0
3921 0
3922 3
3923 3
3924 3
3925 3
3926 3
3927 0
3928 0
3929 0
3930 3
3931 3
3932 4
3933 0
3934 0
3935 0
3936 0
3937 3
3938 3
3939 4
3940 4
3941 4
3942 0
3943 0
3944 0
3945 0
3946 0
3947 0
3948 0
3949 3
3950 3
3951 3
3952 4
3953 0
3954 0
3955 0
3956 0
3957 4
3958 0
3959 0
3960 3
3961 3
3962 3
3963 0
3964 0
3965 0
3966 4
3967 0
3968 4
3969 0
3970 3
3971 4
3972 4
3973 4
3974 4
3975 4
3976 0
3977 0
3978 4
3979 3
3980 3
3981 0
3982 3
3983 0
3984 0
3985 0
3986 0
3987 3
3988 0
3989 0
3990 3
3991 3
3992 0
3993 4
3994 4
3995 0
3996 4
3997 0
3998 3
3999 4
4000 0
4001 4
4002 3
4003 0
4004 0
4005 4
4006 0
4007 4
4008 0
4009 0
4010 4
4011 0
4012 3
4013 3
4014 4
4015 0
4016 0
4017 3
4018 0
4019 4
4020 0
4021 3
4022 4
4023 0
4024 3
4025 3
4026 0
4027 4
4028 0
4029 4
4030 0
4031 0
4032 0
4033 0
4034 0
4035 0
4036 0
4037 3
4038 3
4039 4
4040 3
4041 3
4042 3
4043 4
4044 4
4045 3
4046 0
4047 3
4048 0
4049 0
4050 0
4051 3
4052 0
4053 0
4054 4
4055 0
4056 0
4057 0
4058 0
4059 0
4060 3
4061 0
4062 3
4063 4
4064 0
4065 0
4066 4
4067 4
4068 0
4069 0
4070 0
4071 0
4072 3
4073 3
4074 4
4075 3
4076 3
4077 0
4078 0
4079 3
4080 0
4081 3
4082 3
4083 3
4084 4
4085 3
4086 0
4087 0
4088 4
4089 4
4090 0
4091 3
4092 0
4093 3
4094 0
4095 0
4096 0
4097 3
4098 4
4099 0
4100 3
4101 3
4102 0
4103 0
4104 0
4105 0
4106 3
4107 0
4108 3
4109 0
4110 0
4111 4
4112 0
4113 3
4114 0
4115 0
4116 0
4117 0
4118 3
4119 0
4120 3
4121 0
4122 0
4123 0
4124 0
4125 3
4126 3
4127 3
4128 4
4129 3
4130 0
4131 0
4132 3
4133 3
4134 0
4135 0
4136 0
4137 0
4138 0
4139 0
4140 0
4141 0
4142 0
4143 4
4144 3
4145 0
4146 0
4147 0
4148 4
4149 0
4150 4
4151 0
4152 3
4153 0
4154 0
4155 0
4156 0
4157 0
4158 4
4159 0
4160 0
4161 0
4162 0
4163 0
4164 0
4165 0
4166 0
4167 0
4168 0
4169 0
4170 0
4171 0
4172 0
4173 0
4174 0
4175 4
4176 0
4177 0
4178 0
4179 0
4180 0
4181 0
4182 0
4183 4
4184 0
4185 0
4186 0
4187 0
4188 0
4189 4
4190 0
4191 4
4192 0
4193 0
4194 0
4195 0
4196 0
4197 0
4198 4
4199 0
4200 0
4201 0
4202 0
4203 0
4204 0
4205 0
4206 0
4207 0
4208 0
4209 0
4210 0
4211 0
4212 0
4213 0
4214 0
4215 0
4216 0
4217 0
4218 0
4219 0
4220 0
4221 0
4222 0
4223 0
4224 0
4225 0
4226 0
4227 0
4228 0
4229 0
4230 0
4231 0
4232 0
4233 0
4234 0
4235 0
4236 0
4237 0
4238 0
4239 0
4240 0
4241 0
4242 0
4243 0
4244 0
4245 0
4246 0
4247 0
4248 0
4249 0
4250 0
4251 4
4252 0
4253 0
4254 0
4255 0
4256 0
4257 0
4258 0
4259 0
4260 0
4261 0
4262 0
4263 0
4264 0
4265 0
4266 4
4267 0
4268 0
4269 0
4270 0
4271 0
4272 0
4273 0
4274 0
4275 0
4276 0
4277 4
4278 0
4279 0
4280 0
4281 0
4282 0
4283 0
4284 0
4285 0
4286 0
4287 0
4288 0
4289 0
4290 0
4291 4
4292 0
4293 0
4294 0
4295 0
4296 0
4297 0
4298 0
4299 0
4300 0
4301 0
4302 0
4303 0
4304 0
4305 0
4306 0
4307 0
4308 0
4309 0
4310 0
4311 0
4312 0
4313 0
4314 0
4315 0
4316 0
4317 0
4318 0
4319 0
4320 0
4321 0
4322 0
4323 0
4324 0
4325 0
4326 0
4327 0
4328 0
4329 0
4330 0
4331 0
4332 3
4333 0
4334 4
4335 3
4336 3
4337 0
4338 0
4339 0
4340 0
4341 0
4342 0
4343 0
4344 3
4345 0
4346 3
4347 3
4348 0
4349 0
4350 4
4351 4
4352 3
4353 0
4354 0
4355 4
4356 4
4357 0
4358 3
4359 3
4360 0
4361 0
4362 0
4363 3
4364 0
4365 0
4366 0
4367 3
4368 0
4369 4
4370 0
4371 0
4372 3
4373 0
4374 3
4375 0
4376 3
4377 3
4378 3
4379 0
4380 0
4381 3
4382 0
4383 0
4384 0
4385 3
4386 4
4387 0
4388 0
4389 0
4390 4
4391 0
4392 0
4393 0
4394 0
4395 3
4396 3
4397 0
4398 3
4399 3
4400 0
4401 0
4402 0
4403 0
4404 3
4405 3
4406 0
4407 4
4408 0
4409 0
4410 0
4411 0
4412 3
4413 0
4414 0
4415 0
4416 0
4417 0
4418 3
4419 3
4420 4
4421 0
4422 4
4423 0
4424 4
4425 0
4426 3
4427 3
4428 3
4429 3
4430 0
4431 3
4432 4
4433 0
4434 0
4435 4
4436 3
4437 4
4438 0
4439 4
4440 3
4441 3
4442 0
4443 4
4444 3
4445 3
4446 0
4447 0
4448 0
4449 4
4450 4
4451 0
4452 3
4453 0
4454 0
4455 0
4456 4
4457 4
4458 0
4459 3
4460 4
4461 0
4462 4
4463 3
4464 0
4465 0
4466 0
4467 3
4468 4
4469 0
4470 0
4471 0
4472 0
4473 0
4474 0
4475 0
4476 4
4477 4
4478 0
4479 4
4480 0
4481 0
4482 0
4483 0
4484 0
4485 0
4486 0
4487 0
4488 0
4489 3
4490 4
4491 4
4492 0
4493 0
4494 4
4495 3
4496 0
4497 4
4498 3
4499 0
4500 0
4501 0
4502 0
4503 4
4504 3
4505 0
4506 0
4507 4
4508 0
4509 0
4510 0
4511 0
4512 3
4513 4
4514 0
4515 0
4516 4
4517 4
4518 3
4519 4
4520 0
4521 4
4522 4
4523 0
4524 3
4525 3
4526 3
4527 3
4528 3
4529 0
4530 4
4531 0
4532 4
4533 0
4534 0
4535 4
4536 0
4537 0
4538 3
4539 0
4540 3
4541 4
4542 3
4543 0
4544 0
4545 0
4546 3
4547 3
4548 0
4549 4
4550 0
4551 4
4552 0
4553 0
4554 4
4555 4
4556 4
4557 0
4558 4
4559 4
4560 0
4561 4
4562 0
4563 0
4564 0
4565 3
4566 3
4567 3
4568 3
4569 3
4570 0
4571 4
4572 4
4573 0
4574 3
4575 0
4576 3
4577 0
4578 0
4579 0
4580 0
4581 0
4582 3
4583 0
4584 0
4585 4
4586 4
4587 3
4588 4
4589 0
4590 3
4591 0
4592 0
4593 4
4594 3
4595 3
4596 0
4597 4
4598 3
4599 0
4600 0
4601 0
4602 0
4603 3
4604 3
4605 0
4606 0
4607 0
4608 0
4609 3
4610 0
4611 0
4612 4
4613 0
4614 4
4615 0
4616 0
4617 0
4618 0
4619 0
4620 0
4621 0
4622 0
4623 0
4624 4
4625 4
4626 0
4627 0
4628 4
4629 0
4630 0
4631 0
4632 4
4633 0
4634 0
4635 0
4636 0
4637 0
4638 0
4639 0
4640 4
4641 0
4642 0
4643 0
4644 0
4645 0
4646 0
4647 0
4648 0
4649 0
4650 0
4651 0
4652 3
4653 0
4654 0
4655 0
4656 0
4657 0
4658 0
4659 4
4660 0
4661 0
4662 0
4663 0
4664 0
4665 0
4666 0
4667 0
4668 0
4669 0
4670 0
4671 0
4672 4
4673 0
4674 0
4675 0
4676 0
4677 4
4678 0
4679 0
4680 0
4681 0
4682 0
4683 0
4684 0
4685 4
4686 0
4687 0
4688 0
4689 0
4690 0
4691 4
4692 0
4693 0
4694 0
4695 0
4696 4
4697 0
4698 0
4699 0
4700 0
4701 0
4702 0
4703 0
4704 0
4705 0
4706 0
4707 4
4708 0
4709 0
4710 0
4711 0
4712 0
4713 4
4714 0
4715 0
4716 0
4717 0
4718 0
4719 0
4720 0
4721 0
4722 3
4723 0
4724 4
4725 0
4726 4
4727 0
4728 0
4729 0
4730 0
4731 0
4732 0
4733 0
4734 0
4735 0
4736 0
4737 0
4738 0
4739 0
4740 0
4741 0
4742 3
4743 0
4744 0
4745 0
4746 0
4747 0
4748 0
4749 4
4750 0
4751 0
4752 0
4753 0
4754 0
4755 0
4756 0
4757 0
4758 0
4759 0
4760 4
4761 0
4762 0
4763 0
4764 0
4765 4
4766 0
4767 0
4768 0
4769 0
4770 0
4771 0
4772 0
4773 0
4774 4
4775 0
4776 4
4777 0
4778 0
4779 0
4780 0
4781 4
4782 0
4783 0
4784 0
4785 0
4786 0
4787 0
4788 0
4789 0
4790 0
4791 0
4792 4
4793 0
4794 0
4795 0
4796 4
4797 0
4798 0
4799 4
4800 0
4801 0
4802 0
4803 0
4804 0
4805 4
4806 0
4807 0
4808 0
4809 0
4810 0
4811 0
4812 0
4813 0
4814 0
4815 0
4816 0
4817 0
4818 0
4819 4
4820 0
4821 4
4822 4
4823 0
4824 4
4825 4
4826 0
4827 0
4828 0
4829 4
4830 0
4831 0
4832 0
4833 0
4834 0
4835 0
4836 0
4837 0
4838 0
4839 0
4840 0
4841 0
4842 0
4843 3
4844 0
4845 0
4846 0
4847 0
4848 0
4849 0
4850 0
4851 0
4852 0
4853 0
4854 0
4855 0
4856 4
4857 0
4858 4
4859 0
4860 0
4861 0
4862 0
4863 0
4864 0
4865 0
4866 0
4867 0
4868 0
4869 0
4870 0
4871 3
4872 4
4873 0
4874 0
4875 0
4876 0
4877 4
4878 0
4879 3
4880 0
4881 0
4882 0
4883 0
4884 0
4885 0
4886 0
4887 0
4888 0
4889 0
4890 0
4891 0
4892 0
4893 0
4894 0
4895 4
4896 0
4897 3
4898 0
4899 4
4900 0
4901 0
4902 0
4903 0
4904 0
4905 0
4906 0
4907 0
4908 0
4909 4
4910 4
4911 0
4912 0
4913 0
4914 4
4915 0
4916 0
4917 0
4918 0
4919 0
4920 0
4921 0
4922 0
4923 0
4924 0
4925 0
4926 0
4927 0
4928 0
4929 0
4930 0
4931 0
4932 0
4933 0
4934 0
4935 4
4936 0
4937 4
4938 0
4939 0
4940 4
4941 0
4942 4
4943 0
4944 4
4945 4
4946 0
4947 0
4948 0
4949 3
4950 0
4951 0
4952 0
4953 0
4954 3
4955 0
4956 0
4957 0
4958 0
4959 0
4960 0
4961 4
4962 0
4963 0
4964 0
4965 0
4966 0
4967 0
4968 0
4969 0
4970 0
4971 0
4972 0
4973 0
4974 0
4975 0
4976 0
4977 0
4978 0
4979 0
4980 4
4981 0
4982 0
4983 4
4984 0
4985 0
4986 0
4987 0
4988 0
4989 0
4990 0
4991 0
4992 0
4993 0
4994 0
4995 0
4996 0
4997 0
4998 0
4999 0
5000 0
5001 0
5002 0
5003 0
5004 4
5005 4
5006 0
5007 0
5008 0
5009 0
5010 3
5011 0
5012 0
5013 0
5014 0
5015 0
5016 0
5017 0
5018 0
5019 4
5020 0
5021 0
5022 0
5023 0
5024 0
5025 0
5026 4
5027 0
5028 0
5029 0
5030 3
5031 0
5032 0
5033 0
5034 4
5035 0
5036 4
5037 0
5038 0
5039 0
5040 0
5041 0
5042 0
5043 0
5044 0
5045 0
5046 0
5047 0
5048 0
5049 0
5050 0
5051 0
5052 0
5053 0
5054 0
5055 0
5056 0
5057 0
5058 3
5059 4
5060 0
5061 0
5062 0
5063 0
5064 0
5065 0
5066 0
5067 0
5068 0
5069 0
5070 0
5071 0
5072 0
5073 0
5074 0
5075 0
5076 0
5077 3
5078 0
5079 4
5080 0
5081 4
5082 0
5083 0
5084 0
5085 0
5086 4
5087 0
5088 0
5089 0
5090 0
5091 0
5092 0
5093 0
5094 0
5095 0
5096 0
5097 0
5098 0
5099 0
5100 0
5101 0
5102 0
5103 4
5104 0
5105 0
5106 0
5107 0
5108 0
5109 0
5110 4
5111 0
5112 0
5113 0
5114 0
5115 0
5116 0
5117 0
5118 3
5119 0
5120 4
5121 0
5122 0
5123 0
5124 0
5125 4
5126 0
5127 0
5128 0
5129 0
5130 0
5131 0
5132 0
5133 0
5134 0
5135 0
5136 0
5137 0
5138 4
5139 0
5140 0
5141 0
5142 0
5143 0
5144 0
5145 0
5146 0
5147 0
5148 0
5149 0
5150 0
5151 0
5152 0
5153 0
5154 4
5155 4
5156 0
5157 0
5158 0
5159 4
5160 0
5161 0
5162 0
5163 0
5164 0
5165 0
5166 4
5167 0
5168 4
5169 0
5170 0
5171 4
5172 0
5173 0
5174 0
5175 0
5176 0
5177 0
5178 0
5179 4
5180 0
5181 0
5182 0
5183 0
5184 0
5185 0
5186 0
5187 0
5188 0
5189 0
5190 0
5191 0
5192 4
5193 0
5194 0
5195 0
5196 0
5197 0
5198 0
5199 0
5200 0
5201 0
5202 0
5203 0
5204 0
5205 0
5206 0
5207 0
5208 0
5209 0
5210 3
5211 0
5212 0
5213 4
5214 0
5215 0
5216 0
5217 4
5218 0
5219 0
5220 0
5221 0
5222 0
5223 0
5224 0
5225 4
5226 0
5227 0
5228 0
5229 0
5230 0
5231 0
5232 0
5233 0
5234 0
5235 0
5236 0
5237 4
5238 4
5239 0
5240 0
5241 0
5242 4
5243 0
5244 0
5245 2
5246 0
5247 0
5248 0
5249 0
5250 0
5251 0
5252 0
5253 0
5254 0
5255 0
5256 3
5257 0
5258 0
5259 0
5260 0
5261 0
5262 0
5263 0
5264 0
5265 0
5266 0
5267 0
5268 0
5269 0
5270 0
5271 0
5272 0
5273 0
5274 0
5275 0
5276 0
5277 0
5278 0
5279 0
5280 0
5281 0
5282 0
5283 0
5284 0
5285 0
5286 0
5287 4
5288 0
5289 0
5290 0
5291 0
5292 4
5293 0
5294 0
5295 0
5296 0
5297 0
5298 0
5299 4
5300 0
5301 0
5302 0
5303 4
5304 4
5305 0
5306 0
5307 0
5308 0
5309 0
5310 4
5311 4
5312 0
5313 0
5314 0
5315 0
5316 0
5317 0
5318 0
5319 0
5320 4
5321 0
5322 0
5323 0
5324 4
5325 0
5326 0
5327 0
5328 4
5329 0
5330 0
5331 0
5332 0
5333 0
5334 0
5335 0
5336 0
5337 0
5338 0
5339 0
5340 0
5341 0
5342 0
5343 0
5344 0
5345 0
5346 0
5347 0
5348 0
5349 4
5350 0
5351 4
5352 0
5353 0
5354 0
5355 0
5356 0
5357 4
5358 0
5359 0
5360 0
5361 0
5362 0
5363 0
5364 0
5365 0
5366 0
5367 0
5368 0
5369 0
5370 0
5371 0
5372 0
5373 0
5374 4
5375 4
5376 0
5377 0
5378 0
5379 0
5380 0
5381 0
5382 0
5383 4
5384 0
5385 3
5386 0
5387 0
5388 3
5389 0
5390 0
5391 0
5392 0
5393 0
5394 0
5395 0
5396 0
5397 0
5398 0
5399 0
5400 0
5401 0
5402 0
5403 0
5404 0
5405 0
5406 0
5407 0
5408 0
5409 0
5410 3
5411 0
5412 0
5413 0
5414 0
5415 0
5416 0
5417 0
5418 0
5419 0
5420 0
5421 0
5422 0
5423 0
5424 4
5425 0
5426 0
5427 0
5428 4
5429 3
5430 4
5431 0
5432 0
5433 0
5434 0
5435 0
5436 3
5437 0
5438 0
5439 0
5440 0
5441 0
5442 0
5443 0
5444 0
5445 0
5446 4
5447 0
5448 4
5449 0
5450 0
5451 0
5452 0
5453 0
5454 0
5455 0
5456 0
5457 0
5458 0
5459 0
5460 0
5461 0
5462 0
5463 0
5464 0
5465 0
5466 0
5467 0
5468 0
5469 0
5470 0
5471 0
5472 4
5473 0
5474 0
5475 0
5476 0
5477 0
5478 0
5479 0
5480 0
5481 0
5482 0
5483 0
5484 0
5485 0
5486 0
5487 0
5488 0
5489 0
5490 0
5491 0
5492 0
5493 0
5494 0
5495 0
5496 3
5497 3
5498 0
5499 0
5500 0
5501 0
5502 0
5503 0
5504 0
5505 0
5506 0
5507 0
5508 0
5509 0
5510 0
5511 0
5512 0
5513 0
5514 0
5515 0
5516 0
5517 0
5518 0
5519 0
5520 0
5521 0
5522 0
5523 0
5524 0
5525 0
5526 0
5527 0
5528 0
5529 0
5530 0
5531 0
5532 0
5533 0
5534 4
5535 0
5536 0
5537 0
5538 0
5539 0
5540 0
5541 0
5542 0
5543 0
5544 0
5545 0
5546 0
5547 0
5548 0
5549 0
5550 3
5551 3
5552 0
5553 0
5554 0
5555 3
5556 0
5557 0
5558 0
5559 0
5560 0
5561 0
5562 3
5563 0
5564 0
5565 0
5566 0
5567 0
5568 0
5569 0
5570 0
5571 0
5572 0
5573 0
5574 0
5575 0
5576 0
5577 0
5578 0
5579 0
5580 0
5581 0
5582 0
5583 0
5584 0
5585 0
5586 0
5587 0
5588 0
5589 0
5590 0
5591 0
5592 0
5593 0
5594 0
5595 0
5596 0
5597 0
5598 0
5599 0
5600 0
5601 0
5602 0
5603 0
5604 0
5605 0
5606 0
5607 0
5608 0
5609 0
5610 0
5611 0
5612 0
5613 0
5614 0
5615 3
5616 0
5617 0
5618 0
5619 0
5620 0
5621 0
5622 4
5623 0
5624 0
5625 0
5626 0
5627 0
5628 0
5629 0
5630 0
5631 0
5632 0
5633 0
5634 0
5635 0
5636 0
5637 0
5638 0
5639 0
5640 0
5641 0
5642 0
5643 0
5644 0
5645 0
5646 0
5647 0
5648 0
5649 0
5650 0
5651 0
5652 0
5653 0
5654 0
5655 0
5656 0
5657 0
5658 0
5659 0
5660 0
5661 0
5662 0
5663 0
5664 0
5665 0
5666 0
5667 0
5668 0
5669 3
5670 0
5671 4
5672 0
5673 0
5674 0
5675 0
5676 0
5677 0
5678 0
5679 0
5680 0
5681 0
5682 0
5683 0
5684 0
5685 0
5686 0
5687 0
5688 0
5689 0
5690 0
5691 0
5692 0
5693 0
5694 0
5695 0
5696 0
5697 0
5698 0
5699 0
5700 0
5701 0
5702 0
5703 0
5704 0
5705 0
5706 0
5707 0
5708 0
5709 0
5710 0
5711 0
5712 0
5713 0
5714 0
5715 0
5716 0
5717 0
5718 0
5719 0
5720 0
5721 0
5722 0
5723 0
5724 0
5725 0
5726 0
5727 0
5728 3
5729 0
5730 0
5731 0
5732 0
5733 0
5734 0
5735 0
5736 0
5737 3
5738 0
5739 0
5740 0
5741 0
5742 0
5743 0
5744 0
5745 0
5746 0
5747 0
5748 0
5749 0
5750 0
5751 0
5752 0
5753 0
5754 0
5755 0
5756 0
5757 0
5758 0
5759 0
5760 0
5761 0
5762 0
5763 0
5764 0
5765 0
5766 0
5767 0
5768 0
5769 0
5770 0
5771 0
5772 0
5773 0
5774 0
5775 0
5776 0
5777 0
5778 3
5779 0
5780 0
5781 0
5782 0
5783 0
5784 0
5785 0
5786 0
5787 0
5788 0
5789 0
5790 0
5791 0
5792 0
5793 0
5794 0
5795 0
5796 0
5797 4
5798 3
5799 0
5800 0
5801 0
5802 0
5803 0
5804 0
5805 0
5806 0
5807 0
5808 0
5809 0
5810 0
5811 0
5812 0
5813 0
5814 0
5815 0
5816 0
5817 4
5818 0
5819 0
5820 0
5821 0
5822 0
5823 0
5824 0
5825 0
5826 0
5827 0
5828 0
5829 0
5830 0
5831 0
5832 0
5833 0
5834 0
5835 0
5836 0
5837 0
5838 0
5839 0
5840 0
5841 0
5842 0
5843 0
5844 0
5845 0
5846 0
5847 0
5848 0
5849 0
5850 0
5851 0
5852 0
5853 0
5854 0
5855 3
5856 0
5857 0
5858 0
5859 4
5860 0
5861 0
5862 0
5863 0
5864 0
5865 0
5866 0
5867 3
5868 3
5869 0
5870 3
5871 0
5872 0
5873 0
5874 0
5875 0
5876 0
5877 3
5878 3
5879 0
5880 0
5881 0
5882 0
5883 0
5884 0
5885 0
5886 3
5887 0
5888 0
5889 0
5890 0
5891 0
5892 0
5893 0
5894 0
5895 0
5896 0
5897 0
5898 0
5899 0
5900 0
5901 0
5902 0
5903 0
5904 0
5905 0
5906 0
5907 0
5908 0
5909 0
5910 0
5911 0
5912 0
5913 0
5914 0
5915 0
5916 0
5917 0
5918 0
5919 0
5920 0
5921 0
5922 0
5923 0
5924 0
5925 0
5926 0
5927 0
5928 0
5929 0
5930 0
5931 0
5932 0
5933 0
5934 0
5935 0
5936 0
5937 0
5938 0
5939 0
5940 0
5941 0
5942 0
5943 0
5944 0
5945 0
5946 0
5947 0
5948 0
5949 0
5950 0
5951 0
5952 0
5953 0
5954 3
5955 3
5956 0
5957 0
5958 0
5959 0
5960 0
5961 0
5962 0
5963 0
5964 0
5965 0
5966 0
5967 0
5968 0
5969 0
5970 0
5971 0
5972 0
5973 0
5974 0
5975 0
5976 0
5977 0
5978 0
5979 0
5980 0
5981 0
5982 0
5983 0
5984 0
5985 0
5986 0
5987 0
5988 0
5989 0
5990 0
5991 0
5992 0
5993 0
5994 0
5995 3
5996 0
5997 0
5998 0
5999 0
6000 0
6001 0
6002 0
6003 0
6004 3
6005 0
6006 0
6007 0
6008 0
6009 0
6010 3
6011 0
6012 0
6013 0
6014 0
6015 0
6016 0
6017 0
6018 0
6019 0
6020 0
6021 0
6022 0
6023 0
6024 0
6025 0
6026 0
6027 0
6028 0
6029 0
6030 0
6031 3
6032 0
6033 0
6034 0
6035 0
6036 0
6037 0
6038 0
6039 0
6040 0
6041 0
6042 0
6043 0
6044 0
6045 0
6046 0
6047 0
6048 0
6049 0
6050 0
6051 0
6052 0
6053 0
6054 0
6055 0
6056 0
6057 0
6058 0
6059 0
6060 0
6061 0
6062 0
6063 0
6064 0
6065 0
6066 0
6067 0
6068 0
6069 0
6070 0
6071 0
6072 0
6073 0
6074 0
6075 0
6076 0
6077 0
6078 0
6079 0
6080 0
6081 0
6082 0
6083 0
6084 0
6085 0
6086 0
6087 0
6088 4
6089 0
6090 0
6091 0
6092 0
6093 0
6094 0
6095 0
6096 0
6097 0
6098 0
6099 0
6100 0
6101 0
6102 0
6103 0
6104 0
6105 3
6106 4
6107 0
6108 4
6109 0
6110 4
6111 4
6112 3
6113 0
6114 4
6115 0
6116 3
6117 0
6118 0
6119 4
6120 3
6121 0
6122 4
6123 0
6124 0
6125 3
6126 0
6127 0
6128 0
6129 0
6130 0
6131 4
6132 0
6133 0
6134 3
6135 0
6136 3
6137 0
6138 0
6139 4
6140 0
6141 0
6142 0
6143 0
6144 4
6145 3
6146 3
6147 4
6148 0
6149 4
6150 0
6151 0
6152 4
6153 0
6154 0
6155 3
6156 4
6157 3
6158 3
6159 3
6160 0
6161 0
6162 0
6163 0
6164 0
6165 0
6166 0
6167 3
6168 3
6169 0
6170 0
6171 4
6172 0
6173 0
6174 3
6175 0
6176 3
6177 0
6178 0
6179 4
6180 0
6181 0
6182 0
6183 3
6184 4
6185 0
6186 4
6187 0
6188 3
6189 3
6190 4
6191 4
6192 4
6193 3
6194 4
6195 3
6196 3
6197 3
6198 4
6199 0
6200 3
6201 3
6202 4
6203 0
6204 0
6205 3
6206 0
6207 0
6208 3
6209 0
6210 0
6211 4
6212 3
6213 3
6214 4
6215 0
6216 0
6217 4
6218 3
6219 0
6220 4
6221 3
6222 0
6223 0
6224 3
6225 0
6226 3
6227 3
6228 3
6229 0
6230 4
6231 3
6232 0
6233 4
6234 0
6235 0
6236 3
6237 0
6238 0
6239 0
6240 0
6241 0
6242 0
6243 0
6244 0
6245 0
6246 4
6247 0
6248 0
6249 0
6250 0
6251 3
6252 0
6253 0
6254 0
6255 3
6256 0
6257 0
6258 4
6259 3
6260 4
6261 0
6262 0
6263 4
6264 0
6265 4
6266 0
6267 0
6268 0
6269 4
6270 3
6271 3
6272 4
6273 0
6274 0
6275 0
6276 0
6277 3
6278 0
6279 3
6280 4
6281 0
6282 0
6283 3
6284 3
6285 0
6286 0
6287 0
6288 0
6289 0
6290 4
6291 3
6292 0
6293 0
6294 0
6295 3
6296 0
6297 4
6298 3
6299 0
6300 0
6301 0
6302 0
6303 3
6304 0
6305 0
6306 0
6307 4
6308 0
6309 0
6310 0
6311 0
6312 0
6313 3
6314 0
6315 0
6316 4
6317 3
6318 3
6319 4
6320 4
6321 4
6322 0
6323 3
6324 3
6325 3
6326 0
6327 4
6328 0
6329 0
6330 3
6331 4
6332 0
6333 0
6334 0
6335 4
6336 3
6337 4
6338 0
6339 3
6340 3
6341 3
6342 3
6343 0
6344 0
6345 3
6346 0
6347 3
6348 0
6349 0
6350 4
6351 3
6352 4
6353 0
6354 4
6355 3
6356 3
6357 0
6358 0
6359 3
6360 3
6361 4
6362 3
6363 0
6364 4
6365 0
6366 3
6367 3
6368 0
6369 3
6370 0
6371 0
6372 0
6373 4
6374 0
6375 0
6376 0
6377 4
6378 0
6379 4
6380 0
6381 0
6382 3
6383 0
6384 4
6385 0
6386 0
6387 4
6388 0
6389 3
6390 4
6391 0
6392 4
6393 0
6394 0
6395 0
6396 4
6397 4
6398 0
6399 4
6400 0
6401 3
6402 0
6403 0
6404 0
6405 0
6406 0
6407 0
6408 0
6409 3
6410 0
6411 0
6412 0
6413 4
6414 3
6415 0
6416 4
6417 0
6418 4
6419 3
6420 4
6421 4
6422 0
6423 0
6424 0
6425 0
6426 4
6427 4
6428 0
6429 0
6430 3
6431 0
6432 3
6433 0
6434 0
6435 0
6436 0
6437 3
6438 3
6439 0
6440 0
6441 0
6442 0
6443 4
6444 0
6445 3
6446 3
6447 3
6448 4
6449 4
6450 0
6451 0
6452 0
6453 4
6454 4
6455 0
6456 4
6457 0
6458 4
6459 3
6460 3
6461 4
6462 0
6463 3
6464 3
6465 0
6466 3
6467 3
6468 3
6469 3
6470 3
6471 3
6472 0
6473 0
6474 0
6475 3
6476 0
6477 4
6478 3
6479 3
6480 0
6481 3
6482 0
6483 0
6484 3
6485 0
6486 3
6487 4
6488 0
6489 4
6490 3
6491 4
6492 3
6493 0
6494 4
6495 3
6496 4
6497 4
6498 0
6499 0
6500 4
6501 0
6502 0
6503 4
6504 3
6505 0
6506 0
6507 0
6508 0
6509 0
6510 0
6511 4
6512 3
6513 3
6514 0
6515 4
6516 4
6517 4
6518 4
6519 3
6520 0
6521 0
6522 3
6523 4
6524 0
6525 3
6526 4
6527 0
6528 0
6529 0
6530 3
6531 0
6532 3
6533 0
6534 3
6535 0
6536 3
6537 4
6538 0
6539 3
6540 0
6541 4
6542 0
6543 4
6544 4
6545 3
6546 3
6547 0
6548 4
6549 4
6550 0
6551 3
6552 0
6553 0
6554 4
6555 3
6556 3
6557 3
6558 0
6559 0
6560 0
6561 3
6562 0
6563 3
6564 0
6565 0
6566 4
6567 0
6568 0
6569 0
6570 0
6571 3
6572 0
6573 0
6574 0
6575 4
6576 3
6577 3
6578 3
6579 0
6580 4
6581 4
6582 4
6583 3
6584 0
6585 3
6586 4
6587 3
6588 0
6589 0
6590 4
6591 3
6592 0
6593 0
6594 0
6595 4
6596 4
6597 3
6598 0
6599 0
6600 3
6601 4
6602 0
6603 3
6604 0
6605 4
6606 3
6607 4
6608 0
6609 4
6610 0
6611 4
6612 0
6613 0
6614 0
6615 0
6616 4
6617 3
6618 0
6619 3
6620 0
6621 4
6622 0
6623 0
6624 0
6625 0
6626 4
6627 0
6628 0
6629 4
6630 0
6631 3
6632 0
6633 0
6634 0
6635 0
6636 0
6637 3
6638 0
6639 3
6640 0
6641 0
6642 4
6643 0
6644 3
6645 3
6646 0
6647 0
6648 0
6649 4
6650 0
6651 0
6652 3
6653 0
6654 4
6655 0
6656 3
6657 4
6658 0
6659 3
6660 0
6661 0
6662 3
6663 4
6664 0
6665 4
6666 3
6667 0
6668 0
6669 4
6670 4
6671 0
6672 3
6673 4
6674 0
6675 0
6676 3
6677 3
6678 0
6679 4
6680 0
6681 4
6682 0
6683 3
6684 0
6685 0
6686 3
6687 3
6688 0
6689 0
6690 0
6691 0
6692 3
6693 4
6694 0
6695 0
6696 4
6697 4
6698 0
6699 0
6700 0
6701 0
6702 3
6703 4
6704 3
6705 0
6706 0
6707 0
6708 4
6709 4
6710 0
6711 0
6712 4
6713 0
6714 0
6715 0
6716 0
6717 3
6718 3
6719 0
6720 4
6721 3
6722 3
6723 0
6724 0
6725 0
6726 0
6727 3
6728 3
6729 3
6730 0
6731 0
6732 3
6733 4
6734 3
6735 3
6736 0
6737 3
6738 0
6739 4
6740 4
6741 3
6742 0
6743 0
6744 0
6745 4
6746 0
6747 0
6748 3
6749 3
6750 3
6751 0
6752 4
6753 0
6754 0
6755 4
6756 3
6757 0
6758 4
6759 0
6760 3
6761 0
6762 0
6763 3
6764 3
6765 0
6766 3
6767 4
6768 0
6769 4
6770 4
6771 0
6772 3
6773 0
6774 0
6775 4
6776 0
6777 0
6778 3
6779 0
6780 0
6781 0
6782 3
6783 4
6784 0
6785 0
6786 0
6787 0
6788 0
6789 0
6790 3
6791 0
6792 3
6793 4
6794 4
6795 0
6796 4
6797 0
6798 4
6799 0
6800 0
6801 0
6802 0
6803 0
6804 4
6805 4
6806 0
6807 3
6808 3
6809 0
6810 3
6811 4
6812 0
6813 4
6814 0
6815 3
6816 3
6817 4
6818 0
6819 3
6820 0
6821 3
6822 0
6823 4
6824 0
6825 4
6826 0
6827 3
6828 4
6829 3
6830 0
6831 4
6832 0
6833 3
6834 0
6835 0
6836 4
6837 4
6838 3
6839 0
6840 4
6841 3
6842 3
6843 0
6844 3
6845 0
6846 3
6847 0
6848 3
6849 3
6850 3
6851 0
6852 4
6853 0
6854 4
6855 3
6856 0
6857 0
6858 0
6859 4
6860 3
6861 0
6862 3
6863 3
6864 0
6865 4
6866 4
6867 4
6868 0
6869 3
6870 0
6871 0
6872 4
6873 0
6874 3
6875 3
6876 0
6877 0
6878 0
6879 3
6880 0
6881 0
6882 0
6883 0
6884 0
6885 4
6886 0
6887 4
6888 4
6889 4
6890 4
6891 0
6892 0
6893 3
6894 3
6895 0
6896 0
6897 3
6898 3
6899 4
6900 0
6901 0
6902 0
6903 3
6904 0
6905 0
6906 0
6907 0
6908 3
6909 4
6910 0
6911 4
6912 3
6913 0
6914 0
6915 0
6916 3
6917 3
6918 3
6919 3
6920 3
6921 0
6922 0
6923 0
6924 3
6925 0
6926 0
6927 4
6928 4
6929 3
6930 3
6931 0
6932 4
6933 4
6934 4
6935 3
6936 0
6937 0
6938 0
6939 4
6940 4
6941 0
6942 3
6943 3
6944 4
6945 0
6946 4
6947 3
6948 4
6949 0
6950 0
6951 0
6952 3
6953 4
6954 0
6955 4
6956 4
6957 0
6958 4
6959 3
6960 4
6961 4
6962 4
6963 3
6964 0
6965 3
6966 4
6967 3
6968 4
6969 3
6970 3
6971 0
6972 0
6973 0
6974 0
6975 4
6976 4
6977 0
6978 0
6979 0
6980 3
6981 0
6982 4
6983 3
6984 4
6985 0
6986 4
6987 0
6988 0
6989 0
6990 0
6991 0
6992 0
6993 3
6994 3
6995 4
6996 4
6997 3
6998 4
6999 0
7000 0
7001 0
7002 0
7003 0
7004 0
7005 4
7006 0
7007 3
7008 0
7009 0
7010 3
7011 0
7012 0
7013 0
7014 4
7015 0
7016 4
7017 0
7018 3
7019 3
7020 0
7021 4
7022 3
7023 0
7024 4
7025 0
7026 0
7027 0
7028 4
7029 3
7030 0
7031 4
7032 3
7033 3
7034 0
7035 0
7036 3
7037 0
7038 0
7039 0
7040 3
7041 3
7042 3
7043 0
7044 0
7045 0
7046 3
7047 3
7048 0
7049 0
7050 0
7051 0
7052 3
7053 3
7054 0
7055 3
7056 3
7057 3
7058 4
7059 0
7060 3
7061 0
7062 3
7063 0
7064 0
7065 0
7066 4
7067 0
7068 0
7069 0
7070 4
7071 0
7072 3
7073 0
7074 4
7075 0
7076 4
7077 0
7078 0
7079 0
7080 0
7081 0
7082 0
7083 3
7084 0
7085 3
7086 4
7087 0
7088 0
7089 0
7090 0
7091 0
7092 0
7093 0
7094 0
7095 4
7096 3
7097 0
7098 0
7099 0
7100 4
7101 4
7102 4
7103 0
7104 4
7105 4
7106 3
7107 4
7108 3
7109 3
7110 3
7111 0
7112 3
7113 0
7114 0
7115 3
7116 4
7117 4
7118 3
7119 3
7120 3
7121 0
7122 3
7123 3
7124 0
7125 4
7126 4
7127 0
7128 3
7129 0
7130 0
7131 3
7132 0
7133 3
7134 3
7135 0
7136 0
7137 0
7138 3
7139 3
7140 0
7141 3
7142 3
7143 3
7144 0
7145 3
7146 3
7147 0
7148 0
7149 3
7150 0
7151 4
7152 4
7153 0
7154 0
7155 3
7156 0
7157 0
7158 4
7159 3
7160 3
7161 0
7162 0
7163 3
7164 0
7165 4
7166 3
7167 3
7168 0
7169 4
7170 3
7171 0
7172 3
7173 0
7174 3
7175 3
7176 0
7177 0
7178 0
7179 0
7180 4
7181 3
7182 0
7183 0
7184 0
7185 0
7186 3
7187 0
7188 0
7189 4
7190 0
7191 4
7192 4
7193 4
7194 3
7195 0
7196 3
7197 0
7198 4
7199 3
7200 0
7201 3
7202 4
7203 0
7204 0
7205 3
7206 0
7207 0
7208 0
7209 0
7210 4
7211 0
7212 0
7213 0
7214 3
7215 3
7216 4
7217 3
7218 0
7219 3
7220 4
7221 4
7222 4
7223 4
7224 4
7225 4
7226 3
7227 3
7228 0
7229 0
7230 3
7231 4
7232 0
7233 4
7234 0
7235 0
7236 4
7237 3
7238 0
7239 0
7240 3
7241 0
7242 0
7243 0
7244 4
7245 0
7246 0
7247 0
7248 0
7249 0
7250 3
7251 3
7252 0
7253 0
7254 0
7255 0
7256 4
7257 0
7258 3
7259 0
7260 4
7261 4
7262 4
7263 4
7264 4
7265 4
7266 0
7267 3
7268 3
7269 0
7270 0
7271 0
7272 0
7273 0
7274 4
7275 0
7276 0
7277 0
7278 0
7279 3
7280 3
7281 3
7282 3
7283 3
7284 4
7285 3
7286 0
7287 4
7288 0
7289 3
7290 0
7291 3
7292 3
7293 4
7294 3
7295 4
7296 0
7297 3
7298 3
7299 0
7300 4
7301 0
7302 4
7303 3
7304 0
7305 0
7306 4
7307 3
7308 4
7309 4
7310 0
7311 3
7312 0
7313 3
7314 3
7315 0
7316 0
7317 3
7318 0
7319 4
7320 0
7321 3
7322 3
7323 3
7324 3
7325 4
7326 4
7327 4
7328 3
7329 3
7330 0
7331 3
7332 0
7333 3
7334 0
7335 0
7336 4
7337 4
7338 0
7339 0
7340 4
7341 4
7342 0
7343 4
7344 0
7345 0
7346 4
7347 3
7348 4
7349 4
7350 3
7351 0
7352 4
7353 0
7354 0
7355 3
7356 4
7357 0
7358 0
7359 4
7360 3
7361 4
7362 0
7363 0
7364 0
7365 0
7366 3
7367 4
7368 0
7369 0
7370 3
7371 4
7372 0
7373 4
7374 3
7375 3
7376 3
7377 3
7378 4
7379 0
7380 0
7381 3
7382 3
7383 0
7384 3
7385 4
7386 3
7387 0
7388 3
7389 4
7390 3
7391 3
7392 0
7393 0
7394 4
7395 4
7396 0
7397 0
7398 0
7399 0
7400 0
7401 0
7402 0
7403 0
7404 4
7405 0
7406 0
7407 3
7408 3
7409 3
7410 0
7411 3
7412 4
7413 0
7414 4
7415 0
7416 0
7417 0
7418 4
7419 4
7420 4
7421 4
7422 4
7423 3
7424 0
7425 0
7426 0
7427 3
7428 3
7429 0
7430 0
7431 3
7432 3
7433 0
7434 4
7435 0
7436 4
7437 4
7438 0
7439 0
7440 0
7441 3
7442 0
7443 0
7444 3
7445 3
7446 0
7447 0
7448 0
7449 4
7450 0
7451 3
7452 0
7453 3
7454 3
7455 3
7456 0
7457 4
7458 0
7459 4
7460 4
7461 3
7462 0
7463 0
7464 0
7465 3
7466 0
7467 3
7468 3
7469 4
7470 0
7471 0
7472 4
7473 4
7474 4
7475 4
7476 4
7477 4
7478 3
7479 4
7480 3
7481 0
7482 4
7483 4
7484 0
7485 3
7486 0
7487 3
7488 4
7489 0
7490 4
7491 0
7492 4
7493 4
7494 4
7495 4
7496 4
7497 0
7498 4
7499 0
7500 0
7501 0
7502 4
7503 4
7504 3
7505 0
7506 3
7507 0
7508 0
7509 4
7510 3
7511 0
7512 4
7513 0
7514 4
7515 0
7516 4
7517 3
7518 0
7519 4
7520 3
7521 3
7522 3
7523 4
7524 0
7525 0
7526 0
7527 3
7528 3
7529 0
7530 3
7531 0
7532 4
7533 4
7534 3
7535 0
7536 0
7537 0
7538 0
7539 4
7540 0
7541 0
7542 3
7543 4
7544 0
7545 4
7546 4
7547 3
7548 0
7549 4
7550 4
7551 3
7552 0
7553 4
7554 0
7555 0
7556 3
7557 0
7558 0
7559 0
7560 0
7561 0
7562 0
7563 4
7564 0
7565 0
7566 0
7567 0
7568 0
7569 0
7570 0
7571 0
7572 4
7573 0
7574 0
7575 0
7576 0
7577 0
7578 4
7579 3
7580 0
7581 0
7582 0
7583 0
7584 0
7585 0
7586 4
7587 0
7588 0
7589 0
7590 0
7591 0
7592 0
7593 0
7594 0
7595 0
7596 0
7597 0
7598 0
7599 0
7600 0
7601 0
7602 0
7603 0
7604 0
7605 0
7606 0
7607 0
7608 0
7609 4
7610 0
7611 0
7612 0
7613 0
7614 0
7615 0
7616 0
7617 0
7618 0
7619 0
7620 0
7621 0
7622 0
7623 0
7624 0
7625 0
7626 0
7627 0
7628 0
7629 0
7630 0
7631 0
7632 0
7633 0
7634 0
7635 0
7636 0
7637 0
7638 0
7639 0
7640 0
7641 0
7642 4
7643 0
7644 4
7645 0
7646 0
7647 0
7648 0
7649 0
7650 0
7651 0
7652 0
7653 0
7654 0
7655 0
7656 0
7657 0
7658 0
7659 0
7660 0
7661 0
7662 0
7663 0
7664 0
7665 0
7666 0
7667 0
7668 0
7669 0
7670 0
7671 0
7672 0
7673 0
7674 0
7675 0
7676 0
7677 0
7678 0
7679 0
7680 0
7681 0
7682 0
7683 0
7684 0
7685 0
7686 0
7687 0
7688 0
7689 0
7690 0
7691 0
7692 0
7693 0
7694 4
7695 0
7696 0
7697 0
7698 0
7699 0
7700 0
7701 0
7702 0
7703 0
7704 0
7705 0
7706 0
7707 0
7708 0
7709 0
7710 0
7711 0
7712 0
7713 0
7714 0
7715 0
7716 0
7717 0
7718 0
7719 0
7720 0
7721 0
7722 3
7723 0
7724 0
7725 0
7726 0
7727 0
7728 3
7729 0
7730 0
7731 0
7732 0
7733 0
7734 0
7735 0
7736 0
7737 0
7738 0
7739 0
7740 0
7741 0
7742 4
7743 0
7744 0
7745 0
7746 0
7747 0
7748 0
7749 0
7750 0
7751 0
7752 0
7753 0
7754 0
7755 0
7756 0
7757 0
7758 0
7759 0
7760 0
7761 0
7762 0
7763 4
7764 0
7765 0
7766 0
7767 0
7768 0
7769 0
7770 0
7771 0
7772 0
7773 0
7774 0
7775 0
7776 0
7777 0
7778 0
7779 0
7780 0
7781 0
7782 4
7783 0
7784 0
7785 0
7786 0
7787 0
7788 0
7789 4
7790 0
7791 0
7792 0
7793 4
7794 0
7795 0
7796 0
7797 0
7798 0
7799 0
7800 0
7801 0
7802 0
7803 0
7804 0
7805 0
7806 0
7807 4
7808 0
7809 4
7810 0
7811 0
7812 0
7813 0
7814 0
7815 0
7816 0
7817 0
7818 0
7819 0
7820 0
7821 4
7822 0
7823 0
7824 0
7825 0
7826 0
7827 0
7828 4
7829 0
7830 0
7831 0
7832 0
7833 0
7834 0
7835 0
7836 0
7837 0
7838 0
7839 4
7840 0
7841 0
7842 0
7843 0
7844 0
7845 0
7846 0
7847 0
7848 0
7849 0
7850 0
7851 0
7852 0
7853 0
7854 0
7855 0
7856 0
7857 0
7858 0
7859 0
7860 0
7861 0
7862 0
7863 0
7864 0
7865 0
7866 0
7867 0
7868 0
7869 0
7870 0
7871 0
7872 0
7873 0
7874 0
7875 0
7876 0
7877 0
7878 0
7879 0
7880 0
7881 0
7882 0
7883 0
7884 0
7885 0
7886 0
7887 0
7888 0
7889 0
7890 0
7891 0
7892 0
7893 0
7894 0
7895 0
7896 0
7897 0
7898 0
7899 0
7900 0
7901 0
7902 0
7903 0
7904 0
7905 0
7906 0
7907 0
7908 0
7909 0
7910 0
7911 0
7912 0
7913 0
7914 0
7915 0
7916 0
7917 0
7918 0
7919 0
7920 0
7921 0
7922 0
7923 0
7924 0
7925 0
7926 0
7927 0
7928 0
7929 0
7930 0
7931 0
7932 0
7933 0
7934 0
7935 0
7936 0
7937 0
7938 0
7939 0
7940 0
7941 0
7942 0
7943 0
7944 0
7945 0
7946 0
7947 0
7948 0
7949 0
7950 0
7951 0
7952 0
7953 0
7954 0
7955 0
7956 4
7957 0
7958 0
7959 0
7960 4
7961 0
7962 0
7963 0
7964 0
7965 0
7966 0
7967 0
7968 0
7969 0
7970 0
7971 0
7972 0
7973 0
7974 0
7975 0
7976 0
7977 0
7978 0
7979 0
7980 0
7981 0
7982 0
7983 0
7984 0
7985 0
7986 0
7987 0
7988 0
7989 0
7990 0
7991 0
7992 0
7993 0
7994 0
7995 0
7996 0
7997 0
7998 0
7999 0
8000 0
8001 0
8002 0
8003 3
8004 0
8005 0
8006 0
8007 0
8008 0
8009 0
8010 0
8011 3
8012 0
8013 0
8014 0
8015 0
8016 0
8017 0
8018 0
8019 0
8020 0
8021 4
8022 0
8023 0
8024 0
8025 0
8026 0
8027 0
8028 0
8029 4
8030 0
8031 0
8032 0
8033 0
8034 0
8035 0
8036 0
8037 0
8038 0
8039 0
8040 0
8041 0
8042 0
8043 0
8044 0
8045 4
8046 0
8047 3
8048 0
8049 0
8050 0
8051 0
8052 0
8053 0
8054 0
8055 0
8056 0
8057 0
8058 0
8059 0
8060 0
8061 0
8062 0
8063 3
8064 0
8065 0
8066 4
8067 0
8068 0
8069 0
8070 0
8071 0
8072 0
8073 0
8074 0
8075 0
8076 0
8077 0
8078 0
8079 0
8080 0
8081 0
8082 0
8083 0
8084 0
8085 0
8086 4
8087 0
8088 0
8089 0
8090 0
8091 0
8092 0
8093 0
8094 0
8095 0
8096 0
8097 0
8098 0
8099 0
8100 0
8101 0
8102 0
8103 0
8104 0
8105 0
8106 0
8107 4
8108 0
8109 0
8110 0
8111 0
8112 0
8113 0
8114 0
8115 0
8116 4
8117 0
8118 0
8119 0
8120 0
8121 0
8122 0
8123 0
8124 0
8125 0
8126 0
8127 0
8128 0
8129 0
8130 0
8131 0
8132 0
8133 0
8134 0
8135 0
8136 0
8137 0
8138 0
8139 0
8140 0
8141 0
8142 0
8143 0
8144 0
8145 0
8146 0
8147 0
8148 0
8149 0
8150 0
8151 0
8152 0
8153 0
8154 0
8155 0
8156 0
8157 0
8158 0
8159 0
8160 0
8161 0
8162 0
8163 0
8164 0
8165 0
8166 0
8167 0
8168 0
8169 0
8170 0
8171 0
8172 0
8173 0
8174 0
8175 0
8176 0
8177 0
8178 0
8179 0
8180 0
8181 0
8182 0
8183 0
8184 0
8185 0
8186 0
8187 0
8188 0
8189 0
8190 0
8191 0
8192 0
8193 0
8194 0
8195 0
8196 0
8197 0
8198 0
8199 0
8200 0
8201 0
8202 0
8203 0
8204 0
8205 0
8206 0
8207 0
8208 0
8209 0
8210 0
8211 0
8212 0
8213 0
8214 0
8215 0
8216 0
8217 0
8218 0
8219 0
8220 0
8221 0
8222 0
8223 0
8224 0
8225 0
8226 0
8227 0
8228 0
8229 0
8230 0
8231 0
8232 0
8233 0
8234 0
8235 0
8236 0
8237 0
8238 0
8239 0
8240 0
8241 0
8242 0
8243 0
8244 0
8245 0
8246 0
8247 0
8248 0
8249 0
8250 0
8251 0
8252 0
8253 0
8254 4
8255 0
8256 4
8257 0
8258 0
8259 0
8260 0
8261 0
8262 0
8263 0
8264 0
8265 0
8266 0
8267 0
8268 0
8269 0
8270 0
8271 0
8272 0
8273 0
8274 0
8275 0
8276 0
8277 0
8278 0
8279 0
8280 0
8281 0
8282 0
8283 0
8284 0
8285 0
8286 0
8287 0
8288 0
8289 0
8290 0
8291 0
8292 0
8293 0
8294 0
8295 0
8296 0
8297 0
8298 0
8299 0
8300 4
8301 0
8302 0
8303 0
8304 0
8305 0
8306 0
8307 0
8308 0
8309 0
8310 4
8311 0
8312 0
8313 0
8314 0
8315 0
8316 0
8317 0
8318 0
8319 0
8320 0
8321 0
8322 0
8323 0
8324 0
8325 0
8326 0
8327 0
8328 0
8329 0
8330 0
8331 0
8332 0
8333 0
8334 0
8335 0
8336 0
8337 0
8338 0
8339 0
8340 0
8341 0
8342 0
8343 0
8344 4
8345 0
8346 0
8347 0
8348 0
8349 0
8350 0
8351 0
8352 0
8353 0
8354 0
8355 0
8356 0
8357 0
8358 0
8359 0
8360 0
8361 0
8362 0
8363 0
8364 0
8365 3
8366 0
8367 0
8368 0
8369 0
8370 0
8371 0
8372 0
8373 0
8374 0
8375 0
8376 0
8377 0
8378 0
8379 0
8380 0
8381 0
8382 4
8383 0
8384 0
8385 0
8386 0
8387 0
8388 0
8389 0
8390 0
8391 0
8392 4
8393 4
8394 4
8395 0
8396 3
8397 0
8398 0
8399 0
8400 0
8401 0
8402 3
8403 3
8404 0
8405 3
8406 0
8407 4
8408 4
8409 3
8410 0
8411 0
8412 4
8413 0
8414 0
8415 0
8416 4
8417 4
8418 4
8419 4
8420 0
8421 4
8422 0
8423 0
8424 4
8425 0
8426 0
8427 0
8428 0
8429 0
8430 0
8431 3
8432 0
8433 3
8434 0
8435 0
8436 4
8437 3
8438 0
8439 0
8440 3
8441 3
8442 4
8443 3
8444 0
8445 3
8446 3
8447 0
8448 3
8449 3
8450 0
8451 0
8452 3
8453 0
8454 0
8455 0
8456 0
8457 4
8458 0
8459 0
8460 0
8461 0
8462 4
8463 0
8464 0
8465 4
8466 4
8467 4
8468 3
8469 3
8470 4
8471 4
8472 0
8473 3
8474 0
8475 3
8476 3
8477 4
8478 0
8479 4
8480 0
8481 0
8482 0
8483 0
8484 0
8485 0
8486 4
8487 3
8488 4
8489 0
8490 3
8491 4
8492 4
8493 0
8494 0
8495 0
8496 3
8497 3
8498 4
8499 4
8500 3
8501 0
8502 3
8503 0
8504 3
8505 3
8506 4
8507 0
8508 3
8509 3
8510 3
8511 4
8512 0
8513 0
8514 0
8515 0
8516 3
8517 4
8518 0
8519 0
8520 0
8521 0
8522 0
8523 0
8524 0
8525 3
8526 0
8527 4
8528 3
8529 3
8530 0
8531 3
8532 0
8533 3
8534 0
8535 3
8536 3
8537 0
8538 3
8539 3
8540 4
8541 0
8542 0
8543 4
8544 3
8545 3
8546 3
8547 0
8548 0
8549 3
8550 3
8551 0
8552 0
8553 0
8554 0
8555 3
8556 4
8557 3
8558 4
8559 0
8560 3
8561 0
8562 3
8563 0
8564 0
8565 3
8566 0
8567 3
8568 3
8569 0
8570 4
8571 0
8572 0
8573 0
8574 0
8575 0
8576 0
8577 4
8578 0
8579 4
8580 0
8581 0
8582 0
8583 4
8584 0
8585 0
8586 0
8587 4
8588 0
8589 0
8590 0
8591 3
8592 0
8593 0
8594 0
8595 0
8596 0
8597 4
8598 4
8599 0
8600 3
8601 3
8602 3
8603 3
8604 0
8605 4
8606 3
8607 0
8608 3
8609 3
8610 4
8611 3
8612 0
8613 4
8614 3
8615 0
8616 4
8617 3
8618 0
8619 3
8620 3
8621 4
8622 3
8623 4
8624 0
8625 0
8626 0
8627 3
8628 3
8629 4
8630 3
8631 3
8632 0
8633 0
8634 3
8635 0
8636 3
8637 0
8638 3
8639 3
8640 0
8641 0
8642 0
8643 3
8644 0
8645 0
8646 4
8647 0
8648 3
8649 0
8650 0
8651 0
8652 0
8653 3
8654 0
8655 3
8656 0
8657 0
8658 0
8659 0
8660 4
8661 0
8662 4
8663 4
8664 4
8665 4
8666 0
8667 0
8668 0
8669 0
8670 3
8671 3
8672 3
8673 0
8674 0
8675 0
8676 3
8677 3
8678 4
8679 0
8680 3
8681 0
8682 0
8683 3
8684 3
8685 0
8686 0
8687 0
8688 3
8689 4
8690 0
8691 3
8692 4
8693 0
8694 0
8695 0
8696 0
8697 0
8698 3
8699 3
8700 0
8701 3
8702 3
8703 4
8704 3
8705 3
8706 0
8707 3
8708 0
8709 4
8710 3
8711 0
8712 4
8713 3
8714 3
8715 0
8716 4
8717 0
8718 0
8719 4
8720 0
8721 3
8722 0
8723 4
8724 3
8725 0
8726 4
8727 4
8728 3
8729 3
8730 4
8731 3
8732 4
8733 0
8734 0
8735 0
8736 3
8737 4
8738 0
8739 0
8740 0
8741 3
8742 4
8743 0
8744 0
8745 0
8746 0
8747 0
8748 3
8749 0
8750 4
8751 0
8752 0
8753 4
8754 0
8755 4
8756 4
8757 4
8758 4
8759 3
8760 0
8761 0
8762 0
8763 0
8764 0
8765 4
8766 3
8767 3
8768 4
8769 4
8770 0
8771 0
8772 0
8773 0
8774 3
8775 3
8776 4
8777 3
8778 3
8779 0
8780 3
8781 0
8782 4
8783 4
8784 0
8785 0
8786 3
8787 3
8788 3
8789 3
8790 0
8791 3
8792 0
8793 0
8794 3
8795 4
8796 0
8797 3
8798 4
8799 0
8800 4
8801 0
8802 3
8803 0
8804 0
8805 3
8806 0
8807 0
8808 4
8809 0
8810 0
8811 0
8812 4
8813 0
8814 0
8815 0
8816 0
8817 4
8818 0
8819 3
8820 0
8821 4
8822 3
8823 0
8824 0
8825 3
8826 3
8827 0
8828 0
8829 3
8830 0
8831 4
8832 3
8833 0
8834 3
8835 4
8836 4
8837 0
8838 3
8839 3
8840 4
8841 0
8842 4
8843 0
8844 3
8845 0
8846 0
8847 0
8848 0
8849 0
8850 0
8851 3
8852 0
8853 0
8854 0
8855 0
8856 3
8857 3
8858 0
8859 0
8860 0
8861 3
8862 0
8863 3
8864 0
8865 0
8866 3
8867 0
8868 4
8869 3
8870 4
8871 0
8872 4
8873 0
8874 3
8875 3
8876 0
8877 3
8878 3
8879 0
8880 3
8881 3
8882 0
8883 3
8884 3
8885 3
8886 3
8887 4
8888 3
8889 0
8890 0
8891 0
8892 3
8893 0
8894 0
8895 0
8896 4
8897 3
8898 3
8899 3
8900 0
8901 0
8902 0
8903 4
8904 4
8905 4
8906 0
8907 0
8908 3
8909 0
8910 3
8911 4
8912 3
8913 3
8914 0
8915 0
8916 0
8917 0
8918 0
8919 0
8920 0
8921 3
8922 0
8923 3
8924 0
8925 3
8926 0
8927 0
8928 0
8929 4
8930 0
8931 4
8932 0
8933 4
8934 0
8935 3
8936 4
8937 0
8938 3
8939 0
8940 3
8941 4
8942 4
8943 4
8944 4
8945 4
8946 4
8947 4
8948 0
8949 0
8950 0
8951 0
8952 0
8953 0
8954 4
8955 3
8956 0
8957 0
8958 4
8959 0
8960 3
8961 3
8962 3
8963 0
8964 3
8965 0
8966 3
8967 3
8968 4
8969 0
8970 3
8971 4
8972 0
8973 0
8974 4
8975 0
8976 3
8977 3
8978 0
8979 0
8980 4
8981 3
8982 0
8983 0
8984 4
8985 0
8986 4
8987 0
8988 4
8989 0
8990 3
8991 0
8992 0
8993 0
8994 0
8995 3
8996 0
8997 3
8998 3
8999 0
9000 3
9001 0
9002 0
9003 4
9004 0
9005 3
9006 0
9007 4
9008 3
9009 3
9010 3
9011 4
9012 3
9013 3
9014 3
9015 0
9016 4
9017 4
9018 0
9019 3
9020 0
9021 0
9022 3
9023 0
9024 0
9025 4
9026 3
9027 0
9028 3
9029 0
9030 0
9031 4
9032 3
9033 3
9034 0
9035 0
9036 4
9037 0
9038 4
9039 3
9040 0
9041 0
9042 4
9043 4
9044 4
9045 0
9046 4
9047 3
9048 0
9049 4
9050 0
9051 0
9052 4
9053 3
9054 3
9055 3
9056 0
9057 0
9058 3
9059 0
9060 3
9061 0
9062 3
9063 0
9064 3
9065 0
9066 0
9067 4
9068 0
9069 4
9070 3
9071 4
9072 3
9073 0
9074 0
9075 0
9076 0
9077 3
9078 3
9079 4
9080 0
9081 3
9082 0
9083 3
9084 3
9085 0
9086 0
9087 3
9088 0
9089 4
9090 4
9091 4
9092 4
9093 0
9094 0
9095 0
9096 0
9097 0
9098 0
9099 3
9100 3
9101 4
9102 0
9103 0
9104 0
9105 3
9106 3
9107 0
9108 0
9109 3
9110 0
9111 0
9112 0
9113 0
9114 4
9115 3
9116 0
9117 3
9118 3
9119 4
9120 3
9121 3
9122 3
9123 4
9124 0
9125 4
9126 3
9127 3
9128 3
9129 4
9130 4
9131 3
9132 4
9133 4
9134 4
9135 0
9136 4
9137 3
9138 4
9139 3
9140 4
9141 0
9142 0
9143 3
9144 0
9145 0
9146 3
9147 4
9148 3
9149 0
9150 0
9151 3
9152 3
9153 3
9154 3
9155 3
9156 0
9157 0
9158 0
9159 3
9160 3
9161 4
9162 3
9163 3
9164 4
9165 3
9166 0
9167 4
9168 0
9169 0
9170 3
9171 0
9172 0
9173 0
9174 0
9175 3
9176 0
9177 0
9178 4
9179 4
9180 3
9181 3
9182 0
9183 0
9184 0
9185 0
9186 0
9187 0
9188 4
9189 0
9190 4
9191 0
9192 0
9193 3
9194 0
9195 3
9196 4
9197 4
9198 0
9199 0
9200 4
9201 0
9202 3
9203 4
9204 3
9205 0
9206 0
9207 0
9208 3
9209 0
9210 0
9211 4
9212 3
9213 0
9214 3
9215 4
9216 0
9217 0
9218 3
9219 0
9220 0
9221 3
9222 4
9223 3
9224 3
9225 4
9226 3
9227 0
9228 0
9229 4
9230 0
9231 4
9232 0
9233 4
9234 0
9235 3
9236 3
9237 3
9238 0
9239 3
9240 0
9241 4
9242 0
9243 3
9244 0
9245 0
9246 4
9247 3
9248 0
9249 0
9250 4
9251 4
9252 0
9253 0
9254 4
9255 0
9256 3
9257 3
9258 4
9259 0
9260 0
9261 3
9262 4
9263 0
9264 0
9265 0
9266 0
9267 0
9268 0
9269 0
9270 4
9271 0
9272 4
9273 0
9274 4
9275 3
9276 0
9277 0
9278 0
9279 4
9280 0
9281 0
9282 4
9283 0
9284 0
9285 3
9286 0
9287 0
9288 4
9289 0
9290 0
9291 4
9292 3
9293 3
9294 0
9295 4
9296 3
9297 4
9298 3
9299 0
9300 0
9301 3
9302 3
9303 3
9304 4
9305 4
9306 4
9307 4
9308 3
9309 0
9310 0
9311 0
9312 3
9313 0
9314 0
9315 0
9316 0
9317 4
9318 4
9319 4
9320 4
9321 4
9322 0
9323 0
9324 0
9325 0
9326 0
9327 0
9328 0
9329 3
9330 4
9331 3
9332 4
9333 3
9334 0
9335 0
9336 0
9337 3
9338 3
9339 0
9340 4
9341 0
9342 3
9343 4
9344 4
9345 0
9346 0
9347 4
9348 0
9349 3
9350 0
9351 0
9352 0
9353 0
9354 3
9355 0
9356 4
9357 0
9358 4
9359 3
9360 0
9361 3
9362 0
9363 0
9364 0
9365 0
9366 4
9367 0
9368 4
9369 0
9370 3
9371 4
9372 0
9373 4
9374 4
9375 0
9376 3
9377 0
9378 3
9379 0
9380 3
9381 3
9382 0
9383 0
9384 0
9385 4
9386 0
9387 3
9388 4
9389 0
9390 4
9391 4
9392 0
9393 0
9394 0
9395 4
9396 0
9397 4
9398 0
9399 4
9400 3
9401 4
9402 0
9403 0
9404 0
9405 4
9406 4
9407 3
9408 4
9409 0
9410 0
9411 3
9412 0
9413 3
9414 4
9415 0
9416 3
9417 0
9418 0
9419 3
9420 0
9421 3
9422 0
9423 4
9424 0
9425 0
9426 0
9427 3
9428 0
9429 4
9430 3
9431 4
9432 0
9433 4
9434 4
9435 3
9436 4
9437 3
9438 0
9439 3
9440 0
9441 3
9442 4
9443 3
9444 4
9445 0
9446 0
9447 4
9448 0
9449 0
9450 4
9451 4
9452 0
9453 4
9454 0
9455 0
9456 3
9457 4
9458 0
9459 4
9460 3
9461 0
9462 0
9463 0
9464 0
9465 0
9466 0
9467 4
9468 0
9469 0
9470 0
9471 0
9472 0
9473 0
9474 3
9475 3
9476 3
9477 0
9478 0
9479 0
9480 4
9481 4
9482 4
9483 4
9484 4
9485 0
9486 4
9487 0
9488 0
9489 3
9490 0
9491 0
9492 3
9493 0
9494 4
9495 4
9496 0
9497 3
9498 0
9499 0
9500 4
9501 3
9502 4
9503 3
9504 3
9505 3
9506 0
9507 0
9508 0
9509 0
9510 0
9511 0
9512 0
9513 3
9514 0
9515 3
9516 3
9517 4
9518 3
9519 0
9520 3
9521 3
9522 0
9523 3
9524 0
9525 0
9526 0
9527 0
9528 0
9529 0
9530 0
9531 4
9532 3
9533 4
9534 0
9535 0
9536 0
9537 3
9538 0
9539 0
9540 4
9541 0
9542 4
9543 3
9544 3
9545 3
9546 0
9547 4
9548 0
9549 0
9550 0
9551 0
9552 4
9553 4
9554 0
9555 3
9556 4
9557 0
9558 0
9559 3
9560 3
9561 4
9562 3
9563 3
9564 3
9565 3
9566 0
9567 4
9568 3
9569 0
9570 0
9571 4
9572 3
9573 3
9574 4
9575 0
9576 4
9577 0
9578 0
9579 3
9580 3
9581 0
9582 0
9583 4
9584 3
9585 0
9586 0
9587 0
9588 0
9589 0
9590 0
9591 3
9592 3
9593 4
9594 4
9595 3
9596 4
9597 0
9598 0
9599 0
9600 3
9601 3
9602 0
9603 0
9604 0
9605 0
9606 0
9607 0
9608 3
9609 4
9610 3
9611 0
9612 0
9613 3
9614 3
9615 0
9616 0
9617 0
9618 0
9619 0
9620 0
9621 0
9622 0
9623 4
9624 4
9625 4
9626 4
9627 4
9628 0
9629 3
9630 0
9631 0
9632 4
9633 3
9634 3
9635 3
9636 4
9637 4
9638 3
9639 3
9640 0
9641 0
9642 3
9643 4
9644 3
9645 3
9646 0
9647 0
9648 4
9649 0
9650 3
9651 0
9652 4
9653 0
9654 0
9655 4
9656 0
9657 3
9658 3
9659 0
9660 0
9661 4
9662 0
9663 0
9664 3
9665 3
9666 3
9667 0
9668 0
9669 0
9670 3
9671 4
9672 3
9673 0
9674 4
9675 0
9676 0
9677 4
9678 3
9679 0
9680 0
9681 4
9682 0
9683 0
9684 0
9685 3
9686 3
9687 3
9688 3
9689 3
9690 3
9691 0
9692 0
9693 0
9694 3
9695 3
9696 0
9697 3
9698 3
9699 0
9700 4
9701 3
9702 0
9703 3
9704 3
9705 3
9706 4
9707 0
9708 0
9709 0
9710 0
9711 0
9712 4
9713 0
9714 4
9715 3
9716 0
9717 0
9718 3
9719 3
9720 0
9721 0
9722 3
9723 4
9724 4
9725 3
9726 4
9727 3
9728 3
9729 4
9730 0
9731 4
9732 4
9733 3
9734 4
9735 4
9736 0
9737 3
9738 0
9739 0
9740 4
9741 0
9742 3
9743 3
9744 3
9745 3
9746 4
9747 0
9748 0
9749 4
9750 0
9751 0
9752 0
9753 3
9754 3
9755 0
9756 4
9757 0
9758 3
9759 3
9760 0
9761 3
9762 4
9763 0
9764 4
9765 4
9766 0
9767 3
9768 3
9769 4
9770 4
9771 0
9772 0
9773 0
9774 0
9775 0
9776 0
9777 3
9778 4
9779 4
9780 3
9781 0
9782 3
9783 4
9784 3
9785 3
9786 3
9787 3
9788 0
9789 3
9790 0
9791 0
9792 0
9793 4
9794 3
9795 3
9796 0
9797 3
9798 3
9799 0
9800 4
9801 0
9802 3
9803 3
9804 0
9805 0
9806 4
9807 3
9808 4
9809 3
9810 4
9811 0
9812 0
9813 4
9814 3
9815 0
9816 3
9817 0
9818 3
9819 3
9820 0
9821 4
9822 4
9823 3
9824 0
9825 3
9826 4
9827 0
9828 3
9829 4
9830 3
9831 4
9832 0
9833 0
9834 3
9835 0
9836 0
9837 0
9838 3
9839 0
9840 3
9841 3
9842 0
9843 4
9844 0
9845 3
9846 0
9847 0
9848 0
9849 3
9850 3
9851 4
9852 3
9853 3
9854 3
9855 0
9856 3
9857 0
9858 4
9859 3
9860 0
9861 0
9862 0
9863 3
9864 3
9865 4
9866 0
9867 3
9868 4
9869 3
9870 3
9871 3
9872 4
9873 0
9874 3
9875 0
9876 3
9877 0
9878 3
9879 3
9880 0
9881 0
9882 0
9883 0
9884 0
9885 3
9886 3
9887 0
9888 0
9889 4
9890 4
9891 0
9892 3
9893 3
9894 0
9895 0
9896 0
9897 0
9898 0
9899 3
9900 4
9901 0
9902 0
9903 0
9904 3
9905 0
9906 4
9907 0
9908 3
9909 0
9910 0
9911 3
9912 3
9913 4
9914 3
9915 3
9916 3
9917 3
9918 3
9919 0
9920 4
9921 0
9922 0
9923 0
9924 3
9925 0
9926 3
9927 0
9928 0
9929 0
9930 0
9931 0
9932 0
9933 0
9934 0
9935 0
9936 0
9937 0
9938 4
9939 0
9940 0
9941 0
9942 0
9943 0
9944 0
9945 0
9946 0
9947 0
9948 0
9949 4
9950 0
9951 0
9952 0
9953 0
9954 0
9955 0
9956 0
9957 0
9958 0
9959 0
9960 0
9961 0
9962 0
9963 0
9964 0
9965 0
9966 0
9967 4
9968 0
9969 0
9970 0
9971 0
9972 0
9973 4
9974 0
9975 0
9976 0
9977 0
9978 0
9979 0
9980 0
9981 0
9982 0
9983 0
9984 0
9985 0
9986 0
9987 0
9988 0
9989 0
9990 0
9991 0
9992 0
9993 0
9994 0
9995 0
9996 0
9997 0
9998 0
9999 0
10000 0
10001 0
10002 0
10003 0
10004 0
10005 0
10006 0
10007 0
10008 0
10009 0
10010 0
10011 0
10012 0
10013 0
10014 0
10015 0
10016 0
10017 0
10018 0
10019 0
10020 0
10021 0
10022 0
10023 0
10024 0
10025 0
10026 0
10027 0
10028 0
10029 0
10030 0
10031 0
10032 0
10033 0
10034 0
10035 0
10036 0
10037 0
10038 0
10039 0
10040 0
10041 0
10042 0
10043 0
10044 0
10045 0
10046 0
10047 0
10048 0
10049 0
10050 0
10051 0
10052 0
10053 0
10054 0
10055 0
10056 0
10057 0
10058 0
10059 0
10060 0
10061 0
10062 0
10063 0
10064 0
10065 0
10066 0
10067 0
10068 0
10069 0
10070 0
10071 0
10072 0
10073 0
10074 0
10075 0
10076 0
10077 0
10078 0
10079 0
10080 0
10081 0
10082 0
10083 0
10084 0
10085 0
10086 0
10087 0
10088 0
10089 0
10090 0
10091 0
10092 0
10093 0
10094 0
10095 0
10096 0
10097 0
10098 0
10099 0
10100 0
10101 0
10102 0
10103 0
10104 0
10105 0
10106 0
10107 0
10108 0
10109 0
10110 0
10111 0
10112 0
10113 0
10114 0
10115 0
10116 0
10117 0
10118 0
10119 0
10120 0
10121 4
10122 0
10123 0
10124 0
10125 0
10126 0
10127 0
10128 0
10129 0
10130 0
10131 0
10132 0
10133 0
10134 0
10135 0
10136 0
10137 0
10138 0
10139 4
10140 0
10141 0
10142 0
10143 0
10144 0
10145 0
10146 0
10147 0
10148 0
10149 0
10150 0
10151 0
10152 0
10153 4
10154 0
10155 0
10156 0
10157 0
10158 0
10159 0
10160 0
10161 0
10162 0
10163 0
10164 0
10165 0
10166 0
10167 0
10168 0
10169 0
10170 0
10171 0
10172 0
10173 0
10174 0
10175 0
10176 0
10177 0
10178 0
10179 0
10180 0
10181 0
10182 0
10183 0
10184 0
10185 0
10186 0
10187 0
10188 0
10189 0
10190 0
10191 0
10192 0
10193 0
10194 0
10195 0
10196 0
10197 0
10198 0
10199 0
10200 0
10201 0
10202 0
10203 0
10204 0
10205 0
10206 0
10207 0
10208 0
10209 0
10210 4
10211 0
10212 0
10213 0
10214 0
10215 0
10216 0
10217 0
10218 0
10219 0
10220 0
10221 0
10222 0
10223 0
10224 0
10225 0
10226 0
10227 0
10228 3
10229 0
10230 0
10231 0
10232 0
10233 0
10234 0
10235 0
10236 0
10237 0
10238 0
10239 0
10240 0
10241 0
10242 0
10243 0
10244 0
10245 0
10246 0
10247 0
10248 0
10249 0
10250 0
10251 0
10252 0
10253 0
10254 0
10255 0
10256 0
10257 0
10258 0
10259 0
10260 0
10261 0
10262 0
10263 0
10264 0
10265 0
10266 0
10267 0
10268 0
10269 0
10270 0
10271 0
10272 0
10273 0
10274 0
10275 0
10276 0
10277 0
10278 0
10279 0
10280 0
10281 0
10282 0
10283 0
10284 0
10285 0
10286 0
10287 0
10288 0
10289 0
10290 0
10291 0
10292 0
10293 0
10294 0
10295 0
10296 0
10297 0
10298 0
10299 0
10300 0
10301 0
10302 0
10303 0
10304 0
10305 0
10306 0
10307 0
10308 0
10309 0
10310 0
10311 0
10312 0
10313 0
10314 0
10315 0
10316 0
10317 0
10318 0
10319 0
10320 0
10321 0
10322 0
10323 0
10324 0
10325 0
10326 0
10327 0
10328 0
10329 0
10330 0
10331 0
10332 0
10333 0
10334 0
10335 0
10336 0
10337 0
10338 0
10339 0
10340 0
10341 0
10342 0
10343 0
10344 0
10345 0
10346 0
10347 0
10348 0
10349 0
10350 0
10351 0
10352 4
10353 0
10354 0
10355 0
10356 0
10357 0
10358 0
10359 0
10360 0
10361 0
10362 0
10363 0
10364 0
10365 0
10366 0
10367 0
10368 0
10369 0
10370 0
10371 0
10372 0
10373 0
10374 0
10375 0
10376 0
10377 0
10378 0
10379 0
10380 0
10381 0
10382 0
10383 0
10384 0
10385 0
10386 0
10387 0
10388 0
10389 0
10390 0
10391 0
10392 0
10393 0
10394 0
10395 0
10396 0
10397 0
10398 0
10399 0
10400 0
10401 0
10402 0
10403 0
10404 0
10405 0
10406 0
10407 0
10408 0
10409 0
10410 0
10411 0
10412 0
10413 0
10414 4
10415 0
10416 0
10417 0
10418 0
10419 0
10420 0
10421 0
10422 0
10423 0
10424 0
10425 0
10426 0
10427 0
10428 0
10429 0
10430 0
10431 0
10432 0
10433 0
10434 0
10435 0
10436 0
10437 0
10438 0
10439 0
10440 0
10441 0
10442 0
10443 0
10444 0
10445 0
10446 0
10447 0
10448 0
10449 0
10450 0
10451 0
10452 0
10453 0
10454 0
10455 0
10456 0
10457 0
10458 0
10459 0
10460 0
10461 0
10462 0
10463 0
10464 0
10465 0
10466 0
10467 0
10468 0
10469 0
10470 0
10471 0
10472 0
10473 0
10474 0
10475 0
10476 0
10477 0
10478 0
10479 0
10480 0
10481 0
10482 0
10483 0
10484 0
10485 4
10486 0
10487 0
10488 0
10489 0
10490 0
10491 0
10492 0
10493 0
10494 0
10495 0
10496 0
10497 0
10498 0
10499 0
10500 0
10501 0
10502 0
10503 0
10504 0
10505 0
10506 0
10507 0
10508 0
10509 0
10510 0
10511 0
10512 0
10513 0
10514 0
10515 0
10516 0
10517 0
10518 0
10519 0
10520 0
10521 0
10522 0
10523 4
10524 0
10525 0
10526 0
10527 0
10528 0
10529 0
10530 0
10531 0
10532 0
10533 0
10534 0
10535 0
10536 0
10537 0
10538 0
10539 0
10540 0
10541 0
10542 0
10543 0
10544 0
10545 0
10546 0
10547 0
10548 0
10549 0
10550 0
10551 0
10552 0
10553 0
10554 0
10555 0
10556 0
10557 0
10558 0
10559 0
10560 0
10561 0
10562 0
10563 0
10564 0
10565 0
10566 0
10567 0
10568 0
10569 0
10570 0
10571 0
10572 0
10573 0
10574 0
10575 0
10576 0
10577 0
10578 0
10579 0
10580 0
10581 0
10582 0
10583 0
10584 3
10585 0
10586 0
10587 0
10588 0
10589 0
10590 0
10591 0
10592 0
10593 0
10594 0
10595 0
10596 0
10597 0
10598 4
10599 0
10600 0
10601 0
10602 0
10603 0
10604 0
10605 0
10606 0
10607 0
10608 0
10609 0
10610 0
10611 0
10612 0
10613 4
10614 0
10615 0
10616 3
10617 0
10618 0
10619 0
10620 0
10621 0
10622 0
10623 0
10624 0
10625 0
10626 0
10627 0
10628 0
10629 0
10630 0
10631 0
10632 0
10633 0
10634 0
10635 0
10636 0
10637 0
10638 0
10639 0
10640 0
10641 0
10642 0
10643 0
10644 0
10645 0
10646 0
10647 0
10648 0
10649 0
10650 0
10651 0
10652 0
10653 0
10654 0
10655 0
10656 0
10657 0
10658 0
10659 0
10660 0
10661 0
10662 0
10663 0
10664 0
10665 0
10666 0
10667 0
10668 0
10669 0
